 Describe the bug The result structure of getText method is different on Firefox and Chrome Session and status fields are missing on firefox A clear and concise description of what the bug is how to reproduce it and what the expected behaviour is Please make sure to format the code samples verbose output configuration and other inline debug information use the Preview functionality Check out the GitHub Markdown guide Sample test Include a sample test which reproduces the problem youre experiencing If possible the test should be against a public url Please add the test and other info inline not as attachements or screenshosts detailssummarysampleTestjssummaryp browsers demand the next line be empty js Please add the sample test here moduleexports sampleTest functionbrowser browsergetTextselector functionresult consollogresult pdetails Run with command Include the command used to run the test if applicable sh nightwatch testsampleTestjs yourotherargumentshere Verbose output detailssummarydebuglogsummaryp browsers demand the next line be empty Chrome sessionId eff e e de bbdfa a e status value Total Firefox value Total pdetails Configuration detailssummarynightwatchjsonsummaryp browsers demand the next line be empty Please paste your nightwatchjson or nightwatchconfjs here make sure to leave out any sensitive details js Autogenerated by Nightwatch Refer to the online docs for more details const Services loadServices moduleexports An array of folders excluding subfolders where your tests are located if this is not specified the test source must be passed as the second argument to the test runner srcfolders tests See pageobjectspath testsnightwatchpages See customcommandspath nodemodulesnightwatchcommands See customassertionspath See globalspath globalsglobalsModulejs webdriver startprocess true testsettings firefox screenshots enabled true path screens onfailure true desiredCapabilities browserName firefox alwaysMatch Enable this if you encounter unexpected SSL certificate errors in Firefox acceptInsecureCerts true mozfirefoxOptions args headless verbose webdriver port serverpath Servicesgeckodriver Servicesgeckodriverpath cliargs very verbose geckodriver logs vv firefoxcli screenshots enabled true path screens onfailure true desiredCapabilities browserName firefox alwaysMatch Enable this if you encounter unexpected SSL certificate errors in Firefox acceptInsecureCerts true mozfirefoxOptions args headless verbose webdriver port serverpath Servicesgeckodriver Servicesgeckodriverpath cliargs very verbose geckodriver logs vv chrome screenshots enabled true path screens onfailure true desiredCapabilities browserName chrome chromeOptions This tells Chromedriver to run using the legacy JSONWire protocol not required in Chrome w c false More info on Chromedriver args nosandbox ignorecertificateerrors allowinsecurelocalhost headless webdriver port serverpath Serviceschromedriver Serviceschromedriverpath cliargs verbose chromecli screenshots enabled true path screens onfailure true desiredCapabilities browserName chrome chromeOptions This tells Chromedriver to run using the legacy JSONWire protocol not required in Chrome w c false More info on Chromedriver args nosandbox ignorecertificateerrors allowinsecurelocalhost headless webdriver port serverpath Serviceschromedriver Serviceschromedriverpath cliargs verbose Configuration for when using the browserstackcom cloud service Please set the username and access key by setting the environment variables BROWSERSTACKUSER BROWSERSTACKKEY env files are supported browserstack selenium host hubcloudbrowserstackcom port More info on configuring capabilities can be found on desiredCapabilities bstackoptions local false userName BROWSERSTACKUSER accessKey BROWSERSTACKKEY disableerrorlog true webdriver keepalive true startprocess false browserstackchrome extends browserstack desiredCapabilities browserName chrome chromeOptions This tells Chromedriver to run using the legacy JSONWire protocol More info on Chromedriver w c false browserstackfirefox extends browserstack desiredCapabilities browserName firefox browserstackie extends browserstack desiredCapabilities browserName IE browserVersion bstackoptions os Windows osVersion local false seleniumVersion resolution x Configuration for when using the Selenium service either locally or remote like Selenium Grid selenium Selenium Server is running locally and is managed by Nightwatch selenium startprocess true port serverpath ServicesseleniumServer ServicesseleniumServerpath cliargs webdrivergeckodriver Servicesgeckodriver Servicesgeckodriverpath webdriverchromedriver Serviceschromedriver Serviceschromedriverpath seleniumchrome extends selenium desiredCapabilities browserName chrome chromeOptions w c false seleniumfirefox extends selenium desiredCapabilities browserName firefox mozfirefoxOptions args headless verbose function loadServices try ServicesseleniumServer requireseleniumserver catch err try Serviceschromedriver requirechromedriver catch err try Servicesgeckodriver requiregeckodriver catch err pdetails Your Environment Include the relevant details your environment Executable Version nightwatch version npm version node version v Browser driver Version NAME VERSION chromedriver geckodriver v For example OS Version NAME VERSION Windows For example macOS Sierra Windows Ubuntu Describe the bug If NW is started with browsers env chromefirefox it hangs when custom command fetches URL for JSON file if netERRNAMENOTRESOLVED encounters If NW is started with one browser only eg env chrome the NW goes back to command prompt at fail but doesnt close browser after hook with browserend doesnt help If server where JSON is typically served is working all is fine Test folder contains tests each test file calls this command for getting JSON if we remove this command call from all test files except one then no hangup happens even if browser are used simultaneously Sample test Include a sample test which reproduces the problem youre experiencing If possible the test should be against a public url Please add the test and other info inline not as attachements or screenshosts detailssummarysampleTestjssummaryp browsers demand the next line be empty js custom command var util requireutil var events requireevents var fetch requirenodefetch function getJSON utilinheritsgetJSON eventsEventEmitter getJSONprototypecommand function apiUrl success thisclientapiexecute function return windowsessionStoragegetItemaccesstoken item let headers ContentType applicationjson if itemvalue null headers Authorization Bearer itemvalue fetchapiUrl method GET headers thenres restext thenres JSONparserestrim thenresponse successresponse thisemitcomplete catcherr thisemitcomplete throw err moduleexports getJSON part of test var login requireloginjs let collapseSection moduleexports LogIn loginLogIn Get BackEnd JSON data login Get BackEnd JSON data hangs here Check if Collapse button is displayed with correct screen size function browser headerPageObject browserpageheaderPage collapseSection headerPageObjectsectionCOLLAPSEBUTTON browser setWindowSize verifynotvisiblecollapseSectionselector setWindowSize verifyvisiblecollapseSectionselector Check if Collapse button opens menu with correct Items function browser let topBarCollapseSelector collapseSectionelementsTOPBARCOLLAPSE browserclickcollapseSectionselector browserverifyvisibletopBarCollapseSelector for element in headerPageObjectsection if headerPageObjectsection element propspresentOnPage if headerPageObjectsection element propspresentOnCollapse browserverifyvisibleheaderPageObjectsection element selector pdetails Run with command Include the command used to run the test if applicable sh npm run nightwatch testsnightwatchtests env firefoxchrome url Verbose output detailssummarydebuglogsummaryp browsers demand the next line be empty Starting GeckoDriver on port Starting ChromeDriver on port GeckoDriver up and running on port with pid ms ChromeDriver up and running on port with pid ms Started child process for firefox environment Started child process for chrome environment Running command end Function chrome Failures in Get BackEnd JSON data Taking screenshot chrome Running afterEach chrome Completed afterEach chrome chrome Collapse Button Test Get BackEnd JSON data s chrome FetchError request to failed reason getaddrinfo ENOTFOUND myjsonurl chrome at TLSSocketsocketErrorListener httpclientjs chrome at emitErrorNT internalstreamsdestroyjs chrome at emitErrorAndCloseNT internalstreamsdestroyjs chrome at processtickCallback internalprocessnexttickjs chrome Running after TEST FAILURE errors during execution assertions failed passed s collapseButtonTest Get BackEnd JSON data s FetchError request to failed reason getaddrinfo ENOTFOUND myjsonurl at TLSSocketsocketErrorListener httpclientjs at emitErrorNT internalstreamsdestroyjs at emitErrorAndCloseNT internalstreamsdestroyjs at processtickCallback internalprocessnexttickjs SKIPPED Check if Collapse button is displayed with correct screen size Check if Collapse button opens menu with correct Items Check if Collapse button is dissmissed after screen goes back to fullscreen pdetails Configuration detailssummarynightwatchjsonsummaryp browsers demand the next line be empty Please paste your nightwatchjson or nightwatchconfjs here make sure to leave out any sensitive details js Autogenerated by Nightwatch Refer to the online docs for more details const Services loadServices moduleexports An array of folders excluding subfolders where your tests are located if this is not specified the test source must be passed as the second argument to the test runner srcfolders tests See pageobjectspath testsnightwatchpages See customcommandspath nodemodulesqcnightwatchcommands See customassertionspath See globalspath globalsglobalsModulejs webdriver startprocess true testsettings firefox screenshots enabled true path screens onfailure true desiredCapabilities browserName firefox alwaysMatch Enable this if you encounter unexpected SSL certificate errors in Firefox acceptInsecureCerts true mozfirefoxOptions args headless verbose webdriver port serverpath Servicesgeckodriver Servicesgeckodriverpath cliargs very verbose geckodriver logs vv firefoxcli screenshots enabled true path screens onfailure true desiredCapabilities browserName firefox alwaysMatch Enable this if you encounter unexpected SSL certificate errors in Firefox acceptInsecureCerts true mozfirefoxOptions args headless verbose webdriver port serverpath Servicesgeckodriver Servicesgeckodriverpath cliargs very verbose geckodriver logs vv chrome screenshots enabled true path screens onfailure true desiredCapabilities browserName chrome chromeOptions This tells Chromedriver to run using the legacy JSONWire protocol not required in Chrome w c false More info on Chromedriver args nosandbox ignorecertificateerrors allowinsecurelocalhost headless webdriver port serverpath Serviceschromedriver Serviceschromedriverpath cliargs verbose chromecli screenshots enabled true path screens onfailure true desiredCapabilities browserName chrome chromeOptions This tells Chromedriver to run using the legacy JSONWire protocol not required in Chrome w c false More info on Chromedriver args nosandbox ignorecertificateerrors allowinsecurelocalhost headless webdriver port serverpath Serviceschromedriver Serviceschromedriverpath cliargs verbose Configuration for when using the browserstackcom cloud service Please set the username and access key by setting the environment variables BROWSERSTACKUSER BROWSERSTACKKEY env files are supported browserstack selenium host hubcloudbrowserstackcom port More info on configuring capabilities can be found on desiredCapabilities bstackoptions local false userName BROWSERSTACKUSER accessKey BROWSERSTACKKEY disableerrorlog true webdriver keepalive true startprocess false browserstackchrome extends browserstack desiredCapabilities browserName chrome chromeOptions This tells Chromedriver to run using the legacy JSONWire protocol More info on Chromedriver w c false browserstackfirefox extends browserstack desiredCapabilities browserName firefox browserstackie extends browserstack desiredCapabilities browserName IE browserVersion bstackoptions os Windows osVersion local false seleniumVersion resolution x Configuration for when using the Selenium service either locally or remote like Selenium Grid selenium Selenium Server is running locally and is managed by Nightwatch selenium startprocess true port serverpath ServicesseleniumServer ServicesseleniumServerpath cliargs webdrivergeckodriver Servicesgeckodriver Servicesgeckodriverpath webdriverchromedriver Serviceschromedriver Serviceschromedriverpath seleniumchrome extends selenium desiredCapabilities browserName chrome chromeOptions w c false seleniumfirefox extends selenium desiredCapabilities browserName firefox mozfirefoxOptions args headless verbose function loadServices try ServicesseleniumServer requireseleniumserver catch err try Serviceschromedriver requirechromedriver catch err try Servicesgeckodriver requiregeckodriver catch err pdetails Your Environment Include the relevant details your environment Executable Version nightwatch version npm version node version Browser driver Version NAME VERSION chromedriver geckodriver v System Windows Describe the bug Short description My test is running on BrowserStack A call to waitForElementNotPresent inside a perform call took longer to return from BrowserStack than the perform timeout allowed While running afterEach BrowserStack sends the response to the waitForelementNotPresent call which results in the end command being called twice some internal Nightwatch state gets messed up and the XML for the test isnt created and the test isnt retried appropriately detailssummaryLong Descriptionsummary p My test is running on BrowserStack A call to waitForElementNotPresent inside a perform call took longer to return from BrowserStack than the perform timeout allowed perform timeout is ms BrowserStack sent a response after ms perform call failed as one would expect and Nightwatch began to execute my global afterEach function source of which can be found here In my verbose log the beginning of the afterEach function is on line As part of the afterEach call when a test fails I make several calls to the browser for the page source the browser logs our redux store and the final URL At line of the verbose log you can see the call for the page source You can also see that the next line is the return of the waitForElementNotPresent call from BrowserStack followed by the response with the page source The rest of my calls to the browser to get debugging data appear to go through and then on line the end call begins including capturing the screenshot and deleting the session But on line the afterEach call times out mostly because it was delayed by BrowserStack and then end is called again but the screenshot and delete calls fail and then the test isnt retried Nightwatch also didnt output the XML for the test suitefile but the command failed on the CLI so the Jenkins job failed with no test failures reported which is very undesirable details Sample test I do not have a sample test unfortunately The bug requires an operation on BrowserStack to take a long time Verbose output detailssummarydebuglogsummaryp txt nightwatch env alpha verbose suiteRetries Jan Launching up to concurrent test worker processes obfuscating test names testobfuscatedFailedTestName js testobfuscatedFailedTestName js Jan Request POST wdhubsession testobfuscatedFailedTestName js desiredCapabilities testobfuscatedFailedTestName js browserName chrome testobfuscatedFailedTestName js acceptSslCerts true testobfuscatedFailedTestName js platform ANY testobfuscatedFailedTestName js javascriptEnabled true testobfuscatedFailedTestName js nativeEvents true testobfuscatedFailedTestName js loggingPrefs browser ALL testobfuscatedFailedTestName js chromeOptions w c false testobfuscatedFailedTestName js os Windows testobfuscatedFailedTestName js osversion testobfuscatedFailedTestName js resolution x testobfuscatedFailedTestName js browserversion testobfuscatedFailedTestName js project Alpha regression tests testobfuscatedFailedTestName js build mobilenw testobfuscatedFailedTestName js browserstackuser bla testobfuscatedFailedTestName js browserstackkey bla testobfuscatedFailedTestName js browserstackdebug true testobfuscatedFailedTestName js browserstackconsole verbose testobfuscatedFailedTestName js browserstacknetworkLogs true testobfuscatedFailedTestName js browserstackautoWait testobfuscatedFailedTestName js browserstacklocal true testobfuscatedFailedTestName js browserstacklocalIdentifier testobfuscatedFailedTestName js f de c b cb d bd mobilenwtests testobfuscatedFailedTestName js newCommandTimeout testobfuscatedFailedTestName js name TestObfuscated Test testobfuscatedFailedTestName js Jan Response POST ms testobfuscatedFailedTestName js state null testobfuscatedFailedTestName js sessionId f bdbf f afa b a testobfuscatedFailedTestName js value testobfuscatedFailedTestName js mobileEmulationEnabled false testobfuscatedFailedTestName js timeouts implicit pageLoad script testobfuscatedFailedTestName js hasTouchScreen false testobfuscatedFailedTestName js platform WINDOWS testobfuscatedFailedTestName js acceptSslCerts false testobfuscatedFailedTestName js googchromeOptions debuggerAddress localhost testobfuscatedFailedTestName js acceptInsecureCerts false testobfuscatedFailedTestName js webStorageEnabled true testobfuscatedFailedTestName js browserName chrome testobfuscatedFailedTestName js takesScreenshot true testobfuscatedFailedTestName js javascriptEnabled true testobfuscatedFailedTestName js setWindowRect true testobfuscatedFailedTestName js unexpectedAlertBehaviour ignore testobfuscatedFailedTestName js applicationCacheEnabled false testobfuscatedFailedTestName js rotatable false testobfuscatedFailedTestName js networkConnectionEnabled false testobfuscatedFailedTestName js chrome testobfuscatedFailedTestName js chromedriverVersion testobfuscatedFailedTestName js edb c f de fd a b f cae f d ad refsbranchheads testobfuscatedFailedTestName js userDataDir C Windows proxy scopeddir testobfuscatedFailedTestName js takesHeapSnapshot true testobfuscatedFailedTestName js pageLoadStrategy normal testobfuscatedFailedTestName js strictFileInteractability false testobfuscatedFailedTestName js databaseEnabled false testobfuscatedFailedTestName js handlesAlerts true testobfuscatedFailedTestName js version testobfuscatedFailedTestName js browserConnectionEnabled false testobfuscatedFailedTestName js nativeEvents true testobfuscatedFailedTestName js webdriverremotesessionid f bdbf f afa b a testobfuscatedFailedTestName js locationContextEnabled true testobfuscatedFailedTestName js cssSelectorsEnabled true testobfuscatedFailedTestName js status testobfuscatedFailedTestName js Jan Received session with ID f bdbf f afa b a testobfuscatedFailedTestName js Jan Running before testobfuscatedFailedTestName js Jan Completed before testobfuscatedFailedTestName js Jan Running beforeEach testobfuscatedFailedTestName js Jan Completed beforeEach testobfuscatedFailedTestName js Jan testobfuscatedFailedTestName js Running command setupTest forceTests testobfuscatedFailedTestName js Jan testobfuscatedFailedTestName js Running command resizeWindow testobfuscatedFailedTestName js Jan testobfuscatedFailedTestName js Running command windowSize current Function testobfuscatedFailedTestName js Jan Request POST wdhubsessionf bdbf f afa b a windowcurrentsize testobfuscatedFailedTestName js width height testobfuscatedFailedTestName js Jan Response POST ms testobfuscatedFailedTestName js state success testobfuscatedFailedTestName js sessionId f bdbf f afa b a testobfuscatedFailedTestName js value null testobfuscatedFailedTestName js status testobfuscatedFailedTestName js Jan Completed command windowSize current Function ms testobfuscatedFailedTestName js Jan Completed command resizeWindow ms testobfuscatedFailedTestName js Jan testobfuscatedFailedTestName js Running command url testobfuscatedFailedTestName js Jan Request POST wdhubsessionf bdbf f afa b a url testobfuscatedFailedTestName js url testobfuscatedFailedTestName js Jan Response POST ms testobfuscatedFailedTestName js state success testobfuscatedFailedTestName js sessionId f bdbf f afa b a testobfuscatedFailedTestName js value null testobfuscatedFailedTestName js status testobfuscatedFailedTestName js Jan Completed command url ms testobfuscatedFailedTestName js Jan testobfuscatedFailedTestName js Running command setCookie name value domain path testobfuscatedFailedTestName js Jan testobfuscatedFailedTestName js Running command cookie POST name value domain path Function testobfuscatedFailedTestName js Jan Request POST wdhubsessionf bdbf f afa b a cookie testobfuscatedFailedTestName js cookie testobfuscatedFailedTestName js name obfuscatedCookie testobfuscatedFailedTestName js value testobfuscatedFailedTestName js domain obfuscatedTestDomaincom testobfuscatedFailedTestName js path testobfuscatedFailedTestName js Jan Response POST ms testobfuscatedFailedTestName js state success testobfuscatedFailedTestName js sessionId f bdbf f afa b a testobfuscatedFailedTestName js value null testobfuscatedFailedTestName js status testobfuscatedFailedTestName js Jan Completed command cookie POST name value domain path Function ms testobfuscatedFailedTestName js Jan Completed command setCookie name value domain path ms testobfuscatedFailedTestName js Jan testobfuscatedFailedTestName js Running command deleteCookie othercookie testobfuscatedFailedTestName js Jan testobfuscatedFailedTestName js Running command cookie DELETE othercookie Function testobfuscatedFailedTestName js Jan Request DELETE wdhubsessionf bdbf f afa b a cookieothercookie testobfuscatedFailedTestName js Jan Response DELETE ms testobfuscatedFailedTestName js state success testobfuscatedFailedTestName js sessionId f bdbf f afa b a testobfuscatedFailedTestName js value null testobfuscatedFailedTestName js status testobfuscatedFailedTestName js Jan Completed command cookie DELETE othercookie Function ms testobfuscatedFailedTestName js Jan Completed command deleteCookie othercookie ms testobfuscatedFailedTestName js Jan testobfuscatedFailedTestName js Running command deleteCookie othercookiedev testobfuscatedFailedTestName js Jan testobfuscatedFailedTestName js Running command cookie DELETE othercookiedev Function testobfuscatedFailedTestName js Jan Request DELETE wdhubsessionf bdbf f afa b a cookieothercookiedev testobfuscatedFailedTestName js Jan Response DELETE ms testobfuscatedFailedTestName js state success testobfuscatedFailedTestName js sessionId f bdbf f afa b a testobfuscatedFailedTestName js value null testobfuscatedFailedTestName js status testobfuscatedFailedTestName js Jan Completed command cookie DELETE othercookiedev Function ms testobfuscatedFailedTestName js Jan Completed command deleteCookie othercookiedev ms testobfuscatedFailedTestName js Jan testobfuscatedFailedTestName js Running command perform Function testobfuscatedFailedTestName js Jan testobfuscatedFailedTestName js Running command setCookie name value domain path testobfuscatedFailedTestName js Jan testobfuscatedFailedTestName js Running command cookie POST name value domain path Function testobfuscatedFailedTestName js Jan Request POST wdhubsessionf bdbf f afa b a cookie testobfuscatedFailedTestName js cookie testobfuscatedFailedTestName js name othercookie testobfuscatedFailedTestName js value testobfuscatedFailedTestName js ChUI vrkufotEPRpmiNxjWuS i SDAoEbXBscxAAGAcgARILCgNtY gQABgJIAESCwoDZ JtEAAYDyABEgwKBDZtY gQABgHIAESCwoDc FkEAAYBSABEgsKA RhZBAAGAMgARIMCgRzcGFtEAAYCSABEgwKBG vcGUQABgBIAESDAoEY wcxAAGAIgARIMCgRkYWRpEAAYASAB testobfuscatedFailedTestName js domain obfuscatedTestDomaincom testobfuscatedFailedTestName js path testobfuscatedFailedTestName js Jan Response POST ms testobfuscatedFailedTestName js state success testobfuscatedFailedTestName js sessionId f bdbf f afa b a testobfuscatedFailedTestName js value null testobfuscatedFailedTestName js status testobfuscatedFailedTestName js Jan Completed command cookie POST name value domain path Function ms testobfuscatedFailedTestName js Jan Completed command setCookie name value domain path ms testobfuscatedFailedTestName js Jan testobfuscatedFailedTestName js Running command setCookie name value domain path Function testobfuscatedFailedTestName js Jan testobfuscatedFailedTestName js Running command cookie POST name value domain path Function testobfuscatedFailedTestName js Jan Request POST wdhubsessionf bdbf f afa b a cookie testobfuscatedFailedTestName js cookie testobfuscatedFailedTestName js name othercookiedev testobfuscatedFailedTestName js value testobfuscatedFailedTestName js ChUI vrkufotEPRpmiNxjWuS i SDAoEbXBscxAAGAcgARILCgNtY gQABgJIAESCwoDZ JtEAAYDyABEgwKBDZtY gQABgHIAESCwoDc FkEAAYBSABEgsKA RhZBAAGAMgARIMCgRzcGFtEAAYCSABEgwKBG vcGUQABgBIAESDAoEY wcxAAGAIgARIMCgRkYWRpEAAYASAB testobfuscatedFailedTestName js domain obfuscatedTestDomaincom testobfuscatedFailedTestName js path testobfuscatedFailedTestName js Jan Response POST ms testobfuscatedFailedTestName js state success testobfuscatedFailedTestName js sessionId f bdbf f afa b a testobfuscatedFailedTestName js value null testobfuscatedFailedTestName js status testobfuscatedFailedTestName js Jan Completed command perform Function ms testobfuscatedFailedTestName js Jan Completed command cookie POST name value domain path Function ms testobfuscatedFailedTestName js Jan Completed command setCookie name value domain path Function ms testobfuscatedFailedTestName js Jan testobfuscatedFailedTestName js Running command setCookie name value domain path testobfuscatedFailedTestName js Jan testobfuscatedFailedTestName js Running command cookie POST name value domain path Function testobfuscatedFailedTestName js Jan Request POST wdhubsessionf bdbf f afa b a cookie testobfuscatedFailedTestName js cookie testobfuscatedFailedTestName js name obfuscate testobfuscatedFailedTestName js value true testobfuscatedFailedTestName js domain obfuscatedTestDomaincom testobfuscatedFailedTestName js path testobfuscatedFailedTestName js Jan Response POST ms testobfuscatedFailedTestName js state success testobfuscatedFailedTestName js sessionId f bdbf f afa b a testobfuscatedFailedTestName js value null testobfuscatedFailedTestName js status testobfuscatedFailedTestName js Jan Completed command cookie POST name value domain path Function ms testobfuscatedFailedTestName js Jan Completed command setCookie name value domain path ms testobfuscatedFailedTestName js Jan testobfuscatedFailedTestName js Running command setCookie name value domain path testobfuscatedFailedTestName js Jan testobfuscatedFailedTestName js Running command cookie POST name value domain path Function testobfuscatedFailedTestName js Jan Request POST wdhubsessionf bdbf f afa b a cookie testobfuscatedFailedTestName js cookie testobfuscatedFailedTestName js name hideBranchAd testobfuscatedFailedTestName js value testobfuscatedFailedTestName js domain obfuscatedTestDomaincom testobfuscatedFailedTestName js path testobfuscatedFailedTestName js Jan Response POST ms testobfuscatedFailedTestName js state success testobfuscatedFailedTestName js sessionId f bdbf f afa b a testobfuscatedFailedTestName js value null testobfuscatedFailedTestName js status testobfuscatedFailedTestName js Jan Completed command cookie POST name value domain path Function ms testobfuscatedFailedTestName js Jan Completed command setCookie name value domain path ms testobfuscatedFailedTestName js Jan testobfuscatedFailedTestName js Running command setCookie name value domain path testobfuscatedFailedTestName js Jan testobfuscatedFailedTestName js Running command cookie POST name value domain path Function testobfuscatedFailedTestName js Jan Request POST wdhubsessionf bdbf f afa b a cookie testobfuscatedFailedTestName js cookie name clac value domain obfuscatedTestDomaincom path testobfuscatedFailedTestName js Jan Response POST ms testobfuscatedFailedTestName js state success testobfuscatedFailedTestName js sessionId f bdbf f afa b a testobfuscatedFailedTestName js value null testobfuscatedFailedTestName js status testobfuscatedFailedTestName js Jan Completed command cookie POST name value domain path Function ms testobfuscatedFailedTestName js Jan Completed command setCookie name value domain path ms testobfuscatedFailedTestName js Jan Completed command setupTest forceTests ms testobfuscatedFailedTestName js Jan testobfuscatedFailedTestName js Running command mobileLogin chk Function testobfuscatedFailedTestName js Jan testobfuscatedFailedTestName js Running command url testobfuscatedFailedTestName js Jan Request POST wdhubsessionf bdbf f afa b a url testobfuscatedFailedTestName js url testobfuscatedFailedTestName js Jan Response POST ms testobfuscatedFailedTestName js state success testobfuscatedFailedTestName js sessionId f bdbf f afa b a testobfuscatedFailedTestName js value null testobfuscatedFailedTestName js status testobfuscatedFailedTestName js Jan Completed command url ms testobfuscatedFailedTestName js Jan testobfuscatedFailedTestName js Running command waitForElementVisible name index selector locateStrategy pseudoSelector parent resolvedElement abortOnFailure suppressNotFoundErrors timeout retryInterval message testobfuscatedFailedTestName js Jan Request POST wdhubsessionf bdbf f afa b a elements testobfuscatedFailedTestName js using css selector value apemail testobfuscatedFailedTestName js Jan Response POST ms testobfuscatedFailedTestName js state success testobfuscatedFailedTestName js sessionId f bdbf f afa b a testobfuscatedFailedTestName js value ELEMENT testobfuscatedFailedTestName js status testobfuscatedFailedTestName js Jan Request GET wdhubsessionf bdbf f afa b a element displayed testobfuscatedFailedTestName js Jan Response GET ms testobfuscatedFailedTestName js state success testobfuscatedFailedTestName js sessionId f bdbf f afa b a testobfuscatedFailedTestName js value true testobfuscatedFailedTestName js status testobfuscatedFailedTestName js Jan Completed command waitForElementVisible name index selector locateStrategy pseudoSelector parent resolvedElement abortOnFailure suppressNotFoundErrors timeout retryInterval message ms testobfuscatedFailedTestName js Jan testobfuscatedFailedTestName js Running command clearValue name index selector locateStrategy pseudoSelector parent resolvedElement abortOnFailure suppressNotFoundErrors timeout retryInterval message testobfuscatedFailedTestName js Jan Request POST wdhubsessionf bdbf f afa b a elements testobfuscatedFailedTestName js using css selector value apemail testobfuscatedFailedTestName js Jan Response POST ms testobfuscatedFailedTestName js state success testobfuscatedFailedTestName js sessionId f bdbf f afa b a testobfuscatedFailedTestName js value ELEMENT testobfuscatedFailedTestName js status testobfuscatedFailedTestName js Jan Request POST wdhubsessionf bdbf f afa b a element clear testobfuscatedFailedTestName js testobfuscatedFailedTestName js Jan Response POST ms testobfuscatedFailedTestName js state success testobfuscatedFailedTestName js sessionId f bdbf f afa b a testobfuscatedFailedTestName js value null testobfuscatedFailedTestName js status testobfuscatedFailedTestName js Jan Completed command clearValue name index selector locateStrategy pseudoSelector parent resolvedElement abortOnFailure suppressNotFoundErrors timeout retryInterval message ms testobfuscatedFailedTestName js Jan testobfuscatedFailedTestName js Running command setValue name index selector locateStrategy pseudoSelector parent resolvedElement abortOnFailure suppressNotFoundErrors timeout retryInterval message testobfuscatedFailedTestName js Jan Request POST wdhubsessionf bdbf f afa b a elements testobfuscatedFailedTestName js using css selector value apemail testobfuscatedFailedTestName js Jan Response POST ms testobfuscatedFailedTestName js state success testobfuscatedFailedTestName js sessionId f bdbf f afa b a testobfuscatedFailedTestName js value ELEMENT testobfuscatedFailedTestName js status testobfuscatedFailedTestName js Jan Request POST wdhubsessionf bdbf f afa b a element value testobfuscatedFailedTestName js value testobfuscatedFailedTestName js testobfuscatedFailedTestName js Jan Response POST ms testobfuscatedFailedTestName js state success testobfuscatedFailedTestName js sessionId f bdbf f afa b a testobfuscatedFailedTestName js value null testobfuscatedFailedTestName js status testobfuscatedFailedTestName js Jan Completed command setValue name index selector locateStrategy pseudoSelector parent resolvedElement abortOnFailure suppressNotFoundErrors timeout retryInterval message ms testobfuscatedFailedTestName js Jan testobfuscatedFailedTestName js Running command clearValue name index selector locateStrategy pseudoSelector parent resolvedElement abortOnFailure suppressNotFoundErrors timeout retryInterval message testobfuscatedFailedTestName js Jan Request POST wdhubsessionf bdbf f afa b a elements testobfuscatedFailedTestName js using css selector value appassword testobfuscatedFailedTestName js Jan Response POST ms testobfuscatedFailedTestName js state success testobfuscatedFailedTestName js sessionId f bdbf f afa b a testobfuscatedFailedTestName js value ELEMENT testobfuscatedFailedTestName js status testobfuscatedFailedTestName js Jan Request POST wdhubsessionf bdbf f afa b a element clear testobfuscatedFailedTestName js testobfuscatedFailedTestName js Jan Response POST ms testobfuscatedFailedTestName js state success testobfuscatedFailedTestName js sessionId f bdbf f afa b a testobfuscatedFailedTestName js value null testobfuscatedFailedTestName js status testobfuscatedFailedTestName js Jan Completed command clearValue name index selector locateStrategy pseudoSelector parent resolvedElement abortOnFailure suppressNotFoundErrors timeout retryInterval message ms testobfuscatedFailedTestName js Jan testobfuscatedFailedTestName js Running command setValue name index selector locateStrategy pseudoSelector parent resolvedElement abortOnFailure suppressNotFoundErrors timeout retryInterval message obf testobfuscatedFailedTestName js Jan Request POST wdhubsessionf bdbf f afa b a elements testobfuscatedFailedTestName js using css selector value appassword testobfuscatedFailedTestName js Jan Response POST ms testobfuscatedFailedTestName js state success testobfuscatedFailedTestName js sessionId f bdbf f afa b a testobfuscatedFailedTestName js value ELEMENT testobfuscatedFailedTestName js status testobfuscatedFailedTestName js Jan Request POST wdhubsessionf bdbf f afa b a element value testobfuscatedFailedTestName js value testobfuscatedFailedTestName js testobfuscatedFailedTestName js Jan Response POST ms testobfuscatedFailedTestName js state success testobfuscatedFailedTestName js sessionId f bdbf f afa b a testobfuscatedFailedTestName js value null testobfuscatedFailedTestName js status testobfuscatedFailedTestName js Jan Completed command setValue name index selector locateStrategy pseudoSelector parent resolvedElement abortOnFailure suppressNotFoundErrors timeout retryInterval message obf ms testobfuscatedFailedTestName js Jan testobfuscatedFailedTestName js Running command click name index selector locateStrategy pseudoSelector parent resolvedElement abortOnFailure suppressNotFoundErrors timeout retryInterval message testobfuscatedFailedTestName js Jan Request POST wdhubsessionf bdbf f afa b a elements testobfuscatedFailedTestName js using css selector testobfuscatedFailedTestName js value signInSubmitinputinputsignInSubmit testobfuscatedFailedTestName js Jan Response POST ms testobfuscatedFailedTestName js state success testobfuscatedFailedTestName js sessionId f bdbf f afa b a testobfuscatedFailedTestName js value ELEMENT testobfuscatedFailedTestName js status testobfuscatedFailedTestName js Jan Request POST wdhubsessionf bdbf f afa b a element click testobfuscatedFailedTestName js testobfuscatedFailedTestName js Jan Response POST ms testobfuscatedFailedTestName js state success testobfuscatedFailedTestName js sessionId f bdbf f afa b a testobfuscatedFailedTestName js value null testobfuscatedFailedTestName js status testobfuscatedFailedTestName js Jan Completed command click name index selector locateStrategy pseudoSelector parent resolvedElement abortOnFailure suppressNotFoundErrors timeout retryInterval message ms testobfuscatedFailedTestName js Jan testobfuscatedFailedTestName js Running command waitForElementNotPresent name index selector locateStrategy pseudoSelector parent resolvedElement abortOnFailure suppressNotFoundErrors timeout retryInterval message testobfuscatedFailedTestName js Jan Request POST wdhubsessionf bdbf f afa b a elements testobfuscatedFailedTestName js using css selector testobfuscatedFailedTestName js value signInSubmitinputinputsignInSubmit testobfuscatedFailedTestName js Jan Response POST ms testobfuscatedFailedTestName js state success testobfuscatedFailedTestName js sessionId f bdbf f afa b a testobfuscatedFailedTestName js value testobfuscatedFailedTestName js status testobfuscatedFailedTestName js Jan Completed command waitForElementNotPresent name index selector locateStrategy pseudoSelector parent resolvedElement abortOnFailure suppressNotFoundErrors timeout retryInterval message ms testobfuscatedFailedTestName js Jan testobfuscatedFailedTestName js Running command waitForUrlToContain authblatokenExchange testobfuscatedFailedTestName js Jan Completed command waitForUrlToContain authblatokenExchange ms testobfuscatedFailedTestName js Jan testobfuscatedFailedTestName js Running command perform Function testobfuscatedFailedTestName js Jan testobfuscatedFailedTestName js Running command url Function testobfuscatedFailedTestName js Jan Request GET wdhubsessionf bdbf f afa b a url testobfuscatedFailedTestName js Jan Response GET ms testobfuscatedFailedTestName js state success testobfuscatedFailedTestName js sessionId f bdbf f afa b a testobfuscatedFailedTestName js value testobfuscatedFailedTestName js testobfuscatedFailedTestName js status testobfuscatedFailedTestName js Jan Completed command perform Function ms testobfuscatedFailedTestName js Jan testobfuscatedFailedTestName js Running command assertdeepEqual testobfuscatedFailedTestName js Jan Completed command url Function ms testobfuscatedFailedTestName js Jan Completed command assertdeepEqual ms testobfuscatedFailedTestName js Jan testobfuscatedFailedTestName js Running command getText body pre Function testobfuscatedFailedTestName js Jan Request POST wdhubsessionf bdbf f afa b a elements testobfuscatedFailedTestName js using css selector value body pre testobfuscatedFailedTestName js Jan Response POST ms testobfuscatedFailedTestName js state success testobfuscatedFailedTestName js sessionId f bdbf f afa b a testobfuscatedFailedTestName js value ELEMENT testobfuscatedFailedTestName js status testobfuscatedFailedTestName js Jan Request GET wdhubsessionf bdbf f afa b a element text testobfuscatedFailedTestName js Jan Response GET ms testobfuscatedFailedTestName js state success testobfuscatedFailedTestName js sessionId f bdbf f afa b a testobfuscatedFailedTestName js value testobfuscatedFailedTestName js trimmed testobfuscatedFailedTestName js status testobfuscatedFailedTestName js Jan Completed command getText body pre Function ms testobfuscatedFailedTestName js Jan Completed command mobileLogin chk Function ms testobfuscatedFailedTestName js Jan testobfuscatedFailedTestName js Running command perform Function testobfuscatedFailedTestName js Jan privateVarunset API Call Completed time ms statusCode testobfuscatedFailedTestName js Jan Completed command perform Function ms testobfuscatedFailedTestName js Jan testobfuscatedFailedTestName js Running command assertok testobfuscatedFailedTestName js Jan Completed command assertok ms testobfuscatedFailedTestName js Jan testobfuscatedFailedTestName js Running command getCookies Function testobfuscatedFailedTestName js Jan testobfuscatedFailedTestName js Running command cookie GET Function testobfuscatedFailedTestName js Jan Request GET wdhubsessionf bdbf f afa b a cookie testobfuscatedFailedTestName js Jan Response GET ms testobfuscatedFailedTestName js state success testobfuscatedFailedTestName js sessionId f bdbf f afa b a testobfuscatedFailedTestName js value testobfuscatedFailedTestName js cookies testobfuscatedFailedTestName js status testobfuscatedFailedTestName js Jan Completed command cookie GET Function ms testobfuscatedFailedTestName js Jan testobfuscatedFailedTestName js Running command perform Function testobfuscatedFailedTestName js Jan Completed command getCookies Function ms testobfuscatedFailedTestName js Jan privateVarunset API Call Completed time ms statusCode testobfuscatedFailedTestName js Jan privateVarunset API Call Completed time ms statusCode testobfuscatedFailedTestName js Jan privateVarunset API Call Completed time ms statusCode testobfuscatedFailedTestName js Jan Completed command perform Function ms testobfuscatedFailedTestName js Jan testobfuscatedFailedTestName js Running command perform Function testobfuscatedFailedTestName js Jan privateVarunset API Call Completed time ms statusCode testobfuscatedFailedTestName js Jan privateVarunset API Call Completed time ms statusCode testobfuscatedFailedTestName js Jan Completed command perform Function ms testobfuscatedFailedTestName js Jan testobfuscatedFailedTestName js Running command perform Function testobfuscatedFailedTestName js Jan privateVarunset API Call Completed time ms statusCode testobfuscatedFailedTestName js Jan privateVarunset API Call Completed time ms statusCode testobfuscatedFailedTestName js Jan Completed command perform Function ms testobfuscatedFailedTestName js Jan Running afterEach testobfuscatedFailedTestName js Jan Completed afterEach testobfuscatedFailedTestName js TestObfuscated Test Login and set up account s testobfuscatedFailedTestName js Jan Running beforeEach testobfuscatedFailedTestName js Jan Completed beforeEach testobfuscatedFailedTestName js Jan testobfuscatedFailedTestName js Running command perform Function testobfuscatedFailedTestName js going to pdp url testobfuscatedFailedTestName js clicking dimension obftestidd sizingChooser option value testobfuscatedFailedTestName js Jan Completed command perform Function ms testobfuscatedFailedTestName js Jan testobfuscatedFailedTestName js Running command url testobfuscatedFailedTestName js Jan Request POST wdhubsessionf bdbf f afa b a url testobfuscatedFailedTestName js url testobfuscatedFailedTestName js Jan Response POST ms testobfuscatedFailedTestName js state success testobfuscatedFailedTestName js sessionId f bdbf f afa b a testobfuscatedFailedTestName js value null testobfuscatedFailedTestName js status testobfuscatedFailedTestName js Jan Completed command url ms testobfuscatedFailedTestName js Jan testobfuscatedFailedTestName js Running command waitForElementVisible obftestidproductDetail testobfuscatedFailedTestName js Jan Request POST wdhubsessionf bdbf f afa b a elements testobfuscatedFailedTestName js using css selector testobfuscatedFailedTestName js value obftestidproductDetail testobfuscatedFailedTestName js Jan Response POST ms testobfuscatedFailedTestName js state success testobfuscatedFailedTestName js sessionId f bdbf f afa b a testobfuscatedFailedTestName js value ELEMENT testobfuscatedFailedTestName js status testobfuscatedFailedTestName js Jan Request GET wdhubsessionf bdbf f afa b a element displayed testobfuscatedFailedTestName js Jan Response GET ms testobfuscatedFailedTestName js state success testobfuscatedFailedTestName js sessionId f bdbf f afa b a testobfuscatedFailedTestName js value true testobfuscatedFailedTestName js status testobfuscatedFailedTestName js Jan Completed command waitForElementVisible obftestidproductDetail ms testobfuscatedFailedTestName js Jan testobfuscatedFailedTestName js Running command click obftestidd sizingChooser option value testobfuscatedFailedTestName js Jan Request POST wdhubsessionf bdbf f afa b a elements testobfuscatedFailedTestName js using css selector testobfuscatedFailedTestName js value obftestidd sizingChooser option value testobfuscatedFailedTestName js Jan Response POST ms testobfuscatedFailedTestName js state success testobfuscatedFailedTestName js sessionId f bdbf f afa b a testobfuscatedFailedTestName js value ELEMENT testobfuscatedFailedTestName js status testobfuscatedFailedTestName js Jan Request POST wdhubsessionf bdbf f afa b a element click testobfuscatedFailedTestName js testobfuscatedFailedTestName js Jan Response POST ms testobfuscatedFailedTestName js state success testobfuscatedFailedTestName js sessionId f bdbf f afa b a testobfuscatedFailedTestName js value null testobfuscatedFailedTestName js status testobfuscatedFailedTestName js Jan Completed command click obftestidd sizingChooser option value ms testobfuscatedFailedTestName js Jan testobfuscatedFailedTestName js Running command assertok testobfuscatedFailedTestName js Jan Completed command assertok ms testobfuscatedFailedTestName js Jan testobfuscatedFailedTestName js Running command element name index selector locateStrategy pseudoSelector parent resolvedElement abortOnFailure suppressNotFoundErrors timeout retryInterval message testobfuscatedFailedTestName js Jan Request POST wdhubsessionf bdbf f afa b a elements testobfuscatedFailedTestName js using css selector value obftestidaddToCart testobfuscatedFailedTestName js Jan Response POST ms testobfuscatedFailedTestName js state success testobfuscatedFailedTestName js sessionId f bdbf f afa b a testobfuscatedFailedTestName js value ELEMENT testobfuscatedFailedTestName js status testobfuscatedFailedTestName js Jan Completed command element name index selector locateStrategy pseudoSelector parent resolvedElement abortOnFailure suppressNotFoundErrors timeout retryInterval message ms testobfuscatedFailedTestName js Jan testobfuscatedFailedTestName js Running command lazyLoadSafeClick name index selector locateStrategy pseudoSelector parent resolvedElement abortOnFailure suppressNotFoundErrors timeout retryInterval message testobfuscatedFailedTestName js Jan testobfuscatedFailedTestName js Running command getLocationInView name index selector locateStrategy pseudoSelector parent resolvedElement abortOnFailure suppressNotFoundErrors timeout retryInterval message testobfuscatedFailedTestName js Jan Request POST wdhubsessionf bdbf f afa b a elements testobfuscatedFailedTestName js using css selector value obftestidaddToCart testobfuscatedFailedTestName js Jan Response POST ms testobfuscatedFailedTestName js state success testobfuscatedFailedTestName js sessionId f bdbf f afa b a testobfuscatedFailedTestName js value ELEMENT testobfuscatedFailedTestName js status testobfuscatedFailedTestName js Jan Request GET wdhubsessionf bdbf f afa b a element locationinview testobfuscatedFailedTestName js Jan Response GET ms testobfuscatedFailedTestName js state success testobfuscatedFailedTestName js sessionId f bdbf f afa b a testobfuscatedFailedTestName js value x y testobfuscatedFailedTestName js status testobfuscatedFailedTestName js Jan Completed command getLocationInView name index selector locateStrategy pseudoSelector parent resolvedElement abortOnFailure suppressNotFoundErrors timeout retryInterval message ms testobfuscatedFailedTestName js Jan testobfuscatedFailedTestName js Running command waitForElementToBeSteady name index selector locateStrategy pseudoSelector parent resolvedElement abortOnFailure suppressNotFoundErrors timeout retryInterval message testobfuscatedFailedTestName js Jan Completed command waitForElementToBeSteady name index selector locateStrategy pseudoSelector parent resolvedElement abortOnFailure suppressNotFoundErrors timeout retryInterval message ms testobfuscatedFailedTestName js Jan testobfuscatedFailedTestName js Running command perform Function testobfuscatedFailedTestName js Jan testobfuscatedFailedTestName js Running command elements css selector name index selector locateStrategy pseudoSelector parent resolvedElement abortOnFailure suppressNotFoundErrors timeout retryInterval message Function testobfuscatedFailedTestName js Jan Request POST wdhubsessionf bdbf f afa b a elements testobfuscatedFailedTestName js using css selector value obftestidaddToCart testobfuscatedFailedTestName js Jan Response POST ms testobfuscatedFailedTestName js state success testobfuscatedFailedTestName js sessionId f bdbf f afa b a testobfuscatedFailedTestName js value ELEMENT testobfuscatedFailedTestName js status testobfuscatedFailedTestName js Jan Completed command elements css selector name index selector locateStrategy pseudoSelector parent resolvedElement abortOnFailure suppressNotFoundErrors timeout retryInterval message Function ms testobfuscatedFailedTestName js Jan testobfuscatedFailedTestName js Running command elementIdLocation Function testobfuscatedFailedTestName js Jan Request GET wdhubsessionf bdbf f afa b a element location testobfuscatedFailedTestName js Jan Response GET ms testobfuscatedFailedTestName js state success testobfuscatedFailedTestName js sessionId f bdbf f afa b a testobfuscatedFailedTestName js value x y testobfuscatedFailedTestName js status testobfuscatedFailedTestName js Jan Completed command elementIdLocation Function ms testobfuscatedFailedTestName js Jan testobfuscatedFailedTestName js Running command perform Function testobfuscatedFailedTestName js Jan Completed command perform Function ms testobfuscatedFailedTestName js Jan testobfuscatedFailedTestName js Running command elements css selector name index selector locateStrategy pseudoSelector parent resolvedElement abortOnFailure suppressNotFoundErrors timeout retryInterval message Function testobfuscatedFailedTestName js Jan Request POST wdhubsessionf bdbf f afa b a elements testobfuscatedFailedTestName js using css selector value obftestidaddToCart testobfuscatedFailedTestName js Jan Response POST ms testobfuscatedFailedTestName js state success testobfuscatedFailedTestName js sessionId f bdbf f afa b a testobfuscatedFailedTestName js value ELEMENT testobfuscatedFailedTestName js status testobfuscatedFailedTestName js Jan Completed command elements css selector name index selector locateStrategy pseudoSelector parent resolvedElement abortOnFailure suppressNotFoundErrors timeout retryInterval message Function ms testobfuscatedFailedTestName js Jan testobfuscatedFailedTestName js Running command elementIdLocation Function testobfuscatedFailedTestName js Jan Request GET wdhubsessionf bdbf f afa b a element location testobfuscatedFailedTestName js Jan Response GET ms testobfuscatedFailedTestName js state success testobfuscatedFailedTestName js sessionId f bdbf f afa b a testobfuscatedFailedTestName js value x y testobfuscatedFailedTestName js status testobfuscatedFailedTestName js Jan Completed command elementIdLocation Function ms testobfuscatedFailedTestName js Jan testobfuscatedFailedTestName js Running command perform Function testobfuscatedFailedTestName js Jan Completed command perform Function ms testobfuscatedFailedTestName js Jan Completed command perform Function ms testobfuscatedFailedTestName js Jan testobfuscatedFailedTestName js Running command click name index selector locateStrategy pseudoSelector parent resolvedElement abortOnFailure suppressNotFoundErrors timeout retryInterval message testobfuscatedFailedTestName js Jan Request POST wdhubsessionf bdbf f afa b a elements testobfuscatedFailedTestName js using css selector value obftestidaddToCart testobfuscatedFailedTestName js Jan Response POST ms testobfuscatedFailedTestName js state success testobfuscatedFailedTestName js sessionId f bdbf f afa b a testobfuscatedFailedTestName js value ELEMENT testobfuscatedFailedTestName js status testobfuscatedFailedTestName js Jan Request POST wdhubsessionf bdbf f afa b a element click testobfuscatedFailedTestName js testobfuscatedFailedTestName js Jan Response POST ms testobfuscatedFailedTestName js state success testobfuscatedFailedTestName js sessionId f bdbf f afa b a testobfuscatedFailedTestName js value null testobfuscatedFailedTestName js status testobfuscatedFailedTestName js Jan Completed command click name index selector locateStrategy pseudoSelector parent resolvedElement abortOnFailure suppressNotFoundErrors timeout retryInterval message ms testobfuscatedFailedTestName js Jan Completed command lazyLoadSafeClick name index selector locateStrategy pseudoSelector parent resolvedElement abortOnFailure suppressNotFoundErrors timeout retryInterval message ms testobfuscatedFailedTestName js Jan testobfuscatedFailedTestName js Running command waitForElementVisible name index selector locateStrategy pseudoSelector parent resolvedElement abortOnFailure suppressNotFoundErrors timeout retryInterval message testobfuscatedFailedTestName js Jan Request POST wdhubsessionf bdbf f afa b a elements testobfuscatedFailedTestName js using css selector value obftestidcartModal testobfuscatedFailedTestName js Jan Response POST ms testobfuscatedFailedTestName js state success testobfuscatedFailedTestName js sessionId f bdbf f afa b a testobfuscatedFailedTestName js value testobfuscatedFailedTestName js status testobfuscatedFailedTestName js Jan Request POST wdhubsessionf bdbf f afa b a elements testobfuscatedFailedTestName js using css selector value obftestidcartModal testobfuscatedFailedTestName js Jan Response POST ms testobfuscatedFailedTestName js state success testobfuscatedFailedTestName js sessionId f bdbf f afa b a testobfuscatedFailedTestName js value testobfuscatedFailedTestName js status testobfuscatedFailedTestName js Jan Request POST wdhubsessionf bdbf f afa b a elements testobfuscatedFailedTestName js using css selector value obftestidcartModal testobfuscatedFailedTestName js Jan Response POST ms testobfuscatedFailedTestName js state success testobfuscatedFailedTestName js sessionId f bdbf f afa b a testobfuscatedFailedTestName js value testobfuscatedFailedTestName js status testobfuscatedFailedTestName js Jan Request POST wdhubsessionf bdbf f afa b a elements testobfuscatedFailedTestName js using css selector value obftestidcartModal testobfuscatedFailedTestName js Jan Response POST ms testobfuscatedFailedTestName js state success testobfuscatedFailedTestName js sessionId f bdbf f afa b a testobfuscatedFailedTestName js value ELEMENT testobfuscatedFailedTestName js status testobfuscatedFailedTestName js Jan Request GET wdhubsessionf bdbf f afa b a element displayed testobfuscatedFailedTestName js Jan Response GET ms testobfuscatedFailedTestName js state success testobfuscatedFailedTestName js sessionId f bdbf f afa b a testobfuscatedFailedTestName js value true testobfuscatedFailedTestName js status testobfuscatedFailedTestName js Jan Completed command waitForElementVisible name index selector locateStrategy pseudoSelector parent resolvedElement abortOnFailure suppressNotFoundErrors timeout retryInterval message ms testobfuscatedFailedTestName js Jan Running afterEach testobfuscatedFailedTestName js Jan Completed afterEach testobfuscatedFailedTestName js TestObfuscated Test Add item to cart s testobfuscatedFailedTestName js Jan Running beforeEach testobfuscatedFailedTestName js Jan Completed beforeEach testobfuscatedFailedTestName js Jan testobfuscatedFailedTestName js Running command url testobfuscatedFailedTestName js Jan Request POST wdhubsessionf bdbf f afa b a url testobfuscatedFailedTestName js url testobfuscatedFailedTestName js Jan Response POST ms testobfuscatedFailedTestName js state success testobfuscatedFailedTestName js sessionId f bdbf f afa b a testobfuscatedFailedTestName js value null testobfuscatedFailedTestName js status testobfuscatedFailedTestName js Jan Completed command url ms testobfuscatedFailedTestName js Jan testobfuscatedFailedTestName js Running command waitForStageToBe spc testobfuscatedFailedTestName js Jan Completed command waitForStageToBe spc ms testobfuscatedFailedTestName js Jan testobfuscatedFailedTestName js Running command perform Function testobfuscatedFailedTestName js Jan testobfuscatedFailedTestName js Running command waitForElementNotPresent obftestidloader testobfuscatedFailedTestName js Jan Request POST wdhubsessionf bdbf f afa b a elements testobfuscatedFailedTestName js using css selector value obftestidloader testobfuscatedFailedTestName js Jan Completed command perform Function ms testobfuscatedFailedTestName js Jan Error Error while running perform command Timeout while waiting ms for the perform command callback to be called testobfuscatedFailedTestName js Jan Running afterEach testobfuscatedFailedTestName js Jan Completed afterEach testobfuscatedFailedTestName js TestObfuscated Test Go to checkout and confirm ready to order s testobfuscatedFailedTestName js Jan Error Error while running perform command Timeout while waiting ms for the perform command callback to be called testobfuscatedFailedTestName js Jan Running after testobfuscatedFailedTestName js Jan Completed after testobfuscatedFailedTestName js Last error Error Error while running perform command Timeout while waiting ms for the perform command callback to be called testobfuscatedFailedTestName js at TimeouttimeoutIdsetTimeout as onTimeout mnthometomcatJENKINS jenkinsworkspacemobilenwtestsnodemodulesnightwatchlibapiclientcommandsperformjs testobfuscatedFailedTestName js at ontimeout timersjs testobfuscatedFailedTestName js at tryOnTimeout timersjs testobfuscatedFailedTestName js at listOnTimeout timersjs testobfuscatedFailedTestName js at TimerprocessTimers timersjs abortOnFailure true name Error detailedLogging true testobfuscatedFailedTestName js Jan testobfuscatedFailedTestName js Running command perform Function testobfuscatedFailedTestName js Jan privateVarunset API Call Completed time ms statusCode testobfuscatedFailedTestName js Jan Completed command perform Function ms testobfuscatedFailedTestName js Jan testobfuscatedFailedTestName js Running command perform Function testobfuscatedFailedTestName js Created directory mnthometomcatJENKINS jenkinsworkspacemobilenwtestse ereports for reports testobfuscatedFailedTestName js Jan Completed command perform Function ms testobfuscatedFailedTestName js Jan testobfuscatedFailedTestName js Running command perform Function testobfuscatedFailedTestName js Created directory e ereportstest for failure artifacts testobfuscatedFailedTestName js Jan Completed command perform Function ms testobfuscatedFailedTestName js Jan testobfuscatedFailedTestName js Running command source Function testobfuscatedFailedTestName js Jan Request GET wdhubsessionf bdbf f afa b a source testobfuscatedFailedTestName js Jan Response POST ms testobfuscatedFailedTestName js state success testobfuscatedFailedTestName js sessionId f bdbf f afa b a testobfuscatedFailedTestName js value testobfuscatedFailedTestName js status testobfuscatedFailedTestName js Jan Completed command waitForElementNotPresent obftestidloader ms testobfuscatedFailedTestName js Jan Response GET ms testobfuscatedFailedTestName js state success testobfuscatedFailedTestName js sessionId f bdbf f afa b a testobfuscatedFailedTestName js value testobfuscatedFailedTestName js htmlTrimmed testobfuscatedFailedTestName js status testobfuscatedFailedTestName js Jan Completed command source Function ms testobfuscatedFailedTestName js Jan testobfuscatedFailedTestName js Running command url Function testobfuscatedFailedTestName js Jan Request GET wdhubsessionf bdbf f afa b a url testobfuscatedFailedTestName js Jan Response GET ms testobfuscatedFailedTestName js state success testobfuscatedFailedTestName js sessionId f bdbf f afa b a testobfuscatedFailedTestName js value testobfuscatedFailedTestName js testobfuscatedFailedTestName js status testobfuscatedFailedTestName js Jan Completed command url Function ms testobfuscatedFailedTestName js Jan testobfuscatedFailedTestName js Running command execute return reduxStore Function testobfuscatedFailedTestName js Jan Request POST wdhubsessionf bdbf f afa b a execute testobfuscatedFailedTestName js script testobfuscatedFailedTestName js return reduxStore testobfuscatedFailedTestName js args testobfuscatedFailedTestName js Jan Response POST ms testobfuscatedFailedTestName js state success testobfuscatedFailedTestName js sessionId f bdbf f afa b a testobfuscatedFailedTestName js value testobfuscatedFailedTestName js trimmed testobfuscatedFailedTestName js status testobfuscatedFailedTestName js Jan Completed command execute return reduxStore Function ms testobfuscatedFailedTestName js Jan testobfuscatedFailedTestName js Running command getLog browser Function testobfuscatedFailedTestName js Jan testobfuscatedFailedTestName js Running command sessionLog browser Function testobfuscatedFailedTestName js Jan Request POST wdhubsessionf bdbf f afa b a log testobfuscatedFailedTestName js type browser testobfuscatedFailedTestName js Jan Response POST ms testobfuscatedFailedTestName js state success testobfuscatedFailedTestName js sessionId f bdbf f afa b a testobfuscatedFailedTestName js value testobfuscatedFailedTestName js obfuscated testobfuscatedFailedTestName js status testobfuscatedFailedTestName js Jan Completed command sessionLog browser Function ms testobfuscatedFailedTestName js Jan Completed command getLog browser Function ms testobfuscatedFailedTestName js Jan testobfuscatedFailedTestName js Running command end Function testobfuscatedFailedTestName js Jan Failures in Go to checkout and confirm ready to order Taking screenshot testobfuscatedFailedTestName js Jan testobfuscatedFailedTestName js Running command saveScreenshot mnthometomcatJENKINS jenkinsworkspacereportdir GotocheckoutandconfirmreadytoorderFAILEDJan GMT PacificStandardpng Function testobfuscatedFailedTestName js Jan testobfuscatedFailedTestName js Running command screenshot false Function testobfuscatedFailedTestName js Jan Request GET wdhubsessionf bdbf f afa b a screenshot testobfuscatedFailedTestName js Jan Response GET ms testobfuscatedFailedTestName js state success testobfuscatedFailedTestName js sessionId f bdbf f afa b a testobfuscatedFailedTestName js value testobfuscatedFailedTestName js status testobfuscatedFailedTestName js suppressBase Data true testobfuscatedFailedTestName js Jan Completed command screenshot false Function ms testobfuscatedFailedTestName js Jan Completed command saveScreenshot mnthometomcatJENKINS jenkinsworkspacereportdir GotocheckoutandconfirmreadytoorderFAILEDJan GMT PacificStandardpng Function ms testobfuscatedFailedTestName js Jan testobfuscatedFailedTestName js Running command session delete Function testobfuscatedFailedTestName js Jan Request DELETE wdhubsessionf bdbf f afa b a testobfuscatedFailedTestName js Jan TimeoutError done callback timeout of ms was reached while executing afterEach Make sure to call the done callback when the operation finishes testobfuscatedFailedTestName js Jan testobfuscatedFailedTestName js Running command end Function testobfuscatedFailedTestName js Jan Failures in Go to checkout and confirm ready to order Taking screenshot testobfuscatedFailedTestName js Jan testobfuscatedFailedTestName js Running command saveScreenshot mnthometomcatJENKINS jenkinsworkspacereportdir GotocheckoutandconfirmreadytoorderFAILEDJan GMT PacificStandardpng Function testobfuscatedFailedTestName js Jan testobfuscatedFailedTestName js Running command screenshot false Function testobfuscatedFailedTestName js Jan Request GET wdhubsessionf bdbf f afa b a screenshot testobfuscatedFailedTestName js Jan Response DELETE ms testobfuscatedFailedTestName js state success status value testobfuscatedFailedTestName js Jan Completed command end Function ms testobfuscatedFailedTestName js Jan Completed command session delete Function ms testobfuscatedFailedTestName js Jan Response GET ms testobfuscatedFailedTestName js state unhandled error testobfuscatedFailedTestName js sessionId f bdbf f afa b a testobfuscatedFailedTestName js value testobfuscatedFailedTestName js status testobfuscatedFailedTestName js suppressBase Data true testobfuscatedFailedTestName js Jan Error while running getScreenshot protocol action Session ID is null Using WebDriver after calling quit testobfuscatedFailedTestName js Jan Completed command screenshot false Function ms testobfuscatedFailedTestName js Jan Error Session ID is null Using WebDriver after calling quit testobfuscatedFailedTestName js at FSReqWrapargs as oncomplete fsjs testobfuscatedFailedTestName js Jan Error saving screenshot testobfuscatedFailedTestName js status testobfuscatedFailedTestName js state unhandled error testobfuscatedFailedTestName js value testobfuscatedFailedTestName js systemInformation testobfuscatedFailedTestName js System info host ip osname windows osarch x osversion javaversion testobfuscatedFailedTestName js message Session ID is null Using WebDriver after calling quit testobfuscatedFailedTestName js error testobfuscatedFailedTestName js Build info version revision ae b time testobfuscatedFailedTestName js System info host ip osname windows osarch x osversion javaversion testobfuscatedFailedTestName js Driver info driverversion RemoteWebDriver testobfuscatedFailedTestName js errorStatus testobfuscatedFailedTestName js error Session ID is null Using WebDriver after calling quit testobfuscatedFailedTestName js httpStatusCode testobfuscatedFailedTestName js Jan Completed command saveScreenshot mnthometomcatJENKINS jenkinsworkspacereportdir GotocheckoutandconfirmreadytoorderFAILEDJan GMT PacificStandardpng Function ms testobfuscatedFailedTestName js Jan testobfuscatedFailedTestName js Running command session delete Function testobfuscatedFailedTestName js Jan Request DELETE wdhubsession testobfuscatedPassedTestNamejs testobfuscatedPassedTestNamejs Jan Request POST wdhubsession testobfuscatedPassedTestNamejs desiredCapabilities testobfuscatedPassedTestNamejs browserName chrome testobfuscatedPassedTestNamejs acceptSslCerts true testobfuscatedPassedTestNamejs platform ANY testobfuscatedPassedTestNamejs javascriptEnabled true testobfuscatedPassedTestNamejs nativeEvents true testobfuscatedPassedTestNamejs loggingPrefs browser ALL testobfuscatedPassedTestNamejs chromeOptions w c false testobfuscatedPassedTestNamejs os Windows testobfuscatedPassedTestNamejs osversion testobfuscatedPassedTestNamejs resolution x testobfuscatedPassedTestNamejs browserversion testobfuscatedPassedTestNamejs project Alpha regression tests testobfuscatedPassedTestNamejs build mobilenw testobfuscatedPassedTestNamejs browserstackuser buildserve testobfuscatedPassedTestNamejs browserstackkey testobfuscatedPassedTestNamejs browserstackdebug true testobfuscatedPassedTestNamejs browserstackconsole verbose testobfuscatedPassedTestNamejs browserstacknetworkLogs true testobfuscatedPassedTestNamejs browserstackautoWait testobfuscatedPassedTestNamejs browserstacklocal true testobfuscatedPassedTestNamejs browserstacklocalIdentifier testobfuscatedPassedTestNamejs f de c b cb d bd mobilenwtests testobfuscatedPassedTestNamejs newCommandTimeout testobfuscatedPassedTestNamejs name Obfuscated testobfuscatedPassedTestNamejs Jan Response POST ms testobfuscatedPassedTestNamejs state null testobfuscatedPassedTestNamejs sessionId bf a c b e fefc d adc b a b a testobfuscatedPassedTestNamejs value testobfuscatedPassedTestNamejs mobileEmulationEnabled false testobfuscatedPassedTestNamejs timeouts implicit pageLoad script testobfuscatedPassedTestNamejs hasTouchScreen false testobfuscatedPassedTestNamejs platform WINDOWS testobfuscatedPassedTestNamejs acceptSslCerts false testobfuscatedPassedTestNamejs googchromeOptions debuggerAddress localhost testobfuscatedPassedTestNamejs acceptInsecureCerts false testobfuscatedPassedTestNamejs webStorageEnabled true testobfuscatedPassedTestNamejs browserName chrome testobfuscatedPassedTestNamejs takesScreenshot true testobfuscatedPassedTestNamejs javascriptEnabled true testobfuscatedPassedTestNamejs setWindowRect true testobfuscatedPassedTestNamejs unexpectedAlertBehaviour ignore testobfuscatedPassedTestNamejs applicationCacheEnabled false testobfuscatedPassedTestNamejs rotatable false testobfuscatedPassedTestNamejs networkConnectionEnabled false testobfuscatedPassedTestNamejs chrome testobfuscatedPassedTestNamejs chromedriverVersion testobfuscatedPassedTestNamejs edb c f de fd a b f cae f d ad refsbranchheads testobfuscatedPassedTestNamejs userDataDir C Windows proxy scopeddir testobfuscatedPassedTestNamejs takesHeapSnapshot true testobfuscatedPassedTestNamejs pageLoadStrategy normal testobfuscatedPassedTestNamejs strictFileInteractability false testobfuscatedPassedTestNamejs databaseEnabled false testobfuscatedPassedTestNamejs handlesAlerts true testobfuscatedPassedTestNamejs version testobfuscatedPassedTestNamejs browserConnectionEnabled false testobfuscatedPassedTestNamejs nativeEvents true testobfuscatedPassedTestNamejs webdriverremotesessionid bf a c b e fefc d adc b a b a testobfuscatedPassedTestNamejs locationContextEnabled true testobfuscatedPassedTestNamejs cssSelectorsEnabled true testobfuscatedPassedTestNamejs status testobfuscatedPassedTestNamejs Jan Received session with ID bf a c b e fefc d adc b a b a testobfuscatedPassedTestNamejs Jan Running before testobfuscatedPassedTestNamejs Jan Completed before testobfuscatedPassedTestNamejs Jan Running beforeEach testobfuscatedPassedTestNamejs Jan Completed beforeEach testobfuscatedPassedTestNamejs Jan testobfuscatedPassedTestNamejs Running command setupTest forceTests testobfuscatedPassedTestNamejs Jan testobfuscatedPassedTestNamejs Running command resizeWindow testobfuscatedPassedTestNamejs Jan testobfuscatedPassedTestNamejs Running command windowSize current Function testobfuscatedPassedTestNamejs Jan Request POST wdhubsession bf a c b e fefc d adc b a b a windowcurrentsize testobfuscatedPassedTestNamejs width height testobfuscatedPassedTestNamejs Jan Response POST ms testobfuscatedPassedTestNamejs state success testobfuscatedPassedTestNamejs sessionId bf a c b e fefc d adc b a b a testobfuscatedPassedTestNamejs value null testobfuscatedPassedTestNamejs status testobfuscatedPassedTestNamejs Jan Completed command windowSize current Function ms testobfuscatedPassedTestNamejs Jan Completed command resizeWindow ms testobfuscatedPassedTestNamejs Jan testobfuscatedPassedTestNamejs Running command url testobfuscatedPassedTestNamejs Jan Request POST wdhubsession bf a c b e fefc d adc b a b a url testobfuscatedPassedTestNamejs url testobfuscatedPassedTestNamejs Jan Response POST ms testobfuscatedPassedTestNamejs state success testobfuscatedPassedTestNamejs sessionId bf a c b e fefc d adc b a b a testobfuscatedPassedTestNamejs value null testobfuscatedPassedTestNamejs status testobfuscatedPassedTestNamejs Jan Completed command url ms testobfuscatedPassedTestNamejs Jan testobfuscatedPassedTestNamejs Running command setCookie name value domain path testobfuscatedPassedTestNamejs Jan testobfuscatedPassedTestNamejs Running command cookie POST name value domain path Function testobfuscatedPassedTestNamejs Jan Request POST wdhubsession bf a c b e fefc d adc b a b a cookie testobfuscatedPassedTestNamejs cookie testobfuscatedPassedTestNamejs name obfuscatedCookie testobfuscatedPassedTestNamejs value testobfuscatedPassedTestNamejs domain obfuscatedTestDomaincom testobfuscatedPassedTestNamejs path testobfuscatedPassedTestNamejs Jan Response POST ms testobfuscatedPassedTestNamejs state success testobfuscatedPassedTestNamejs sessionId bf a c b e fefc d adc b a b a testobfuscatedPassedTestNamejs value null testobfuscatedPassedTestNamejs status testobfuscatedPassedTestNamejs Jan Completed command cookie POST name value domain path Function ms testobfuscatedPassedTestNamejs Jan Completed command setCookie name value domain path ms testobfuscatedPassedTestNamejs Jan testobfuscatedPassedTestNamejs Running command deleteCookie obfuscate testobfuscatedPassedTestNamejs Jan testobfuscatedPassedTestNamejs Running command cookie DELETE obfuscate Function testobfuscatedPassedTestNamejs Jan Request DELETE wdhubsession bf a c b e fefc d adc b a b a cookieobfuscate testobfuscatedPassedTestNamejs Jan Response DELETE ms testobfuscatedPassedTestNamejs state success testobfuscatedPassedTestNamejs sessionId bf a c b e fefc d adc b a b a testobfuscatedPassedTestNamejs value null testobfuscatedPassedTestNamejs status testobfuscatedPassedTestNamejs Jan Completed command cookie DELETE obfuscate Function ms testobfuscatedPassedTestNamejs Jan Completed command deleteCookie obfuscate ms testobfuscatedPassedTestNamejs Jan testobfuscatedPassedTestNamejs Running command deleteCookie obfuscate testobfuscatedPassedTestNamejs Jan testobfuscatedPassedTestNamejs Running command cookie DELETE obfuscate Function testobfuscatedPassedTestNamejs Jan Request DELETE wdhubsession bf a c b e fefc d adc b a b a cookieobfuscatedev testobfuscatedPassedTestNamejs Jan Response DELETE ms testobfuscatedPassedTestNamejs state success testobfuscatedPassedTestNamejs sessionId bf a c b e fefc d adc b a b a testobfuscatedPassedTestNamejs value null testobfuscatedPassedTestNamejs status testobfuscatedPassedTestNamejs Jan Completed command cookie DELETE obfuscate Function ms testobfuscatedPassedTestNamejs Jan Completed command deleteCookie obfuscate ms testobfuscatedPassedTestNamejs Jan testobfuscatedPassedTestNamejs Running command perform Function testobfuscatedPassedTestNamejs Jan testobfuscatedPassedTestNamejs Running command setCookie name value domain path testobfuscatedPassedTestNamejs Jan testobfuscatedPassedTestNamejs Running command cookie POST name value domain path Function testobfuscatedPassedTestNamejs Jan Request POST wdhubsession bf a c b e fefc d adc b a b a cookie testobfuscatedPassedTestNamejs cookie testobfuscatedPassedTestNamejs name obfuscate testobfuscatedPassedTestNamejs value testobfuscatedPassedTestNamejs ChYIms gufotEJaeyJ D AEYms gufotEgwKBG wbHMQABgHIAESCwoDbWNoEAAYCSABEgsKA dibRAAGA gARIMCgQ bWNoEAAYByABEgsKA NhZBAAGAUgARILCgNkYWQQABgDIAESDAoEc BhbRAAGAkgARIMCgRub BlEAAYASABEgwKBGNvcHMQABgCIAESDAoEZGFkaRAAGAEgAQ testobfuscatedPassedTestNamejs domain obfuscatedTestDomaincom testobfuscatedPassedTestNamejs path testobfuscatedPassedTestNamejs Jan Response POST ms testobfuscatedPassedTestNamejs state success testobfuscatedPassedTestNamejs sessionId bf a c b e fefc d adc b a b a testobfuscatedPassedTestNamejs value null testobfuscatedPassedTestNamejs status testobfuscatedPassedTestNamejs Jan Completed command cookie POST name value domain path Function ms testobfuscatedPassedTestNamejs Jan Completed command setCookie name value domain path ms testobfuscatedPassedTestNamejs Jan testobfuscatedPassedTestNamejs Running command setCookie name value domain path Function testobfuscatedPassedTestNamejs Jan testobfuscatedPassedTestNamejs Running command cookie POST name value domain path Function testobfuscatedPassedTestNamejs Jan Request POST wdhubsession bf a c b e fefc d adc b a b a cookie testobfuscatedPassedTestNamejs cookie testobfuscatedPassedTestNamejs name obfuscate testobfuscatedPassedTestNamejs value testobfuscatedPassedTestNamejs ChYIms gufotEJaeyJ D AEYms gufotEgwKBG wbHMQABgHIAESCwoDbWNoEAAYCSABEgsKA dibRAAGA gARIMCgQ bWNoEAAYByABEgsKA NhZBAAGAUgARILCgNkYWQQABgDIAESDAoEc BhbRAAGAkgARIMCgRub BlEAAYASABEgwKBGNvcHMQABgCIAESDAoEZGFkaRAAGAEgAQ testobfuscatedPassedTestNamejs domain obfuscatedTestDomaincom testobfuscatedPassedTestNamejs path testobfuscatedPassedTestNamejs Jan Response POST ms testobfuscatedPassedTestNamejs state success testobfuscatedPassedTestNamejs sessionId bf a c b e fefc d adc b a b a testobfuscatedPassedTestNamejs value null testobfuscatedPassedTestNamejs status testobfuscatedPassedTestNamejs Jan Completed command perform Function ms testobfuscatedPassedTestNamejs Jan Completed command cookie POST name value domain path Function ms testobfuscatedPassedTestNamejs Jan Completed command setCookie name value domain path Function ms testobfuscatedPassedTestNamejs Jan testobfuscatedPassedTestNamejs Running command setCookie name value domain path testobfuscatedPassedTestNamejs Jan testobfuscatedPassedTestNamejs Running command cookie POST name value domain path Function testobfuscatedPassedTestNamejs Jan Request POST wdhubsession bf a c b e fefc d adc b a b a cookie testobfuscatedPassedTestNamejs cookie testobfuscatedPassedTestNamejs name obfuscate testobfuscatedPassedTestNamejs value true testobfuscatedPassedTestNamejs domain obfuscatedTestDomaincom testobfuscatedPassedTestNamejs path testobfuscatedPassedTestNamejs Jan Response POST ms testobfuscatedPassedTestNamejs state success testobfuscatedPassedTestNamejs sessionId bf a c b e fefc d adc b a b a testobfuscatedPassedTestNamejs value null testobfuscatedPassedTestNamejs status testobfuscatedPassedTestNamejs Jan Completed command cookie POST name value domain path Function ms testobfuscatedPassedTestNamejs Jan Completed command setCookie name value domain path ms testobfuscatedPassedTestNamejs Jan testobfuscatedPassedTestNamejs Running command setCookie name value domain path testobfuscatedPassedTestNamejs Jan testobfuscatedPassedTestNamejs Running command cookie POST name value domain path Function testobfuscatedPassedTestNamejs Jan Request POST wdhubsession bf a c b e fefc d adc b a b a cookie testobfuscatedPassedTestNamejs cookie testobfuscatedPassedTestNamejs name hideBranchAd testobfuscatedPassedTestNamejs value testobfuscatedPassedTestNamejs domain obfuscatedTestDomaincom testobfuscatedPassedTestNamejs path testobfuscatedPassedTestNamejs Jan Response POST ms testobfuscatedPassedTestNamejs state success testobfuscatedPassedTestNamejs sessionId bf a c b e fefc d adc b a b a testobfuscatedPassedTestNamejs value null testobfuscatedPassedTestNamejs status testobfuscatedPassedTestNamejs Jan Completed command cookie POST name value domain path Function ms testobfuscatedPassedTestNamejs Jan Completed command setCookie name value domain path ms testobfuscatedPassedTestNamejs Jan testobfuscatedPassedTestNamejs Running command setCookie name value domain path testobfuscatedPassedTestNamejs Jan testobfuscatedPassedTestNamejs Running command cookie POST name value domain path Function testobfuscatedPassedTestNamejs Jan Request POST wdhubsession bf a c b e fefc d adc b a b a cookie testobfuscatedPassedTestNamejs cookie name clac value domain obfuscatedTestDomaincom path testobfuscatedPassedTestNamejs Jan Response POST ms testobfuscatedPassedTestNamejs state success testobfuscatedPassedTestNamejs sessionId bf a c b e fefc d adc b a b a testobfuscatedPassedTestNamejs value null testobfuscatedPassedTestNamejs status testobfuscatedPassedTestNamejs Jan Completed command cookie POST name value domain path Function ms testobfuscatedPassedTestNamejs Jan Completed command setCookie name value domain path ms testobfuscatedPassedTestNamejs Jan Completed command setupTest forceTests ms testobfuscatedPassedTestNamejs Jan testobfuscatedPassedTestNamejs Running command mobileLogin chk Function testobfuscatedPassedTestNamejs Jan testobfuscatedPassedTestNamejs Running command url testobfuscatedPassedTestNamejs Jan Request POST wdhubsession bf a c b e fefc d adc b a b a url testobfuscatedPassedTestNamejs url testobfuscatedPassedTestNamejs Jan Response POST ms testobfuscatedPassedTestNamejs state success testobfuscatedPassedTestNamejs sessionId bf a c b e fefc d adc b a b a testobfuscatedPassedTestNamejs value null testobfuscatedPassedTestNamejs status testobfuscatedPassedTestNamejs Jan Completed command url ms testobfuscatedPassedTestNamejs Jan testobfuscatedPassedTestNamejs Running command waitForElementVisible name index selector locateStrategy pseudoSelector parent resolvedElement abortOnFailure suppressNotFoundErrors timeout retryInterval message testobfuscatedPassedTestNamejs Jan Request POST wdhubsession bf a c b e fefc d adc b a b a elements testobfuscatedPassedTestNamejs using css selector value apemail testobfuscatedPassedTestNamejs Jan Response POST ms testobfuscatedPassedTestNamejs state success testobfuscatedPassedTestNamejs sessionId bf a c b e fefc d adc b a b a testobfuscatedPassedTestNamejs value ELEMENT testobfuscatedPassedTestNamejs status testobfuscatedPassedTestNamejs Jan Request GET wdhubsession bf a c b e fefc d adc b a b a element displayed testobfuscatedPassedTestNamejs Jan Response GET ms testobfuscatedPassedTestNamejs state success testobfuscatedPassedTestNamejs sessionId bf a c b e fefc d adc b a b a testobfuscatedPassedTestNamejs value true testobfuscatedPassedTestNamejs status testobfuscatedPassedTestNamejs Jan Completed command waitForElementVisible name index selector locateStrategy pseudoSelector parent resolvedElement abortOnFailure suppressNotFoundErrors timeout retryInterval message ms testobfuscatedPassedTestNamejs Jan testobfuscatedPassedTestNamejs Running command clearValue name index selector locateStrategy pseudoSelector parent resolvedElement abortOnFailure suppressNotFoundErrors timeout retryInterval message testobfuscatedPassedTestNamejs Jan Request POST wdhubsession bf a c b e fefc d adc b a b a elements testobfuscatedPassedTestNamejs using css selector value apemail testobfuscatedPassedTestNamejs Jan Response POST ms testobfuscatedPassedTestNamejs state success testobfuscatedPassedTestNamejs sessionId bf a c b e fefc d adc b a b a testobfuscatedPassedTestNamejs value ELEMENT testobfuscatedPassedTestNamejs status testobfuscatedPassedTestNamejs Jan Request POST wdhubsession bf a c b e fefc d adc b a b a element clear testobfuscatedPassedTestNamejs testobfuscatedPassedTestNamejs Jan Response POST ms testobfuscatedPassedTestNamejs state success testobfuscatedPassedTestNamejs sessionId bf a c b e fefc d adc b a b a testobfuscatedPassedTestNamejs value null testobfuscatedPassedTestNamejs status testobfuscatedPassedTestNamejs Jan Completed command clearValue name index selector locateStrategy pseudoSelector parent resolvedElement abortOnFailure suppressNotFoundErrors timeout retryInterval message ms testobfuscatedPassedTestNamejs Jan testobfuscatedPassedTestNamejs Running command setValue name index selector locateStrategy pseudoSelector parent resolvedElement abortOnFailure suppressNotFoundErrors timeout retryInterval message testobfuscatedPassedTestNamejs Jan Request POST wdhubsession bf a c b e fefc d adc b a b a elements testobfuscatedPassedTestNamejs using css selector value apemail testobfuscatedPassedTestNamejs Jan Response POST ms testobfuscatedPassedTestNamejs state success testobfuscatedPassedTestNamejs sessionId bf a c b e fefc d adc b a b a testobfuscatedPassedTestNamejs value ELEMENT testobfuscatedPassedTestNamejs status testobfuscatedPassedTestNamejs Jan Request POST wdhubsession bf a c b e fefc d adc b a b a element value testobfuscatedPassedTestNamejs value testobfuscatedPassedTestNamejs testobfuscatedPassedTestNamejs Jan Response POST ms testobfuscatedPassedTestNamejs state success testobfuscatedPassedTestNamejs sessionId bf a c b e fefc d adc b a b a testobfuscatedPassedTestNamejs value null testobfuscatedPassedTestNamejs status testobfuscatedPassedTestNamejs Jan Completed command setValue name index selector locateStrategy pseudoSelector parent resolvedElement abortOnFailure suppressNotFoundErrors timeout retryInterval message ms testobfuscatedPassedTestNamejs Jan testobfuscatedPassedTestNamejs Running command clearValue name index selector locateStrategy pseudoSelector parent resolvedElement abortOnFailure suppressNotFoundErrors timeout retryInterval message testobfuscatedPassedTestNamejs Jan Request POST wdhubsession bf a c b e fefc d adc b a b a elements testobfuscatedPassedTestNamejs using css selector value appassword testobfuscatedPassedTestNamejs Jan Response POST ms testobfuscatedPassedTestNamejs state success testobfuscatedPassedTestNamejs sessionId bf a c b e fefc d adc b a b a testobfuscatedPassedTestNamejs value ELEMENT testobfuscatedPassedTestNamejs status testobfuscatedPassedTestNamejs Jan Request POST wdhubsession bf a c b e fefc d adc b a b a element clear testobfuscatedPassedTestNamejs testobfuscatedPassedTestNamejs Jan Response POST ms testobfuscatedPassedTestNamejs state success testobfuscatedPassedTestNamejs sessionId bf a c b e fefc d adc b a b a testobfuscatedPassedTestNamejs value null testobfuscatedPassedTestNamejs status testobfuscatedPassedTestNamejs Jan Completed command clearValue name index selector locateStrategy pseudoSelector parent resolvedElement abortOnFailure suppressNotFoundErrors timeout retryInterval message ms testobfuscatedPassedTestNamejs Jan testobfuscatedPassedTestNamejs Running command setValue name index selector locateStrategy pseudoSelector parent resolvedElement abortOnFailure suppressNotFoundErrors timeout retryInterval message obf testobfuscatedPassedTestNamejs Jan Request POST wdhubsession bf a c b e fefc d adc b a b a elements testobfuscatedPassedTestNamejs using css selector value appassword testobfuscatedPassedTestNamejs Jan Response POST ms testobfuscatedPassedTestNamejs state success testobfuscatedPassedTestNamejs sessionId bf a c b e fefc d adc b a b a testobfuscatedPassedTestNamejs value ELEMENT testobfuscatedPassedTestNamejs status testobfuscatedPassedTestNamejs Jan Request POST wdhubsession bf a c b e fefc d adc b a b a element value testobfuscatedPassedTestNamejs value testobfuscatedPassedTestNamejs testobfuscatedPassedTestNamejs Jan Response POST ms testobfuscatedPassedTestNamejs state success testobfuscatedPassedTestNamejs sessionId bf a c b e fefc d adc b a b a testobfuscatedPassedTestNamejs value null testobfuscatedPassedTestNamejs status testobfuscatedPassedTestNamejs Jan Completed command setValue name index selector locateStrategy pseudoSelector parent resolvedElement abortOnFailure suppressNotFoundErrors timeout retryInterval message obf ms testobfuscatedPassedTestNamejs Jan testobfuscatedPassedTestNamejs Running command click name index selector locateStrategy pseudoSelector parent resolvedElement abortOnFailure suppressNotFoundErrors timeout retryInterval message testobfuscatedPassedTestNamejs Jan Request POST wdhubsession bf a c b e fefc d adc b a b a elements testobfuscatedPassedTestNamejs using css selector testobfuscatedPassedTestNamejs value signInSubmitinputinputsignInSubmit testobfuscatedPassedTestNamejs Jan Response POST ms testobfuscatedPassedTestNamejs state success testobfuscatedPassedTestNamejs sessionId bf a c b e fefc d adc b a b a testobfuscatedPassedTestNamejs value ELEMENT testobfuscatedPassedTestNamejs status testobfuscatedPassedTestNamejs Jan Request POST wdhubsession bf a c b e fefc d adc b a b a element click testobfuscatedPassedTestNamejs testobfuscatedPassedTestNamejs Jan Response POST ms testobfuscatedPassedTestNamejs state success testobfuscatedPassedTestNamejs sessionId bf a c b e fefc d adc b a b a testobfuscatedPassedTestNamejs value null testobfuscatedPassedTestNamejs status testobfuscatedPassedTestNamejs Jan Completed command click name index selector locateStrategy pseudoSelector parent resolvedElement abortOnFailure suppressNotFoundErrors timeout retryInterval message ms testobfuscatedPassedTestNamejs Jan testobfuscatedPassedTestNamejs Running command waitForElementNotPresent name index selector locateStrategy pseudoSelector parent resolvedElement abortOnFailure suppressNotFoundErrors timeout retryInterval message testobfuscatedPassedTestNamejs Jan Request POST wdhubsession bf a c b e fefc d adc b a b a elements testobfuscatedPassedTestNamejs using css selector testobfuscatedPassedTestNamejs value signInSubmitinputinputsignInSubmit testobfuscatedPassedTestNamejs Jan Response POST ms testobfuscatedPassedTestNamejs state success testobfuscatedPassedTestNamejs sessionId bf a c b e fefc d adc b a b a testobfuscatedPassedTestNamejs value testobfuscatedPassedTestNamejs status testobfuscatedPassedTestNamejs Jan Completed command waitForElementNotPresent name index selector locateStrategy pseudoSelector parent resolvedElement abortOnFailure suppressNotFoundErrors timeout retryInterval message ms testobfuscatedPassedTestNamejs Jan testobfuscatedPassedTestNamejs Running command waitForUrlToContain authblatokenExchange testobfuscatedPassedTestNamejs Jan Completed command waitForUrlToContain authblatokenExchange ms testobfuscatedPassedTestNamejs Jan testobfuscatedPassedTestNamejs Running command perform Function testobfuscatedPassedTestNamejs Jan testobfuscatedPassedTestNamejs Running command url Function testobfuscatedPassedTestNamejs Jan Request GET wdhubsession bf a c b e fefc d adc b a b a url testobfuscatedPassedTestNamejs Jan Response GET ms testobfuscatedPassedTestNamejs state success testobfuscatedPassedTestNamejs sessionId bf a c b e fefc d adc b a b a testobfuscatedPassedTestNamejs value testobfuscatedPassedTestNamejs testobfuscatedPassedTestNamejs status testobfuscatedPassedTestNamejs Jan Completed command perform Function ms testobfuscatedPassedTestNamejs Jan testobfuscatedPassedTestNamejs Running command assertdeepEqual testobfuscatedPassedTestNamejs Jan Completed command url Function ms testobfuscatedPassedTestNamejs Jan Completed command assertdeepEqual ms testobfuscatedPassedTestNamejs Jan testobfuscatedPassedTestNamejs Running command getText body pre Function testobfuscatedPassedTestNamejs Jan Request POST wdhubsession bf a c b e fefc d adc b a b a elements testobfuscatedPassedTestNamejs using css selector value body pre testobfuscatedPassedTestNamejs Jan Response POST ms testobfuscatedPassedTestNamejs state success testobfuscatedPassedTestNamejs sessionId bf a c b e fefc d adc b a b a testobfuscatedPassedTestNamejs value ELEMENT testobfuscatedPassedTestNamejs status testobfuscatedPassedTestNamejs Jan Request GET wdhubsession bf a c b e fefc d adc b a b a element text testobfuscatedPassedTestNamejs Jan Response GET ms testobfuscatedPassedTestNamejs state success testobfuscatedPassedTestNamejs sessionId bf a c b e fefc d adc b a b a testobfuscatedPassedTestNamejs value testobfuscatedPassedTestNamejs obfuscated testobfuscatedPassedTestNamejs status testobfuscatedPassedTestNamejs Jan Completed command getText body pre Function ms testobfuscatedPassedTestNamejs Jan Completed command mobileLogin chk Function ms testobfuscatedPassedTestNamejs Jan testobfuscatedPassedTestNamejs Running command perform Function testobfuscatedPassedTestNamejs Jan testobfuscatedPassedTestNamejs Running command getCookies Function testobfuscatedPassedTestNamejs Jan testobfuscatedPassedTestNamejs Running command cookie GET Function testobfuscatedPassedTestNamejs Jan Request GET wdhubsession bf a c b e fefc d adc b a b a cookie testobfuscatedPassedTestNamejs Jan Response GET ms testobfuscatedPassedTestNamejs state success testobfuscatedPassedTestNamejs sessionId bf a c b e fefc d adc b a b a testobfuscatedPassedTestNamejs value testobfuscatedPassedTestNamejs path testobfuscatedPassedTestNamejs domain obfuscatedTestDomaincom testobfuscatedPassedTestNamejs name bmsv testobfuscatedPassedTestNamejs httpOnly true testobfuscatedPassedTestNamejs expiry testobfuscatedPassedTestNamejs hCode testobfuscatedPassedTestNamejs secure false testobfuscatedPassedTestNamejs value testobfuscatedPassedTestNamejs EC C F B BA AD GirCX X vnq WvLM XrQphSJKsUnRwEXbLmfyf ssEcPd D Xp IlLpYY AIS s lzswQVDyCAopyL HFFbXxPs fjnK JdPzuhe AUjVPAuoBMo d Avr yiy RDYocMc AJUXmT nL jQw testobfuscatedPassedTestNamejs class orgopenqaseleniumCookie testobfuscatedPassedTestNamejs path testobfuscatedPassedTestNamejs domain obfuscatedTestDomaincom testobfuscatedPassedTestNamejs name deviceType testobfuscatedPassedTestNamejs httpOnly false testobfuscatedPassedTestNamejs hCode testobfuscatedPassedTestNamejs secure false testobfuscatedPassedTestNamejs value mobile testobfuscatedPassedTestNamejs class orgopenqaseleniumCookie testobfuscatedPassedTestNamejs path testobfuscatedPassedTestNamejs domain obfuscatedTestDomaincom testobfuscatedPassedTestNamejs name obfuscatedCookie testobfuscatedPassedTestNamejs httpOnly false testobfuscatedPassedTestNamejs expiry testobfuscatedPassedTestNamejs hCode testobfuscatedPassedTestNamejs secure true testobfuscatedPassedTestNamejs value testobfuscatedPassedTestNamejs class orgopenqaseleniumCookie testobfuscatedPassedTestNamejs path testobfuscatedPassedTestNamejs domain obfuscatedTestDomaincom testobfuscatedPassedTestNamejs name clac testobfuscatedPassedTestNamejs httpOnly false testobfuscatedPassedTestNamejs expiry testobfuscatedPassedTestNamejs hCode testobfuscatedPassedTestNamejs secure true testobfuscatedPassedTestNamejs value testobfuscatedPassedTestNamejs class orgopenqaseleniumCookie testobfuscatedPassedTestNamejs path testobfuscatedPassedTestNamejs domain obfuscatedTestDomaincom testobfuscatedPassedTestNamejs name ubidmain testobfuscatedPassedTestNamejs httpOnly false testobfuscatedPassedTestNamejs expiry testobfuscatedPassedTestNamejs hCode testobfuscatedPassedTestNamejs secure false testobfuscatedPassedTestNamejs value testobfuscatedPassedTestNamejs class orgopenqaseleniumCookie testobfuscatedPassedTestNamejs path testobfuscatedPassedTestNamejs domain obfuscatedTestDomaincom testobfuscatedPassedTestNamejs name atmain testobfuscatedPassedTestNamejs httpOnly true testobfuscatedPassedTestNamejs expiry testobfuscatedPassedTestNamejs hCode testobfuscatedPassedTestNamejs secure true testobfuscatedPassedTestNamejs value testobfuscatedPassedTestNamejs AtzaIwEBIA UsiotNThnFXCt cF NxMuDiSt GS Mr LPYSxStLPTXcVZrSsbpkuULTF xCdoqqt Bdrk ivCoYVnjGvYIh xhK amSctdcKauWb WI L fVETE ZfpUyiE TalmnCDESxrCkWiSoSFY KkvheCQCeA oUjWQUBW UjssBNXj gSryaIXGKJqSrCpn mDFXYSE fRAKQATqngFnzAeNQpVNToB jGnrePYls GtimExEOSHFo rbyKPhvCTYDp G BfvGoSZ gu jCbW kWOPqMs X wiRRAAX QTaieCxaWoVJwVaEoOu BCqssT HfxloXLJcRGsHdNDGRVaUY xTJG Rwh j tdTSRBTWCuKvZcp FCf WwCwZTxLRUX testobfuscatedPassedTestNamejs class orgopenqaseleniumCookie testobfuscatedPassedTestNamejs path testobfuscatedPassedTestNamejs domain obfuscatedTestDomaincom testobfuscatedPassedTestNamejs name akbmsc testobfuscatedPassedTestNamejs httpOnly true testobfuscatedPassedTestNamejs expiry testobfuscatedPassedTestNamejs hCode testobfuscatedPassedTestNamejs secure false testobfuscatedPassedTestNamejs value testobfuscatedPassedTestNamejs F EAE F BB CB C A CB E ED FBBD plcUv mnx HUbfrZPwll OLLNX R vNdropDwJ c w e rydwvIylkOPTcQMu M ieK KhSqH NGRU v cECuJnLrs AZPUF k cNx qNXOuV O cFJddJABTHPLmDLlXWPBqc UPqW YpeueXCeLb yXywBah w GYsCXBaQ McSqMC oJvKeGUnyDZ btpMUk rjDN EBK WX GWjsXdXHe DgJ S pg testobfuscatedPassedTestNamejs class orgopenqaseleniumCookie testobfuscatedPassedTestNamejs path testobfuscatedPassedTestNamejs domain obfuscatedTestDomaincom testobfuscatedPassedTestNamejs name sessatmain testobfuscatedPassedTestNamejs httpOnly true testobfuscatedPassedTestNamejs expiry testobfuscatedPassedTestNamejs hCode testobfuscatedPassedTestNamejs secure true testobfuscatedPassedTestNamejs value yeLGOD AtEPlMxeXczU upzXQQ u TF RmwU testobfuscatedPassedTestNamejs class orgopenqaseleniumCookie testobfuscatedPassedTestNamejs path testobfuscatedPassedTestNamejs domain obfuscatedTestDomaincom testobfuscatedPassedTestNamejs name obfuscate testobfuscatedPassedTestNamejs httpOnly false testobfuscatedPassedTestNamejs expiry testobfuscatedPassedTestNamejs hCode testobfuscatedPassedTestNamejs secure true testobfuscatedPassedTestNamejs value testobfuscatedPassedTestNamejs ChYIms gufotEJaeyJ D AEYms gufotEgwKBG wbHMQABgHIAESCwoDbWNoEAAYCSABEgsKA dibRAAGA gARIMCgQ bWNoEAAYByABEgsKA NhZBAAGAUgARILCgNkYWQQABgDIAESDAoEc BhbRAAGAkgARIMCgRub BlEAAYASABEgwKBGNvcHMQABgCIAESDAoEZGFkaRAAGAEgAQ testobfuscatedPassedTestNamejs class orgopenqaseleniumCookie testobfuscatedPassedTestNamejs path testobfuscatedPassedTestNamejs domain obfuscatedTestDomaincom testobfuscatedPassedTestNamejs name clouddc testobfuscatedPassedTestNamejs httpOnly false testobfuscatedPassedTestNamejs hCode testobfuscatedPassedTestNamejs secure false testobfuscatedPassedTestNamejs value west testobfuscatedPassedTestNamejs class orgopenqaseleniumCookie testobfuscatedPassedTestNamejs path testobfuscatedPassedTestNamejs domain obfuscatedTestDomaincom testobfuscatedPassedTestNamejs name AKAA testobfuscatedPassedTestNamejs httpOnly true testobfuscatedPassedTestNamejs expiry testobfuscatedPassedTestNamejs hCode testobfuscatedPassedTestNamejs secure true testobfuscatedPassedTestNamejs value A testobfuscatedPassedTestNamejs class orgopenqaseleniumCookie testobfuscatedPassedTestNamejs path testobfuscatedPassedTestNamejs domain obfuscatedTestDomaincom testobfuscatedPassedTestNamejs name obfuscate testobfuscatedPassedTestNamejs httpOnly false testobfuscatedPassedTestNamejs expiry testobfuscatedPassedTestNamejs hCode testobfuscatedPassedTestNamejs secure true testobfuscatedPassedTestNamejs value testobfuscatedPassedTestNamejs ChYIms gufotEJaeyJ D AEYms gufotEgwKBG wbHMQABgHIAESCwoDbWNoEAAYCSABEgsKA dibRAAGA gARIMCgQ bWNoEAAYByABEgsKA NhZBAAGAUgARILCgNkYWQQABgDIAESDAoEc BhbRAAGAkgARIMCgRub BlEAAYASABEgwKBGNvcHMQABgCIAESDAoEZGFkaRAAGAEgAQ testobfuscatedPassedTestNamejs class orgopenqaseleniumCookie testobfuscatedPassedTestNamejs path testobfuscatedPassedTestNamejs domain obfuscatedTestDomaincom testobfuscatedPassedTestNamejs name sessionidtime testobfuscatedPassedTestNamejs httpOnly false testobfuscatedPassedTestNamejs expiry testobfuscatedPassedTestNamejs hCode testobfuscatedPassedTestNamejs secure false testobfuscatedPassedTestNamejs value l testobfuscatedPassedTestNamejs class orgopenqaseleniumCookie testobfuscatedPassedTestNamejs path testobfuscatedPassedTestNamejs domain obfuscatedTestDomaincom testobfuscatedPassedTestNamejs name hideBranchAd testobfuscatedPassedTestNamejs httpOnly false testobfuscatedPassedTestNamejs expiry testobfuscatedPassedTestNamejs hCode testobfuscatedPassedTestNamejs secure true testobfuscatedPassedTestNamejs value testobfuscatedPassedTestNamejs class orgopenqaseleniumCookie testobfuscatedPassedTestNamejs path testobfuscatedPassedTestNamejs domain obfuscatedTestDomaincom testobfuscatedPassedTestNamejs name xmain testobfuscatedPassedTestNamejs httpOnly false testobfuscatedPassedTestNamejs expiry testobfuscatedPassedTestNamejs hCode testobfuscatedPassedTestNamejs secure false testobfuscatedPassedTestNamejs value testobfuscatedPassedTestNamejs sqScffT thxaXEqpDYBSL nvWjKqTg kNaUs joCBOuVZeKnAD v Uznmt TgxY testobfuscatedPassedTestNamejs class orgopenqaseleniumCookie testobfuscatedPassedTestNamejs path testobfuscatedPassedTestNamejs domain obfuscatedTestDomaincom testobfuscatedPassedTestNamejs name obfuscate testobfuscatedPassedTestNamejs httpOnly false testobfuscatedPassedTestNamejs expiry testobfuscatedPassedTestNamejs hCode testobfuscatedPassedTestNamejs secure true testobfuscatedPassedTestNamejs value true testobfuscatedPassedTestNamejs class orgopenqaseleniumCookie testobfuscatedPassedTestNamejs path testobfuscatedPassedTestNamejs domain obfuscatedTestDomaincom testobfuscatedPassedTestNamejs name sessionid testobfuscatedPassedTestNamejs httpOnly false testobfuscatedPassedTestNamejs expiry testobfuscatedPassedTestNamejs hCode testobfuscatedPassedTestNamejs secure false testobfuscatedPassedTestNamejs value testobfuscatedPassedTestNamejs class orgopenqaseleniumCookie testobfuscatedPassedTestNamejs status testobfuscatedPassedTestNamejs Jan Completed command cookie GET Function ms testobfuscatedPassedTestNamejs Jan Completed command getCookies Function ms testobfuscatedPassedTestNamejs Jan privateVarunset API Call Completed testobfuscatedPassedTestNamejs Jan Completed command perform Function ms testobfuscatedPassedTestNamejs Jan testobfuscatedPassedTestNamejs Running command assertok testobfuscatedPassedTestNamejs Jan Completed command assertok ms testobfuscatedPassedTestNamejs Jan Running afterEach testobfuscatedPassedTestNamejs Jan Completed afterEach testobfuscatedPassedTestNamejs Obfuscated Should login s testobfuscatedPassedTestNamejs Jan Running beforeEach testobfuscatedPassedTestNamejs Jan Completed beforeEach testobfuscatedPassedTestNamejs Jan testobfuscatedPassedTestNamejs Running command perform Function testobfuscatedPassedTestNamejs Jan privateVarunset API Call Completed testobfuscatedPassedTestNamejs Jan privateVarunset API Call Completed testobfuscatedPassedTestNamejs going to pdp url testobfuscatedPassedTestNamejs clicking dimension obftestidd sizingChooser option value testobfuscatedPassedTestNamejs Jan Completed command perform Function ms testobfuscatedPassedTestNamejs Jan testobfuscatedPassedTestNamejs Running command url testobfuscatedPassedTestNamejs Jan Request POST wdhubsession bf a c b e fefc d adc b a b a url testobfuscatedPassedTestNamejs url testobfuscatedPassedTestNamejs Jan Response POST ms testobfuscatedPassedTestNamejs state success testobfuscatedPassedTestNamejs sessionId bf a c b e fefc d adc b a b a testobfuscatedPassedTestNamejs value null testobfuscatedPassedTestNamejs status testobfuscatedPassedTestNamejs Jan Completed command url ms testobfuscatedPassedTestNamejs Jan testobfuscatedPassedTestNamejs Running command waitForElementVisible obftestidproductDetail testobfuscatedPassedTestNamejs Jan Request POST wdhubsession bf a c b e fefc d adc b a b a elements testobfuscatedPassedTestNamejs using css selector testobfuscatedPassedTestNamejs value obftestidproductDetail testobfuscatedPassedTestNamejs Jan Response POST ms testobfuscatedPassedTestNamejs state success testobfuscatedPassedTestNamejs sessionId bf a c b e fefc d adc b a b a testobfuscatedPassedTestNamejs value ELEMENT testobfuscatedPassedTestNamejs status testobfuscatedPassedTestNamejs Jan Request GET wdhubsession bf a c b e fefc d adc b a b a element displayed testobfuscatedPassedTestNamejs Jan Response GET ms testobfuscatedPassedTestNamejs state success testobfuscatedPassedTestNamejs sessionId bf a c b e fefc d adc b a b a testobfuscatedPassedTestNamejs value true testobfuscatedPassedTestNamejs status testobfuscatedPassedTestNamejs Jan Completed command waitForElementVisible obftestidproductDetail ms testobfuscatedPassedTestNamejs Jan testobfuscatedPassedTestNamejs Running command click obftestidd sizingChooser option value testobfuscatedPassedTestNamejs Jan Request POST wdhubsession bf a c b e fefc d adc b a b a elements testobfuscatedPassedTestNamejs using css selector testobfuscatedPassedTestNamejs value obftestidd sizingChooser option value testobfuscatedPassedTestNamejs Jan Response POST ms testobfuscatedPassedTestNamejs state success testobfuscatedPassedTestNamejs sessionId bf a c b e fefc d adc b a b a testobfuscatedPassedTestNamejs value ELEMENT testobfuscatedPassedTestNamejs status testobfuscatedPassedTestNamejs Jan Request POST wdhubsession bf a c b e fefc d adc b a b a element click testobfuscatedPassedTestNamejs testobfuscatedPassedTestNamejs Jan Response POST ms testobfuscatedPassedTestNamejs state success testobfuscatedPassedTestNamejs sessionId bf a c b e fefc d adc b a b a testobfuscatedPassedTestNamejs value null testobfuscatedPassedTestNamejs status testobfuscatedPassedTestNamejs Jan Completed command click obftestidd sizingChooser option value ms testobfuscatedPassedTestNamejs Jan testobfuscatedPassedTestNamejs Running command assertok testobfuscatedPassedTestNamejs Jan Completed command assertok ms testobfuscatedPassedTestNamejs Jan testobfuscatedPassedTestNamejs Running command element name index selector locateStrategy pseudoSelector parent resolvedElement abortOnFailure suppressNotFoundErrors timeout retryInterval message testobfuscatedPassedTestNamejs Jan Request POST wdhubsession bf a c b e fefc d adc b a b a elements testobfuscatedPassedTestNamejs using css selector value obftestidaddToCart testobfuscatedPassedTestNamejs Jan Response POST ms testobfuscatedPassedTestNamejs state success testobfuscatedPassedTestNamejs sessionId bf a c b e fefc d adc b a b a testobfuscatedPassedTestNamejs value ELEMENT testobfuscatedPassedTestNamejs status testobfuscatedPassedTestNamejs Jan Completed command element name index selector locateStrategy pseudoSelector parent resolvedElement abortOnFailure suppressNotFoundErrors timeout retryInterval message ms testobfuscatedPassedTestNamejs Jan testobfuscatedPassedTestNamejs Running command lazyLoadSafeClick name index selector locateStrategy pseudoSelector parent resolvedElement abortOnFailure suppressNotFoundErrors timeout retryInterval message testobfuscatedPassedTestNamejs Jan testobfuscatedPassedTestNamejs Running command getLocationInView name index selector locateStrategy pseudoSelector parent resolvedElement abortOnFailure suppressNotFoundErrors timeout retryInterval message testobfuscatedPassedTestNamejs Jan Request POST wdhubsession bf a c b e fefc d adc b a b a elements testobfuscatedPassedTestNamejs using css selector value obftestidaddToCart testobfuscatedPassedTestNamejs Jan Response POST ms testobfuscatedPassedTestNamejs state success testobfuscatedPassedTestNamejs sessionId bf a c b e fefc d adc b a b a testobfuscatedPassedTestNamejs value ELEMENT testobfuscatedPassedTestNamejs status testobfuscatedPassedTestNamejs Jan Request GET wdhubsession bf a c b e fefc d adc b a b a element locationinview testobfuscatedPassedTestNamejs Jan Response GET ms testobfuscatedPassedTestNamejs state success testobfuscatedPassedTestNamejs sessionId bf a c b e fefc d adc b a b a testobfuscatedPassedTestNamejs value x y testobfuscatedPassedTestNamejs status testobfuscatedPassedTestNamejs Jan Completed command getLocationInView name index selector locateStrategy pseudoSelector parent resolvedElement abortOnFailure suppressNotFoundErrors timeout retryInterval message ms testobfuscatedPassedTestNamejs Jan testobfuscatedPassedTestNamejs Running command waitForElementToBeSteady name index selector locateStrategy pseudoSelector parent resolvedElement abortOnFailure suppressNotFoundErrors timeout retryInterval message testobfuscatedPassedTestNamejs Jan Completed command waitForElementToBeSteady name index selector locateStrategy pseudoSelector parent resolvedElement abortOnFailure suppressNotFoundErrors timeout retryInterval message ms testobfuscatedPassedTestNamejs Jan testobfuscatedPassedTestNamejs Running command perform Function testobfuscatedPassedTestNamejs Jan testobfuscatedPassedTestNamejs Running command elements css selector name index selector locateStrategy pseudoSelector parent resolvedElement abortOnFailure suppressNotFoundErrors timeout retryInterval message Function testobfuscatedPassedTestNamejs Jan Request POST wdhubsession bf a c b e fefc d adc b a b a elements testobfuscatedPassedTestNamejs using css selector value obftestidaddToCart testobfuscatedPassedTestNamejs Jan Response POST ms testobfuscatedPassedTestNamejs state success testobfuscatedPassedTestNamejs sessionId bf a c b e fefc d adc b a b a testobfuscatedPassedTestNamejs value ELEMENT testobfuscatedPassedTestNamejs status testobfuscatedPassedTestNamejs Jan Completed command elements css selector name index selector locateStrategy pseudoSelector parent resolvedElement abortOnFailure suppressNotFoundErrors timeout retryInterval message Function ms testobfuscatedPassedTestNamejs Jan testobfuscatedPassedTestNamejs Running command elementIdLocation Function testobfuscatedPassedTestNamejs Jan Request GET wdhubsession bf a c b e fefc d adc b a b a element location testobfuscatedPassedTestNamejs Jan Response GET ms testobfuscatedPassedTestNamejs state success testobfuscatedPassedTestNamejs sessionId bf a c b e fefc d adc b a b a testobfuscatedPassedTestNamejs value x y testobfuscatedPassedTestNamejs status testobfuscatedPassedTestNamejs Jan Completed command elementIdLocation Function ms testobfuscatedPassedTestNamejs Jan testobfuscatedPassedTestNamejs Running command perform Function testobfuscatedPassedTestNamejs Jan Completed command perform Function ms testobfuscatedPassedTestNamejs Jan testobfuscatedPassedTestNamejs Running command elements css selector name index selector locateStrategy pseudoSelector parent resolvedElement abortOnFailure suppressNotFoundErrors timeout retryInterval message Function testobfuscatedPassedTestNamejs Jan Request POST wdhubsession bf a c b e fefc d adc b a b a elements testobfuscatedPassedTestNamejs using css selector value obftestidaddToCart testobfuscatedPassedTestNamejs Jan Response POST ms testobfuscatedPassedTestNamejs state success testobfuscatedPassedTestNamejs sessionId bf a c b e fefc d adc b a b a testobfuscatedPassedTestNamejs value ELEMENT testobfuscatedPassedTestNamejs status testobfuscatedPassedTestNamejs Jan Completed command elements css selector name index selector locateStrategy pseudoSelector parent resolvedElement abortOnFailure suppressNotFoundErrors timeout retryInterval message Function ms testobfuscatedPassedTestNamejs Jan testobfuscatedPassedTestNamejs Running command elementIdLocation Function testobfuscatedPassedTestNamejs Jan Request GET wdhubsession bf a c b e fefc d adc b a b a element location testobfuscatedPassedTestNamejs Jan Response GET ms testobfuscatedPassedTestNamejs state success testobfuscatedPassedTestNamejs sessionId bf a c b e fefc d adc b a b a testobfuscatedPassedTestNamejs value x y testobfuscatedPassedTestNamejs status testobfuscatedPassedTestNamejs Jan Completed command elementIdLocation Function ms testobfuscatedPassedTestNamejs Jan testobfuscatedPassedTestNamejs Running command perform Function testobfuscatedPassedTestNamejs Jan Completed command perform Function ms testobfuscatedPassedTestNamejs Jan Completed command perform Function ms testobfuscatedPassedTestNamejs Jan testobfuscatedPassedTestNamejs Running command click name index selector locateStrategy pseudoSelector parent resolvedElement abortOnFailure suppressNotFoundErrors timeout retryInterval message testobfuscatedPassedTestNamejs Jan Request POST wdhubsession bf a c b e fefc d adc b a b a elements testobfuscatedPassedTestNamejs using css selector value obftestidaddToCart testobfuscatedPassedTestNamejs Jan Response POST ms testobfuscatedPassedTestNamejs state success testobfuscatedPassedTestNamejs sessionId bf a c b e fefc d adc b a b a testobfuscatedPassedTestNamejs value ELEMENT testobfuscatedPassedTestNamejs status testobfuscatedPassedTestNamejs Jan Request POST wdhubsession bf a c b e fefc d adc b a b a element click testobfuscatedPassedTestNamejs testobfuscatedPassedTestNamejs Jan Response POST ms testobfuscatedPassedTestNamejs state success testobfuscatedPassedTestNamejs sessionId bf a c b e fefc d adc b a b a testobfuscatedPassedTestNamejs value null testobfuscatedPassedTestNamejs status testobfuscatedPassedTestNamejs Jan Completed command click name index selector locateStrategy pseudoSelector parent resolvedElement abortOnFailure suppressNotFoundErrors timeout retryInterval message ms testobfuscatedPassedTestNamejs Jan Completed command lazyLoadSafeClick name index selector locateStrategy pseudoSelector parent resolvedElement abortOnFailure suppressNotFoundErrors timeout retryInterval message ms testobfuscatedPassedTestNamejs Jan testobfuscatedPassedTestNamejs Running command waitForElementVisible name index selector locateStrategy pseudoSelector parent resolvedElement abortOnFailure suppressNotFoundErrors timeout retryInterval message testobfuscatedPassedTestNamejs Jan Request POST wdhubsession bf a c b e fefc d adc b a b a elements testobfuscatedPassedTestNamejs using css selector value obftestidcartModal testobfuscatedPassedTestNamejs Jan Response POST ms testobfuscatedPassedTestNamejs state success testobfuscatedPassedTestNamejs sessionId bf a c b e fefc d adc b a b a testobfuscatedPassedTestNamejs value testobfuscatedPassedTestNamejs status testobfuscatedPassedTestNamejs Jan Request POST wdhubsession bf a c b e fefc d adc b a b a elements testobfuscatedPassedTestNamejs using css selector value obftestidcartModal testobfuscatedPassedTestNamejs Jan Response POST ms testobfuscatedPassedTestNamejs state success testobfuscatedPassedTestNamejs sessionId bf a c b e fefc d adc b a b a testobfuscatedPassedTestNamejs value ELEMENT testobfuscatedPassedTestNamejs status testobfuscatedPassedTestNamejs Jan Request GET wdhubsession bf a c b e fefc d adc b a b a element displayed testobfuscatedPassedTestNamejs Jan Response GET ms testobfuscatedPassedTestNamejs state success testobfuscatedPassedTestNamejs sessionId bf a c b e fefc d adc b a b a testobfuscatedPassedTestNamejs value true testobfuscatedPassedTestNamejs status testobfuscatedPassedTestNamejs Jan Completed command waitForElementVisible name index selector locateStrategy pseudoSelector parent resolvedElement abortOnFailure suppressNotFoundErrors timeout retryInterval message ms testobfuscatedPassedTestNamejs Jan Running afterEach testobfuscatedPassedTestNamejs Jan Completed afterEach testobfuscatedPassedTestNamejs Obfuscated Add item to cart s testobfuscatedPassedTestNamejs Jan Running beforeEach testobfuscatedPassedTestNamejs Jan Completed beforeEach testobfuscatedPassedTestNamejs Jan testobfuscatedPassedTestNamejs Running command url testobfuscatedPassedTestNamejs Jan Request POST wdhubsession bf a c b e fefc d adc b a b a url testobfuscatedPassedTestNamejs url testobfuscatedPassedTestNamejs Jan Response POST ms testobfuscatedPassedTestNamejs state success testobfuscatedPassedTestNamejs sessionId bf a c b e fefc d adc b a b a testobfuscatedPassedTestNamejs value null testobfuscatedPassedTestNamejs status testobfuscatedPassedTestNamejs Jan Completed command url ms testobfuscatedPassedTestNamejs Jan testobfuscatedPassedTestNamejs Running command waitForElementNotPresent obftestidloader testobfuscatedPassedTestNamejs Jan Request POST wdhubsession bf a c b e fefc d adc b a b a elements testobfuscatedPassedTestNamejs using css selector value obftestidloader testobfuscatedPassedTestNamejs Jan Response POST ms testobfuscatedPassedTestNamejs state success testobfuscatedPassedTestNamejs sessionId bf a c b e fefc d adc b a b a testobfuscatedPassedTestNamejs value ELEMENT testobfuscatedPassedTestNamejs status testobfuscatedPassedTestNamejs Jan Request POST wdhubsession bf a c b e fefc d adc b a b a elements testobfuscatedPassedTestNamejs using css selector value obftestidloader testobfuscatedPassedTestNamejs Jan Response POST ms testobfuscatedPassedTestNamejs state success testobfuscatedPassedTestNamejs sessionId bf a c b e fefc d adc b a b a testobfuscatedPassedTestNamejs value testobfuscatedPassedTestNamejs status testobfuscatedPassedTestNamejs Jan Completed command waitForElementNotPresent obftestidloader ms testobfuscatedPassedTestNamejs Jan testobfuscatedPassedTestNamejs Running command elements css selector obftestidquantitySelector Function testobfuscatedPassedTestNamejs Jan Request POST wdhubsession bf a c b e fefc d adc b a b a elements testobfuscatedPassedTestNamejs using css selector testobfuscatedPassedTestNamejs value obftestidquantitySelector testobfuscatedPassedTestNamejs Jan Response POST ms testobfuscatedPassedTestNamejs state success testobfuscatedPassedTestNamejs sessionId bf a c b e fefc d adc b a b a testobfuscatedPassedTestNamejs value ELEMENT testobfuscatedPassedTestNamejs status testobfuscatedPassedTestNamejs Jan Completed command elements css selector obftestidquantitySelector Function ms testobfuscatedPassedTestNamejs Jan testobfuscatedPassedTestNamejs Running command assertok testobfuscatedPassedTestNamejs Jan Completed command assertok ms testobfuscatedPassedTestNamejs Jan testobfuscatedPassedTestNamejs Running command elementIdElement css selector option value Function testobfuscatedPassedTestNamejs Jan Request POST wdhubsession bf a c b e fefc d adc b a b a element element testobfuscatedPassedTestNamejs using css selector value option value testobfuscatedPassedTestNamejs Jan Response POST ms testobfuscatedPassedTestNamejs state success testobfuscatedPassedTestNamejs sessionId bf a c b e fefc d adc b a b a testobfuscatedPassedTestNamejs value ELEMENT testobfuscatedPassedTestNamejs status testobfuscatedPassedTestNamejs Jan Completed command elementIdElement css selector option value Function ms testobfuscatedPassedTestNamejs Jan testobfuscatedPassedTestNamejs Running command elementIdClick Function testobfuscatedPassedTestNamejs Jan Request POST wdhubsession bf a c b e fefc d adc b a b a element click testobfuscatedPassedTestNamejs testobfuscatedPassedTestNamejs Jan Response POST ms testobfuscatedPassedTestNamejs state success testobfuscatedPassedTestNamejs sessionId bf a c b e fefc d adc b a b a testobfuscatedPassedTestNamejs value null testobfuscatedPassedTestNamejs status testobfuscatedPassedTestNamejs Jan Completed command elementIdClick Function ms testobfuscatedPassedTestNamejs Jan testobfuscatedPassedTestNamejs Running command waitForElementNotPresent name index selector locateStrategy pseudoSelector parent resolvedElement abortOnFailure suppressNotFoundErrors timeout retryInterval message testobfuscatedPassedTestNamejs Jan Request POST wdhubsession bf a c b e fefc d adc b a b a elements testobfuscatedPassedTestNamejs using css selector value obftestidloader testobfuscatedPassedTestNamejs Jan Response POST ms testobfuscatedPassedTestNamejs state success testobfuscatedPassedTestNamejs sessionId bf a c b e fefc d adc b a b a testobfuscatedPassedTestNamejs value testobfuscatedPassedTestNamejs status testobfuscatedPassedTestNamejs Jan Completed command waitForElementNotPresent name index selector locateStrategy pseudoSelector parent resolvedElement abortOnFailure suppressNotFoundErrors timeout retryInterval message ms testobfuscatedPassedTestNamejs Jan testobfuscatedPassedTestNamejs Running command waitForElemEnabled obftestidplaceOrderButton testobfuscatedPassedTestNamejs Jan Completed command waitForElemEnabled obftestidplaceOrderButton ms testobfuscatedPassedTestNamejs Jan testobfuscatedPassedTestNamejs Running command perform Function testobfuscatedPassedTestNamejs Jan testobfuscatedPassedTestNamejs Running command elements css selector obftestidplaceOrderButton Function testobfuscatedPassedTestNamejs Jan Request POST wdhubsession bf a c b e fefc d adc b a b a elements testobfuscatedPassedTestNamejs using css selector testobfuscatedPassedTestNamejs value obftestidplaceOrderButton testobfuscatedPassedTestNamejs Jan Response POST ms testobfuscatedPassedTestNamejs state success testobfuscatedPassedTestNamejs sessionId bf a c b e fefc d adc b a b a testobfuscatedPassedTestNamejs value ELEMENT ELEMENT testobfuscatedPassedTestNamejs status testobfuscatedPassedTestNamejs Jan Completed command elements css selector obftestidplaceOrderButton Function ms testobfuscatedPassedTestNamejs Jan testobfuscatedPassedTestNamejs Running command assertdeepEqual testobfuscatedPassedTestNamejs Jan Completed command assertdeepEqual ms testobfuscatedPassedTestNamejs Jan testobfuscatedPassedTestNamejs Running command elementIdEnabled Function testobfuscatedPassedTestNamejs Jan Request GET wdhubsession bf a c b e fefc d adc b a b a element enabled testobfuscatedPassedTestNamejs Jan Response GET ms testobfuscatedPassedTestNamejs state success testobfuscatedPassedTestNamejs sessionId bf a c b e fefc d adc b a b a testobfuscatedPassedTestNamejs value false testobfuscatedPassedTestNamejs status testobfuscatedPassedTestNamejs Jan Completed command elementIdEnabled Function ms testobfuscatedPassedTestNamejs Jan testobfuscatedPassedTestNamejs Running command elementIdEnabled Function testobfuscatedPassedTestNamejs Jan Request GET wdhubsession bf a c b e fefc d adc b a b a element enabled testobfuscatedPassedTestNamejs Jan Response GET ms testobfuscatedPassedTestNamejs state success testobfuscatedPassedTestNamejs sessionId bf a c b e fefc d adc b a b a testobfuscatedPassedTestNamejs value false testobfuscatedPassedTestNamejs status testobfuscatedPassedTestNamejs Jan Completed command elementIdEnabled Function ms testobfuscatedPassedTestNamejs Jan testobfuscatedPassedTestNamejs Running command perform Function testobfuscatedPassedTestNamejs Jan Completed command perform Function ms testobfuscatedPassedTestNamejs Jan testobfuscatedPassedTestNamejs Running command elements css selector obftestidplaceOrderButton Function testobfuscatedPassedTestNamejs Jan Request POST wdhubsession bf a c b e fefc d adc b a b a elements testobfuscatedPassedTestNamejs using css selector testobfuscatedPassedTestNamejs value obftestidplaceOrderButton testobfuscatedPassedTestNamejs Jan Response POST ms testobfuscatedPassedTestNamejs state success testobfuscatedPassedTestNamejs sessionId bf a c b e fefc d adc b a b a testobfuscatedPassedTestNamejs value ELEMENT ELEMENT testobfuscatedPassedTestNamejs status testobfuscatedPassedTestNamejs Jan Completed command elements css selector obftestidplaceOrderButton Function ms testobfuscatedPassedTestNamejs Jan testobfuscatedPassedTestNamejs Running command assertdeepEqual testobfuscatedPassedTestNamejs Jan Completed command assertdeepEqual ms testobfuscatedPassedTestNamejs Jan testobfuscatedPassedTestNamejs Running command elementIdEnabled Function testobfuscatedPassedTestNamejs Jan Request GET wdhubsession bf a c b e fefc d adc b a b a element enabled testobfuscatedPassedTestNamejs Jan Response GET ms testobfuscatedPassedTestNamejs state success testobfuscatedPassedTestNamejs sessionId bf a c b e fefc d adc b a b a testobfuscatedPassedTestNamejs value false testobfuscatedPassedTestNamejs status testobfuscatedPassedTestNamejs Jan Completed command elementIdEnabled Function ms testobfuscatedPassedTestNamejs Jan testobfuscatedPassedTestNamejs Running command elementIdEnabled Function testobfuscatedPassedTestNamejs Jan Request GET wdhubsession bf a c b e fefc d adc b a b a element enabled testobfuscatedPassedTestNamejs Jan Response GET ms testobfuscatedPassedTestNamejs state success testobfuscatedPassedTestNamejs sessionId bf a c b e fefc d adc b a b a testobfuscatedPassedTestNamejs value false testobfuscatedPassedTestNamejs status testobfuscatedPassedTestNamejs Jan Completed command elementIdEnabled Function ms testobfuscatedPassedTestNamejs Jan testobfuscatedPassedTestNamejs Running command perform Function testobfuscatedPassedTestNamejs Jan Completed command perform Function ms testobfuscatedPassedTestNamejs Jan testobfuscatedPassedTestNamejs Running command elements css selector obftestidplaceOrderButton Function testobfuscatedPassedTestNamejs Jan Request POST wdhubsession bf a c b e fefc d adc b a b a elements testobfuscatedPassedTestNamejs using css selector testobfuscatedPassedTestNamejs value obftestidplaceOrderButton testobfuscatedPassedTestNamejs Jan Response POST ms testobfuscatedPassedTestNamejs state success testobfuscatedPassedTestNamejs sessionId bf a c b e fefc d adc b a b a testobfuscatedPassedTestNamejs value ELEMENT ELEMENT testobfuscatedPassedTestNamejs status testobfuscatedPassedTestNamejs Jan Completed command elements css selector obftestidplaceOrderButton Function ms testobfuscatedPassedTestNamejs Jan testobfuscatedPassedTestNamejs Running command assertdeepEqual testobfuscatedPassedTestNamejs Jan Completed command assertdeepEqual ms testobfuscatedPassedTestNamejs Jan testobfuscatedPassedTestNamejs Running command elementIdEnabled Function testobfuscatedPassedTestNamejs Jan Request GET wdhubsession bf a c b e fefc d adc b a b a element enabled testobfuscatedPassedTestNamejs Jan Response GET ms testobfuscatedPassedTestNamejs state success testobfuscatedPassedTestNamejs sessionId bf a c b e fefc d adc b a b a testobfuscatedPassedTestNamejs value true testobfuscatedPassedTestNamejs status testobfuscatedPassedTestNamejs Jan Completed command elementIdEnabled Function ms testobfuscatedPassedTestNamejs Jan testobfuscatedPassedTestNamejs Running command elementIdEnabled Function testobfuscatedPassedTestNamejs Jan Request GET wdhubsession bf a c b e fefc d adc b a b a element enabled testobfuscatedPassedTestNamejs Jan Response GET ms testobfuscatedPassedTestNamejs state success testobfuscatedPassedTestNamejs sessionId bf a c b e fefc d adc b a b a testobfuscatedPassedTestNamejs value true testobfuscatedPassedTestNamejs status testobfuscatedPassedTestNamejs Jan Completed command elementIdEnabled Function ms testobfuscatedPassedTestNamejs Jan testobfuscatedPassedTestNamejs Running command perform Function testobfuscatedPassedTestNamejs Jan Completed command perform Function ms testobfuscatedPassedTestNamejs Jan Completed command perform Function ms testobfuscatedPassedTestNamejs Jan testobfuscatedPassedTestNamejs Running command elements css selector obftestidquantitySelector Function testobfuscatedPassedTestNamejs Jan Request POST wdhubsession bf a c b e fefc d adc b a b a elements testobfuscatedPassedTestNamejs using css selector testobfuscatedPassedTestNamejs value obftestidquantitySelector testobfuscatedPassedTestNamejs Jan Response POST ms testobfuscatedPassedTestNamejs state success testobfuscatedPassedTestNamejs sessionId bf a c b e fefc d adc b a b a testobfuscatedPassedTestNamejs value ELEMENT testobfuscatedPassedTestNamejs status testobfuscatedPassedTestNamejs Jan Completed command elements css selector obftestidquantitySelector Function ms testobfuscatedPassedTestNamejs Jan testobfuscatedPassedTestNamejs Running command assertok testobfuscatedPassedTestNamejs Jan Completed command assertok ms testobfuscatedPassedTestNamejs Jan testobfuscatedPassedTestNamejs Running command elementIdValue Function testobfuscatedPassedTestNamejs Jan Request GET wdhubsession bf a c b e fefc d adc b a b a element attributevalue testobfuscatedPassedTestNamejs Jan Response GET ms testobfuscatedPassedTestNamejs state success testobfuscatedPassedTestNamejs sessionId bf a c b e fefc d adc b a b a testobfuscatedPassedTestNamejs value testobfuscatedPassedTestNamejs status testobfuscatedPassedTestNamejs Jan Completed command elementIdValue Function ms testobfuscatedPassedTestNamejs Jan testobfuscatedPassedTestNamejs Running command assertstrictEqual testobfuscatedPassedTestNamejs Jan Completed command assertstrictEqual ms testobfuscatedPassedTestNamejs Jan Running afterEach testobfuscatedPassedTestNamejs Jan Completed afterEach testobfuscatedPassedTestNamejs Obfuscated Go to checkout and change item quantity s testobfuscatedPassedTestNamejs Jan Running beforeEach testobfuscatedPassedTestNamejs Jan Completed beforeEach testobfuscatedPassedTestNamejs Jan testobfuscatedPassedTestNamejs Running command url testobfuscatedPassedTestNamejs Jan Request POST wdhubsession bf a c b e fefc d adc b a b a url testobfuscatedPassedTestNamejs url testobfuscatedPassedTestNamejs Jan Response POST ms testobfuscatedPassedTestNamejs state success testobfuscatedPassedTestNamejs sessionId bf a c b e fefc d adc b a b a testobfuscatedPassedTestNamejs value null testobfuscatedPassedTestNamejs status testobfuscatedPassedTestNamejs Jan Completed command url ms testobfuscatedPassedTestNamejs Jan testobfuscatedPassedTestNamejs Running command element name index selector locateStrategy pseudoSelector parent resolvedElement abortOnFailure suppressNotFoundErrors timeout retryInterval message testobfuscatedPassedTestNamejs Jan Request POST wdhubsession bf a c b e fefc d adc b a b a elements testobfuscatedPassedTestNamejs using css selector testobfuscatedPassedTestNamejs value obftestidsubtotalLabel testobfuscatedPassedTestNamejs Jan Response POST ms testobfuscatedPassedTestNamejs state success testobfuscatedPassedTestNamejs sessionId bf a c b e fefc d adc b a b a testobfuscatedPassedTestNamejs value ELEMENT testobfuscatedPassedTestNamejs status testobfuscatedPassedTestNamejs Jan Request GET wdhubsession bf a c b e fefc d adc b a b a element text testobfuscatedPassedTestNamejs Jan Response GET ms testobfuscatedPassedTestNamejs state success testobfuscatedPassedTestNamejs sessionId bf a c b e fefc d adc b a b a testobfuscatedPassedTestNamejs value Subtotal items testobfuscatedPassedTestNamejs status testobfuscatedPassedTestNamejs Jan Completed command element name index selector locateStrategy pseudoSelector parent resolvedElement abortOnFailure suppressNotFoundErrors timeout retryInterval message ms testobfuscatedPassedTestNamejs Jan testobfuscatedPassedTestNamejs Running command elements css selector obftestidquantityDropdown Function testobfuscatedPassedTestNamejs Jan Request POST wdhubsession bf a c b e fefc d adc b a b a elements testobfuscatedPassedTestNamejs using css selector testobfuscatedPassedTestNamejs value obftestidquantityDropdown testobfuscatedPassedTestNamejs Jan Response POST ms testobfuscatedPassedTestNamejs state success testobfuscatedPassedTestNamejs sessionId bf a c b e fefc d adc b a b a testobfuscatedPassedTestNamejs value ELEMENT testobfuscatedPassedTestNamejs status testobfuscatedPassedTestNamejs Jan Completed command elements css selector obftestidquantityDropdown Function ms testobfuscatedPassedTestNamejs Jan testobfuscatedPassedTestNamejs Running command assertok testobfuscatedPassedTestNamejs Jan Completed command assertok ms testobfuscatedPassedTestNamejs Jan testobfuscatedPassedTestNamejs Running command elementIdElement css selector option value Function testobfuscatedPassedTestNamejs Jan Request POST wdhubsession bf a c b e fefc d adc b a b a element element testobfuscatedPassedTestNamejs using css selector value option value testobfuscatedPassedTestNamejs Jan Response POST ms testobfuscatedPassedTestNamejs state success testobfuscatedPassedTestNamejs sessionId bf a c b e fefc d adc b a b a testobfuscatedPassedTestNamejs value ELEMENT testobfuscatedPassedTestNamejs status testobfuscatedPassedTestNamejs Jan Completed command elementIdElement css selector option value Function ms testobfuscatedPassedTestNamejs Jan testobfuscatedPassedTestNamejs Running command elementIdClick Function testobfuscatedPassedTestNamejs Jan Request POST wdhubsession bf a c b e fefc d adc b a b a element click testobfuscatedPassedTestNamejs testobfuscatedPassedTestNamejs Jan Response POST ms testobfuscatedPassedTestNamejs state success testobfuscatedPassedTestNamejs sessionId bf a c b e fefc d adc b a b a testobfuscatedPassedTestNamejs value null testobfuscatedPassedTestNamejs status testobfuscatedPassedTestNamejs Jan Completed command elementIdClick Function ms testobfuscatedPassedTestNamejs Jan testobfuscatedPassedTestNamejs Running command waitForElementNotPresent obftestidloader testobfuscatedPassedTestNamejs Jan Request POST wdhubsession bf a c b e fefc d adc b a b a elements testobfuscatedPassedTestNamejs using css selector value obftestidloader testobfuscatedPassedTestNamejs Jan Response POST ms testobfuscatedPassedTestNamejs state success testobfuscatedPassedTestNamejs sessionId bf a c b e fefc d adc b a b a testobfuscatedPassedTestNamejs value testobfuscatedPassedTestNamejs status testobfuscatedPassedTestNamejs Jan Completed command waitForElementNotPresent obftestidloader ms testobfuscatedPassedTestNamejs Jan testobfuscatedPassedTestNamejs Running command element name index selector locateStrategy pseudoSelector parent resolvedElement abortOnFailure suppressNotFoundErrors timeout retryInterval message testobfuscatedPassedTestNamejs Jan Request POST wdhubsession bf a c b e fefc d adc b a b a elements testobfuscatedPassedTestNamejs using css selector value obftestidemptyCart testobfuscatedPassedTestNamejs Jan Response POST ms testobfuscatedPassedTestNamejs state success testobfuscatedPassedTestNamejs sessionId bf a c b e fefc d adc b a b a testobfuscatedPassedTestNamejs value testobfuscatedPassedTestNamejs status testobfuscatedPassedTestNamejs Jan Request POST wdhubsession bf a c b e fefc d adc b a b a elements testobfuscatedPassedTestNamejs using css selector value obftestidemptyCart testobfuscatedPassedTestNamejs Jan Response POST ms testobfuscatedPassedTestNamejs state success testobfuscatedPassedTestNamejs sessionId bf a c b e fefc d adc b a b a testobfuscatedPassedTestNamejs value ELEMENT testobfuscatedPassedTestNamejs status testobfuscatedPassedTestNamejs Jan Completed command element name index selector locateStrategy pseudoSelector parent resolvedElement abortOnFailure suppressNotFoundErrors timeout retryInterval message ms testobfuscatedPassedTestNamejs Jan Running afterEach testobfuscatedPassedTestNamejs Jan Completed afterEach testobfuscatedPassedTestNamejs Obfuscated Check quantity in Cart s testobfuscatedPassedTestNamejs Jan Running after testobfuscatedPassedTestNamejs Jan Completed after testobfuscatedPassedTestNamejs Jan testobfuscatedPassedTestNamejs Running command perform Function testobfuscatedPassedTestNamejs Jan privateVarunset API Call Completed time ms statusCode testobfuscatedPassedTestNamejs Jan Completed command perform Function ms testobfuscatedPassedTestNamejs Jan testobfuscatedPassedTestNamejs Running command perform Function testobfuscatedPassedTestNamejs Created directory mnthometomcatJENKINS jenkinsworkspacemobilenwtestse ereports for reports testobfuscatedPassedTestNamejs Jan Completed command perform Function ms testobfuscatedPassedTestNamejs Jan testobfuscatedPassedTestNamejs Running command end Function testobfuscatedPassedTestNamejs Jan testobfuscatedPassedTestNamejs Running command session delete Function testobfuscatedPassedTestNamejs Jan Request DELETE wdhubsession bf a c b e fefc d adc b a b a testobfuscatedPassedTestNamejs Jan Response DELETE ms testobfuscatedPassedTestNamejs state success status value testobfuscatedPassedTestNamejs Jan Completed command end Function ms testobfuscatedPassedTestNamejs Jan Completed command session delete Function ms OK total assertions passed m s HTML Report Generated at mnthometomcatJENKINS jenkinsworkspacemobilenwtestse ereportsreporthtml Jan Wrote report file to obfuscatedxml pdetails Verbose output is also part of a secret gist here since its so long Configuration detailssummarynightwatchjsonsummaryp browsers demand the next line be empty Please paste your nightwatchjson or nightwatchconfjs here make sure to leave out any sensitive details js endsessiononfail false skiptestcasesonfail true detailedoutput false outputtimestamp true liveoutput false suppressWarningsOnMultipleElementsReturned false waitForConditionTimeout asyncHookTimeout retryAssertionTimeout abortOnAssertionFailure true pdetails Your Environment Include the relevant details your environment Running against BrowserStack on a Windows Chrome instance Executable Version nightwatch version npm version node version Browser driver Version chromedriver OS Version Windows Describe the bug When using the programmatic API there is an error when trying to config the env argv from the NightwatchCliRunner const runner NightwatchCliRunner env chrome throws an error runnersetup srcfolders tests globalspathnightwatchconfjs testsettings chrome desiredCapabilities browserchrome chromeOptions args autoopendevtoolsfortabs default selenium startprocessfalse host port await runnerrunTests The problem is with the CliRunnerprototypesetup method setupsettings thisbaseSettings thisloadConfig this will return null if I dont pass the config argv thisvalidateConfig thissetCurrentTestEnv this will throw an error since thisbaseSettings is null thisparseTestSettingssettings thiscreateTestRunner thissetupConcurrency return this Run with command Using the programmatic API no command Verbose output TypeError Cannot read property testsettings of null n at CliRunnersetCurrentTestEnv UsersLOCALFOLDERnodemodulesnightwatchlibrunnercliclijs Configuration See above Your Environment Include the relevant details your environment Executable Version nightwatch version npm version node version Browser driver Version NAME VERSION For example chromedriver geckodriver seleniumserver OS Version macOS Catalina Ive written a custom assertion to check the console log has no errors When this fails its immediately rescheduled and passes the next time since the getLog command only returns new log lines Id like a way of marking a custom assertion as nonidempotent whereby the test runner either doesnt reschedule the assertion or perhaps reevaluates the assertion given a cached output from the assertions command Example custom assertion Describe the bug Running a custom command that emits an error in the beforebeforeEach hook function does not fail the test note this probably also affects afterafterEach but I have not tested it Sample Given a command that always fails after ms detailssummarycommandsemitErrorjssummaryp js const Events requireevents moduleexports class CustomPause extends Events command setTimeout consolelog Emitting error thisemiterror new ErrorFAIL consolelog Emitted error return this pdetails When I call this command in the before function it ignores the error and simply continues with the test that eventually succeeds detailssummarytestemitErrorbeforejssummaryp js moduleexports beforeclient clientinit clientemitError should fail here but does not myTestFunctionclient clientwaitForElementVisiblebody afterclient clientend pdetails detailssummaryoutputsummaryp txt npx nightwatch testemitErrorbeforejs env chrome Emit Error Before Test Suite Connected to localhost on port ms Using chrome on Mac OS X platform Emitting error Emitted error Running myTestFunction Element body was visible after milliseconds OK assertions passed ms pdetails When I call this command not in the before function it will end the test detailssummarytestemitErrornotBeforejssummaryp js moduleexports notBeforeclient clientinit clientemitError actually fails here myTestFunctionclient clientwaitForElementVisiblebody afterclient clientend pdetails detailssummaryoutputsummaryp txt npx nightwatch testemitErrornotBeforejs env chrome Emit Error Not Before Test Suite Connected to localhost on port ms Using chrome on Mac OS X platform Running notBefore Emitting error Emitted error FAILED errors s Error Error while running emitError command FAIL at TimeoutsetTimeout as onTimeout nightwatchissuecommandsemitErrorjs TEST FAILURE error during execution tests failed passed s emitErrornotBefore notBefore s Error Error while running emitError command FAIL at TimeoutsetTimeout as onTimeout nightwatchissuecommandsemitErrorjs SKIPPED myTestFunction pdetails For comparison when I run a standard command like waitForElementVisible in the before function it will in the end fail the test which is good but continues with the rest of the test functions which is unexpected detailssummaryteststandardCommandbeforejssummaryp js moduleexports beforeclient clientinit clientwaitForElementVisibleabc should fail here myTestFunctionclient clientwaitForElementVisiblebody afterclient clientend pdetails detailssummaryoutputsummaryp txt npx nightwatch teststandardCommandbeforejs env chrome Standard Command Before Test Suite Connected to localhost on port ms Using chrome on Mac OS X platform Timed out while waiting for element abc to be present for milliseconds expected visible but got not found ms at Objectbefore nightwatchissueteststandardCommandbeforejs at new Promise anonymous Running myTestFunction Element body was visible after milliseconds OK assertions passed ms TEST FAILURE assertions failed passed s standardCommandbefore pdetails Verbose output of the failing testemitErrorbeforejs test detailssummarydebuglogsummaryp txt npx nightwatch testemitErrorbeforejs env chrome verbose Starting ChromeDriver on port ChromeDriver up and running on port with pid ms Emit Error Before Test Suite Connecting to localhost on port Request POST session desiredCapabilities browserName chrome platform ANY chromeOptions args Connecting to localhost on port Response POST session ms sessionId b e a ae a fbceea e status value acceptInsecureCerts false acceptSslCerts false applicationCacheEnabled false browserConnectionEnabled false browserName chrome chrome chromedriverVersion db b b c e f d ed f refsbranchheads userDataDir varfoldersg hj cnxyj rq dwm k gnTcomgoogleChromeIbvwaS cssSelectorsEnabled true databaseEnabled false googchromeOptions debuggerAddress localhost handlesAlerts true hasTouchScreen false javascriptEnabled true locationContextEnabled true mobileEmulationEnabled false nativeEvents true networkConnectionEnabled false pageLoadStrategy normal platform Mac OS X proxy rotatable false setWindowRect true strictFileInteractability false takesHeapSnapshot true takesScreenshot true timeouts implicit pageLoad script unexpectedAlertBehaviour ignore version Connected to localhost on port ms Using chrome on Mac OS X platform Received session with ID b e a ae a fbceea e Running before Running command init Running command url Function Request POST session b e a ae a fbceea eurl url Response POST session b e a ae a fbceea eurl ms sessionId b e a ae a fbceea e status value null Completed command init ms Completed command url Function ms Running command emitError Emitting error Emitted error Completed command emitError ms Completed before Running myTestFunction Running beforeEach Completed beforeEach Running command waitForElementVisible body Request POST session b e a ae a fbceea eelements using css selector value body Response POST session b e a ae a fbceea eelements ms sessionId b e a ae a fbceea e status value ELEMENT Request GET session b e a ae a fbceea eelement displayed Response GET session b e a ae a fbceea eelement displayed ms sessionId b e a ae a fbceea e status value true Element body was visible after milliseconds Completed command waitForElementVisible body ms Running afterEach Completed afterEach OK assertions passed ms Running after Running command end Running command session delete Function Request DELETE session b e a ae a fbceea e Response DELETE session b e a ae a fbceea e ms sessionId b e a ae a fbceea e status value null Completed command end ms Completed command session delete Function ms Completed after Wrote report file to testsoutputCHROME MacOSXemitErrorbeforexml Wrote log file to nightwatchissuechromedriverlog ChromeDriver process closed pdetails Configuration I have used the automatically generated configuration added the srcfolders and customcommandspath and removed the unnecessary environments detailssummarynightwatchjsonsummaryp js Autogenerated by Nightwatch Refer to the online docs for more details const Services loadServices moduleexports An array of folders excluding subfolders where your tests are located if this is not specified the test source must be passed as the second argument to the test runner srcfolders tests See pageobjectspath See customcommandspath commands See customassertionspath See globalspath webdriver testsettings default disableerrorlog false launchurl screenshots enabled false path screens onfailure true desiredCapabilities browserName firefox webdriver startprocess true serverpath Servicesgeckodriver Servicesgeckodriverpath chrome desiredCapabilities browserName chrome chromeOptions This tells Chromedriver to run using the legacy JSONWire protocol not required in Chrome w c false More info on Chromedriver args nosandbox ignorecertificateerrors allowinsecurelocalhost headless webdriver startprocess true port serverpath Serviceschromedriver Serviceschromedriverpath cliargs verbose function loadServices try ServicesseleniumServer requireseleniumserver catch err try Serviceschromedriver requirechromedriver catch err try Servicesgeckodriver requiregeckodriver catch err pdetails Your Environment Include the relevant details your environment Executable Version nightwatch version nightwatch v npm version node version v Browser driver Version chromedriver OS Version macOS Catalina Describe the bug Asyncawaits does not works with browserelements function It works ok with eg getText Sample test Include a sample test which reproduces the problem youre experiencing If possible the test should be against a public url Please add the test and other info inline not as attachements or screenshosts detailssummarysampleTestjssummaryp browsers demand the next line be empty js Please add the sample test here moduleexports Dummy async functionbrowser let dummy await browserelementsxpath li descendantdiv text User Management option consolelogResult dummy pdetails Run with command Include the command used to run the test if applicable sh nightwatch testsampleTestjs yourotherargumentshere Verbose output detailssummarydebuglogsummaryp browsers demand the next line be empty txt Running Dummy Result undefined pdetails Configuration detailssummarynightwatchjsonsummaryp browsers demand the next line be empty Please paste your nightwatchjson or nightwatchconfjs here make sure to leave out any sensitive details js your config here pdetails Your Environment Include the relevant details your environment Executable Version nightwatch version npm version node version v Browser driver Version NAME VERSION For example chromedriver geckodriver OS Version Windows x NAME VERSION For example macOS Sierra Windows Ubuntu Describe the bug After updating from to latest version all the assertvalue always fails with the same message but got Element does not have a value attribute After reverting back to works fine I could not find anything regarding assertvalue in the version logs Firefox centos Nightwatch Nightwatch VRT NodeJS I am using nightwatchvrt module to capture screenshots On firefox getLocationInView gets status value HTTP method not allowed error I have looked around and there isnt much info available regarding this issue And why does it only affects firefox Chrome does not have this issue Verbose output Running command captureElementScreenshot loginbox Function Running command getLocationInView loginbox Function Request POST session b a af d f f ade b eb elements using css selector value loginbox Response POST session b a af d f f ade b eb elements ms value element e a e f cecf e a e cfcd dd c bdf Request GET session b a af d f f ade b eb element e a e cfcd dd c bdflocationinview Response GET session b a af d f f ade b eb element e a e cfcd dd c bdflocationinview ms status value HTTP method not allowed Error while running isElementLocationInView protocol action An unknown error has occurred Completed command captureElementScreenshot loginbox Function ms Running command assertfail Completed command getLocationInView loginbox Function ms Failed fail The screenshot for selector loginbox could not be captured at processtickCallback internalprocessnexttickjs Nightwatchconfjs testsettings default visualregressionsettings generatescreenshotpath generateScreenshotFilePath latestscreenshotspath vrtlatest latestsuffix baselinescreenshotspath vrtbaseline baselinesuffix diffscreenshotspath vrtdiff diffsuffix threshold prompt false alwayssavediffscreenshot false screenshots enabled false path screenshots onfailure true desiredCapabilities browserName firefox platformLINUX alwaysMatch acceptInsecureCerts true mozfirefoxOptions args headless width height Test moduleexports Test function client client url waitForElementPresentloginbox assertvisibleloginbox assertscreenshotIdenticalToBaselineloginbox end available support in nightwatch for tags is moduleexports tags login sanity demo login test function browser test code above code can only apply at test case level Q I want to apply it scenario level like given below code moduleexports demo login test function browser test code demo unsuccessful login test function browser test code demo home page navigation function browser test code so for sanity tag i want to run only demo login test but not demo unsuccessful login test or demo home page navigation 