<!--
IF YOU DON'T FILL OUT THE FOLLOWING INFORMATION WE MIGHT CLOSE YOUR ISSUE WITHOUT INVESTIGATING
-->

**I'm submitting a ...**  (check one with "x")
```
[x] bug report => search github for a similar issue or PR before submitting
[ ] feature request
[ ] support request => Please do not submit support request here, instead see use [gitter](https://gitter.im/mgechev/angular2-seed) or [stackoverflow](https://stackoverflow.com/questions/tagged/angular2)
```

**Current behavior**
Running `npm run start.ios` results in an error:

[1] 1   0x10c22d25c -[TNSRuntime executeModule:referredBy:]
[1] 2   0x10bc99d4e main
[1] 3   0x10f72d575 start
[1] 4   0x1
[1] [native code]: JS ERROR Error: Could not find module './'. Computed path '/Users/ahetma437/Library/Developer/CoreSimulator/Devices/F1D2C039-472E-4678-B8F9-A9813FA631BE/data/Containers/Bundle/Application/6DC9CC37-6077-4481-8172-316040D39C72/nativescript.app/app'.


**Expected behavior**
Expected emulator to work and display the app.

**Minimal reproduction of the problem with instructions**
clone latest seed, npm i, npm run start.ios

**What is the motivation / use case for changing the behavior?**
Evaluating using the seed

**Please tell us about your environment:**
iOS macbook mojave

* **Angular Seed Version:** `aaaaf75`
Latest as of Nov 19 2018

* **Node:** `node --version` =
Node -v 10.13.0
npm -v 6.4.1

**I'm submitting a ...**  (check one with "x")
```
[ ] bug report => search github for a similar issue or PR before submitting
[x] feature request
[ ] support request => Please do not submit support request here, instead see use [gitter](https://gitter.im/mgechev/angular2-seed) or [stackoverflow](https://stackoverflow.com/questions/tagged/angular2)
```

**Current behavior**
Going to the `nativescript` directory and running `tns preview` created the QR Code, but when I open it with NativeScript Playground and Preview I get a `something went wront...` promp.

**Expected behavior**
It would be nice if we could use the preview feature if possible. I was hoping to view the iOS app on my phone via preview.

**Minimal reproduction of the problem with instructions**
cd into nativescript folder, run `tns preview` then scan the QR code with NativeScript Playground App

**What is the motivation / use case for changing the behavior?**
When I played around with the NativeScript code, this was a really neat feature that made developing easy; changes would automatically be picked up in the app on my phone. 

**Please tell us about your environment:**
MacBook running Mojave, iPhone X

* **Angular Seed Version:** `aaaaf75`
Not sure, downloaded latest on Nov 16 2018

* **Node:** `node --version` =
8.9.4
In my project there are multiple .js files and css files downloaded locally instead of referring to online links.

Am using the command npm run build.dev and npm run build.dev

On deploying the application in the server and browsing for it
it gives following error
 Uncaught SyntaxError: Unexpected token <     shim.min.js?1530525164969:1
 Intl.min.js?1530525164977:1
system.src.js?1530525164983:1 
zone.js?1530525164987:1 
Uncaught ReferenceError: System is not defined
    at (index):71
                 
All these are auto generated file. Hence am not able to debug the issue.

* **Angular Seed Version:**  "version": "1.0.0",


* **Node:** `node --version` = v8.11.3

Please help me with this. Am new to Angular - seed

vue:  https://github.com/mimecorg/vuido

react: https://github.com/kusti8/proton-native

angular ?
<!--
IF YOU DON'T FILL OUT THE FOLLOWING INFORMATION WE MIGHT CLOSE YOUR ISSUE WITHOUT INVESTIGATING
-->

I cloned the angular-seed-advanced repo, ran npm install on ubuntu. The web part is working fine but the mobile app(nativescript) part is not.
I just ran `npm run start.android.device` in the root directory and I get the following error in my mobile device:
```
An uncaught Exception occurred on "main" thread.
java.lang.RuntimeException: Unable to create application com.tns.NativeScriptApplication: com.tns.NativeScriptException: 

Error calling module function 

Error calling module function 

Error: com.tns.NativeScriptException: Failed to find module: "./app/modules/core/index", relative to: app/
    com.tns.Module.resolvePathHelper(Module.java:146)
    com.tns.Module.resolvePath(Module.java:55)
    com.tns.Runtime.runModule(Native Method)
    com.tns.Runtime.runModule(Runtime.java:530)
    com.tns.Runtime.run(Runtime.java:522)
    com.tns.NativeScriptApplication.onCreate(NativeScriptApplication.java:19)
    android.app.Instrumentation.callApplicationOnCreate(Instrumentation.java:1012)
    android.app.ActivityThread.handleBindApplication(ActivityThread.java:4586)
    android.app.ActivityThread.access$1600(ActivityThread.java:154)
    android.app.ActivityThread$H.handleMessage(ActivityThread.java:1378)
    android.os.Handler.dispatchMessage(Handler.java:102)
    android.os.Looper.loop(Looper.java:135)
    android.app.ActivityThread.main(ActivityThread.java:5296)
    java.lang.reflect.Method.invoke(Native Method)
    java.lang.reflect.Method.invoke(Method.java:372)
    com.android.internal.os.ZygoteInit$MethodAndArgsCaller.run(ZygoteInit.java:912)
    com.android.internal.os.ZygoteInit.main(ZygoteInit.java:707)
File: "<unknown>, line: 1, column: 265

StackTrace: 
	Frame: function:'require', file:'', line: 1, column: 266
	Frame: function:'', file:'file:///data/data/com.yourdomain.nativescript/files/app/native.module.js', line: 18, column: 15
	Frame: function:'require', file:'', line: 1, column: 266
	Frame: function:'', file:'file:///data/data/com.yourdomain.nativescript/files/app/app.js', line: 6, column: 23
	Frame: function:'require', file:'', line: 1, column: 266


Error: com.tns.NativeScriptException: Failed to find module: "./app/modules/core/index", relative to: app/
    com.tns.Module.resolvePathHelper(Module.java:146)
    com.tns.Module.resolvePath(Module.java:55)
    com.tns.Runtime.runModule(Native Method)
    com.tns.Runtime.runModule(Runtime.java:530)
    com.tns.Runtime.run(Runtime.java:522)
    com.tns.NativeScriptApplication.onCreate(NativeScriptApplication.java:19)
    android.app.Instrumentation.callApplicationOnCreate(Instrumentation.java:1012)
    android.app.ActivityThread.handleBindApplication(ActivityThread.java:4586)
    android.app.ActivityThread.access$1600(ActivityThread.java:154)
    android.app.ActivityThread$H.handleMessage(ActivityThread.java:1378)
    android.os.Handler.dispatchMessage(Handler.java:102)
    android.os.Looper.loop(Looper.java:135)
    android.app.ActivityThread.main(ActivityThread.java:5296)
    java.lang.reflect.Method.invoke(Native Method)
    java.lang.reflect.Method.invoke(Method.java:372)
    com.android.internal.os.ZygoteInit$MethodAndArgsCaller.run(ZygoteInit.java:912)
    com.android.internal.os.ZygoteInit.main(ZygoteInit.java:707)
File: "<unknown>, line: 1, column: 265

StackTrace: 
	Frame: function:'require', file:'', line: 1, column: 266
	Frame: function:'', file:'file:///data/data/com.yourdomain.nativescript/files/app/native.module.js', line: 18, column: 15
	Frame: function:'require', file:'', line: 1, column: 266
	Frame: function:'', file:'file:///data/data/com.yourdomain.nativescript/files/app/app.js', line: 6, column: 23
	Frame: function:'require', file:'', line: 1, column: 266


Error: com.tns.NativeScriptException: Failed to find module: "./app/modules/core/index", relative to: app/
    com.tns.Module.resolvePathHelper(Module.java:146)
    com.tns.Module.resolvePath(Module.java:55)
    com.tns.Runtime.runModule(Native Method)
    com.tns.Runtime.runModule(Runtime.java:530)
    com.tns.Runtime.run(Runtime.java:522)
    com.tns.NativeScriptApplication.onCreate(NativeScriptApplication.java:19)
    android.app.Instrumentation.callApplicationOnCreate(Instrumentation.java:1012)
    android.app.ActivityThread.handleBindApplication(ActivityThread.java:4586)
    android.app.ActivityThread.access$1600(ActivityThread.java:154)
    android.app.ActivityThread$H.handleMessage(ActivityThread.java:1378)
    android.os.Handler.dispatchMessage(Handler.java:102)
    android.os.Looper.loop(Looper.java:135)
    android.app.ActivityThread.main(ActivityThread.java:5296)
    java.lang.reflect.Method.invoke(Native Method)
    java.lang.reflect.Method.invoke(Method.java:372)
    com.android.internal.os.ZygoteInit$MethodAndArgsCaller.run(ZygoteInit.java:912)
    com.android.internal.os.ZygoteInit.main(ZygoteInit.java:707)
File: "<unknown>, line: 1, column: 265

StackTrace: 
	Frame: function:'require', file:'', line: 1, column: 266
	Frame: function:'', file:'file:///data/data/com.yourdomain.nativescript/files/app/native.module.js', line: 18, column: 15
	Frame: function:'require', file:'', line: 1, column: 266
	Frame: function:'', file:'file:///data/data/com.yourdomain.nativescript/files/app/app.js', line: 6, column: 23
	Frame: function:'require', file:'', line: 1, column: 266


	at android.app.ActivityThread.handleBindApplication(ActivityThread.java:4589)
	at android.app.ActivityThread.access$1600(ActivityThread.java:154)
	at android.app.ActivityThread$H.handleMessage(ActivityThread.java:1378)
	at android.os.Handler.dispatchMessage(Handler.java:102)
	at android.os.Looper.loop(Looper.java:135)
	at android.app.ActivityThread.main(ActivityThread.java:5296)
	at java.lang.reflect.Method.invoke(Native Method)
	at java.lang.reflect.Method.invoke(Method.java:372)
	at com.android.internal.os.ZygoteInit$MethodAndArgsCaller.run(ZygoteInit.java:912)
	at com.android.internal.os.ZygoteInit.main(ZygoteInit.java:707)
Caused by: com.tns.NativeScriptException: 

Error calling module function 

Error calling module function 

Error: com.tns.NativeScriptException: Failed to find module: "./app/modules/core/index", relative to: app/
    com.tns.Module.resolvePathHelper(Module.java:146)
    com.tns.Module.resolvePath(Module.java:55)
    com.tns.Runtime.runModule(Native Method)
    com.tns.Runtime.runModule(Runtime.java:530)
    com.tns.Runtime.run(Runtime.java:522)
    com.tns.NativeScriptApplication.onCreate(NativeScriptApplication.java:19)
    android.app.Instrumentation.callApplicationOnCreate(Instrumentation.java:1012)
    android.app.ActivityThread.handleBindApplication(ActivityThread.java:4586)
    android.app.ActivityThread.access$1600(ActivityThread.java:154)
    android.app.ActivityThread$H.handleMessage(ActivityThread.java:1378)
    android.os.Handler.dispatchMessage(Handler.java:102)
    android.os.Looper.loop(Looper.java:135)
    android.app.ActivityThread.main(ActivityThread.java:5296)
    java.lang.reflect.Method.invoke(Native Method)
    java.lang.reflect.Method.invoke(Method.java:372)
    com.android.internal.os.ZygoteInit$MethodAndArgsCaller.run(ZygoteInit.java:912)
    com.android.internal.os.ZygoteInit.main(ZygoteInit.java:707)
File: "<unknown>, line: 1, column: 265

StackTrace: 
	Frame: function:'require', file:'', line: 1, column: 266
	Frame: function:'', file:'file:///data/data/com.yourdomain.nativescript/files/app/native.module.js', line: 18, column: 15
	Frame: function:'require', file:'', line: 1, column: 266
	Frame: function:'', file:'file:///data/data/com.yourdomain.nativescript/files/app/app.js', line: 6, column: 23
	Frame: function:'require', file:'', line: 1, column: 266


Error: com.tns.NativeScriptException: Failed to find module: "./app/modules/core/index", relative to: app/
    com.tns.Module.resolvePathHelper(Module.java:146)
    com.tns.Module.resolvePath(Module.java:55)
    com.tns.Runtime.runModule(Native Method)
    com.tns.Runtime.runModule(Runtime.java:530)
    com.tns.Runtime.run(Runtime.java:522)
    com.tns.NativeScriptApplication.onCreate(NativeScriptApplication.java:19)
    android.app.Instrumentation.callApplicationOnCreate(Instrumentation.java:1012)
    android.app.ActivityThread.handleBindApplication(ActivityThread.java:4586)
    android.app.ActivityThread.access$1600(ActivityThread.java:154)
    android.app.ActivityThread$H.handleMessage(ActivityThread.java:1378)
    android.os.Handler.dispatchMessage(Handler.java:102)
    android.os.Looper.loop(Looper.java:135)
    android.app.ActivityThread.main(ActivityThread.java:5296)
    java.lang.reflect.Method.invoke(Native Method)
    java.lang.reflect.Method.invoke(Method.java:372)
    com.android.internal.os.ZygoteInit$MethodAndArgsCaller.run(ZygoteInit.java:912)
    com.android.internal.os.ZygoteInit.main(ZygoteInit.java:707)
File: "<unknown>, line: 1, column: 265

StackTrace: 
	Frame: function:'require', file:'', line: 1, column: 266
	Frame: function:'', file:'file:///data/data/com.yourdomain.nativescript/files/app/native.module.js', line: 18, column: 15
	Frame: function:'require', file:'', line: 1, column: 266
	Frame: function:'', file:'file:///data/data/com.yourdomain.nativescript/files/app/app.js', line: 6, column: 23
	Frame: function:'require', file:'', line: 1, column: 266


Error: com.tns.NativeScriptException: Failed to find module: "./app/modules/core/index", relative to: app/
    com.tns.Module.resolvePathHelper(Module.java:146)
    com.tns.Module.resolvePath(Module.java:55)
    com.tns.Runtime.runModule(Native Method)
    com.tns.Runtime.runModule(Runtime.java:530)
    com.tns.Runtime.run(Runtime.java:522)
    com.tns.NativeScriptApplication.onCreate(NativeScriptApplication.java:19)
    android.app.Instrumentation.callApplicationOnCreate(Instrumentation.java:1012)
    android.app.ActivityThread.handleBindApplication(ActivityThread.java:4586)
    android.app.ActivityThread.access$1600(ActivityThread.java:154)
    android.app.ActivityThread$H.handleMessage(ActivityThread.java:1378)
    android.os.Handler.dispatchMessage(Handler.java:102)
    android.os.Looper.loop(Looper.java:135)
    android.app.ActivityThread.main(ActivityThread.java:5296)
    java.lang.reflect.Method.invoke(Native Method)
    java.lang.reflect.Method.invoke(Method.java:372)
    com.android.internal.os.ZygoteInit$MethodAndArgsCaller.run(ZygoteInit.java:912)
    com.android.internal.os.ZygoteInit.main(ZygoteInit.java:707)
File: "<unknown>, line: 1, column: 265

StackTrace: 
	Frame: function:'require', file:'', line: 1, column: 266
	Frame: function:'', file:'file:///data/data/com.yourdomain.nativescript/files/app/native.module.js', line: 18, column: 15
	Frame: function:'require', file:'', line: 1, column: 266
	Frame: function:'', file:'file:///data/data/com.yourdomain.nativescript/files/app/app.js', line: 6, column: 23
	Frame: function:'require', file:'', line: 1, column: 266


	at com.tns.Runtime.runModule(Native Method)
	at com.tns.Runtime.runModule(Runtime.java:530)
	at com.tns.Runtime.run(Runtime.java:522)
	at com.tns.NativeScriptApplication.onCreate(NativeScriptApplication.java:19)
	at android.app.Instrumentation.callApplicationOnCreate(Instrumentation.java:1012)
	at android.app.ActivityThread.handleBindApplication(ActivityThread.java:4586)
	... 9 more
```


* **Node:** `node --version` = v6.14.2
* **npm:** `npm --version` = v3.10.10
* **nativescript:** `tns info` = v3.4.0
I'm submitting a `bug Report`

**Current behavior**
Clone a new repository. After `npm i` run `npm run build.ios`. This will create bundle.js file in the `./nativescript/platforms/ios/nativescript/app/` folder but removes all the files after.

**Expected behavior**
The bundle files should be generated and be able to run on IOS simulater and original device.

**Minimal reproduction of the problem with instructions**
As defined in the Current behavior section

**What is the motivation / use case for changing the behavior?**
To make the app more optimized.

**Please tell us about your environment:**
` node v8.9.4`
` npm v5.6.0`
` Mac OS Sierra Version 10.12.6`

**nativescript/Package.json**

```
  "dependencies": {
    "@angular/animations": "~4.1.2",
    "@angular/common": "~4.1.2",
    "@angular/compiler": "~4.1.2",
    "@angular/core": "~4.1.2",
    "@angular/forms": "~4.1.2",
    "@angular/http": "~4.1.2",
    "@angular/platform-browser": "~4.1.2",
    "@angular/router": "~4.1.2",
    "@ngrx/core": "^1.2.0",
    "@ngrx/effects": "^2.0.3",
    "@ngrx/store": "^2.2.2",
    "@ngx-translate/core": "~7.0.0",
    "@ngx-translate/http-loader": "~0.1.0",
    "angulartics2": "^2.2.2",
    "lodash": "^4.17.4",
    "nativescript-angular": "~3.1.1",
    "nativescript-localstorage": "^1.1.2",
    "nativescript-theme-core": "^1.0.4",
    "ngrx-store-freeze": "0.1.9",
    "reflect-metadata": "^0.1.8",
    "rxjs": "^5.4.0",
    "tns-core-modules": "~3.1.0",
    "zone.js": "^0.8.10"
  },
  "devDependencies": {
    "@angular/compiler-cli": "~4.1.2",
    "@ngrx/store-devtools": "~3.2.4",
    "@ngtools/webpack": "1.7.4",
    "@types/jasmine": "2.5.41",
    "@types/lodash": "4.14.63",
    "babel-traverse": "6.11.4",
    "babel-types": "6.11.1",
    "babylon": "6.8.4",
    "codelyzer": "^3.0.1",
    "copy-webpack-plugin": "~4.0.1",
    "extract-text-webpack-plugin": "~2.1.0",
    "fs-extra": "^0.30.0",
    "glob": "^7.0.5",
    "lazy": "1.0.11",
    "nativescript-css-loader": "~0.26.0",
    "nativescript-dev-android-snapshot": "^0.0.9",
    "nativescript-dev-sass": "^1.1.1",
    "nativescript-dev-webpack": "^0.6.0",
    "opener": "^1.4.1",
    "raw-loader": "~0.5.1",
    "resolve-url-loader": "~2.0.2",
    "rimraf": "^2.5.3",
    "tar.gz": "^1.0.5",
    "tns-platform-declarations": "^3.0.1",
    "tslint": "^5.2.0",
    "typescript": "~2.3.2",
    "webpack": "~2.5.1",
    "webpack-sources": "~0.2.3"
  }
```
**Debugging so far.**

The problem is caused by `nativescript-dev-sass`. If you go to the `./nativescript/node_modules/nativescript-dev-sass/lib/converter.js` file. And comment out the line saying 
 
`var sass = spawn(process.execPath, nodeArgs, { env: env });`

The build process will throw an error but you will be able to see the bundle files are generated. But after running this command they are deleted. 

```
[x] bug report => search github for a similar issue or PR before submitting
[ ] feature request
```

**Current behavior**
Ive upgrade to angular 5.25 and compilation has failed. 
@angular/comiper-cli has been refactors (I assume) and the npm run build.prod.aot errors 

![screen shot 2018-03-04 at 9 40 02 pm](https://user-images.githubusercontent.com/15315752/36959028-aeee19d2-1ff4-11e8-9c2f-4d1d92bb7fe8.png)

The error occurs with the 'compile.ahead.prod' task. 
https://github.com/NathanWalker/angular-seed-advanced/blob/master/tools/tasks/seed/compile.ahead.prod.ts

Could someone refactor this task to compile correctly? Or document this task a little more so I can updated it myself.

**Minimal reproduction of the problem with instructions**
Here are my system dependencies. 
"devDependencies": {
    "async": "^2.1.1",
    "autoprefixer": "^7.0.1",
    "browser-sync": "^2.17.3",
    "codelyzer": "^4.0.2",
    "concurrently": "^3.4.0",
    "connect-history-api-fallback": "^1.3.0",
    "core-js": "^2.4.1",
    "cssnano": "^3.7.7",
    "d3": "^4.13.0",
    "deep-extend": "^0.4.1",
    "electron-connect": "^0.4.2",
    "electron-debug": "^1.0.0",
    "electron-prebuilt": "^1.2.1",
    "es-module-loader": "^1.0.0",
    "event-stream": "^3.3.4",
    "express": "~4.15.2",
    "express-history-api-fallback": "^2.0.0",
    "gulp": "^3.9.1",
    "gulp-atom-electron": "^1.6.1",
    "gulp-cached": "^1.1.0",
    "gulp-concat": "^2.6.0",
    "gulp-concat-css": "^2.3.0",
    "gulp-filter": "^5.0.0",
    "gulp-htmlmin": "^3.0.0",
    "gulp-inject": "^4.1.0",
    "gulp-inline-ng2-template": "^4.0.0",
    "gulp-load-plugins": "^1.3.0",
    "gulp-newer": "^1.3.0",
    "gulp-plumber": "~1.1.0",
    "gulp-postcss": "^7.0.0",
    "gulp-progeny": "^0.4.0",
    "gulp-protractor": "^3.0.0",
    "gulp-rename": "^1.2.2",
    "gulp-replace": "^0.5.4",
    "gulp-sass": "^3.0.0",
    "gulp-sourcemaps": "2.6.0",
    "gulp-template": "^4.0.0",
    "gulp-tslint": "^8.0.0",
    "gulp-typescript": "^3.0.2",
    "gulp-uglify": "^2.0.0",
    "gulp-util": "^3.0.7",
    "gulp-watch": "^4.3.10",
    "hammerjs": "^2.0.8",
    "intl": "^1.2.5",
    "is-ci": "^1.0.9",
    "isstream": "^0.1.2",
    "jasmine-core": "~2.6.1",
    "jasmine-spec-reporter": "^4.1.0",
    "karma": "~1.3.0",
    "karma-chrome-launcher": "~2.1.1",
    "karma-coverage": "^1.1.1",
    "karma-jasmine": "~1.1.0",
    "karma-mocha-reporter": "^2.2.0",
    "karma-remap-istanbul": "^0.6.0",
    "lodash": "^4.17.4",
    "merge-stream": "^1.0.0",
    "minimatch": "^3.0.3",
    "mkdirp": "^0.5.1",
    "ngrx-store-freeze": "^0.2.0",
    "ngx-electron": "^1.0.3",
    "open": "0.0.5",
    "protractor": "^4.0.14",
    "reflect-metadata": "^0.1.8",
    "remap-istanbul": "^0.9.5",
    "rimraf": "^2.5.4",
    "rollup": "^0.41.4",
    "rollup-plugin-commonjs": "^8.0.2",
    "rollup-plugin-includepaths": "0.2.2",
    "rollup-plugin-node-resolve": "^3.0.0",
    "run-sequence": "^1.2.2",
    "rxjs": "^5.5.6",
    "semver": "^5.3.0",
    "serve-static": "^1.11.1",
    "slash": "~1.0.0",
    "supports-color": "^3.1.2",
    "systemjs": "0.19.41",
    "systemjs-builder": "0.15.34",
    "tildify": "^1.2.0",
    "traceur": "^0.0.111",
    "ts-node": "^3.0.4",
    "tslint": "^5.0.0",
    "typedoc": "^0.6.0",
    "typescript": "^2.4.2",
    "walk": "^2.3.9",
    "yargs": "^8.0.1",
    "zone.js": "^0.8.7"
  },
  "dependencies": {
    "{at}angular/animations": "^5.2.5",
"{at}angular/cdk": "^5.2.1",
"{at}angular/common": "^5.2.5",
"{at}angular/compiler": "^5.2.5",
"{at}angular/compiler-cli": "^5.2.5",
"{at}angular/core": "^5.2.5",
"{at}angular/forms": "^5.2.5",
"{at}angular/http": "^5.2.5",
"{at}angular/material": "^5.2.1",
"{at}angular/platform-browser": "^5.2.5",
"{at}angular/platform-browser-dynamic": "^5.2.5",
"{at}angular/platform-server": "^5.2.5",
"{at}angular/router": "^5.2.5",
"{at}angular/service-worker": "^5.2.5",
"{at}compodoc/compodoc": "^1.0.0-beta.7",
"{at}ngrx/core": "^1.2.0",
"{at}ngrx/effects": "^4.1.1",
"{at}ngrx/store-devtools": "^4.1.1",
"{at}ngx-translate/core": "^6.0.1",
"{at}ngx-translate/http-loader": "0.0.3",
"{at}types/async": "^2.0.32",
"{at}types/browser-sync": "^0.0.34",
"{at}types/express": "^4.0.33",
"{at}types/gulp": "^4.0.0",
"{at}types/gulp-filter": "^3.0.29",
"{at}types/gulp-htmlmin": "^1.3.30",
"{at}types/gulp-load-plugins": "^0.0.29",
"{at}types/gulp-newer": "0.0.29",
"{at}types/gulp-protractor": "^1.0.29",
"{at}types/gulp-rename": "0.0.31",
"{at}types/gulp-sass": "^0.0.30",
"{at}types/gulp-util": "^3.0.29",
"{at}types/jasmine": "2.5.41",
"{at}types/lodash": "^4.14.63",
"{at}types/node": "^6.0.73",
"{at}types/rimraf": "0.0.28",
"{at}types/run-sequence": "^0.0.29",
"{at}types/selenium-webdriver": "^3.0.3",
"{at}types/systemjs": "^0.19.31",
"{at}types/yargs": "^6.5.0",
"{at}types/zone.js": "^0.5.12",
"{at}ngrx/store": "^4.1.1",
"angulartics2": "^2.2.1",
"electron": "^1.7.10",
"ts-simple-ast": "^5.3.1"
  }

* **Node:** `node --version` = 9.4

Hi Hackers, this not an issue, just a quick question!

In order to make sense of the communication between components, I am looking for a simple example, one that mimics the old and problematic emit and broadcast communication but this time using ngrx.

For example:

On click event Component 1 sends an ID Param to the method of another component => Component 2, so Component 2 re-loads a listing table based on the ID Param previously sent by Component 1.

Thanks a bunch!
```
[X] bug report 
```

**Current behavior**
Project without changes, just cloned (git) and installed (`npm install`)
Running in browser perfectly with: `npm run start`
Running in android device, but with errors. _Moto G (2nd generation) - Android 6.0_
![image](https://user-images.githubusercontent.com/11687314/35152592-b9d1402e-fd01-11e7-8ff6-97a6acdcd474.png)


**Minimal reproduction of the problem with instructions**
$ `npm install`
...
$ `npm run start.android.device`
...
![image](https://user-images.githubusercontent.com/11687314/35152832-c719ff90-fd02-11e7-98a2-36db8558f72f.png)
...

> [1] Project successfully built.
> [1] Installing...
> [1] Successfully installed on device with identifier '0016069577'.
> [1] Successfully transferred all files.
> [1] Refreshing application...
> [1] Successfully synced application com.yourdomain.nativescript on device 0016069577.
> [1] Executing before-watch hook from /home/devesa/testes/angular-seed-advanced/nativescript/hooks/before-watch/nativescript-dev-sass.js
> [1] Found peer node-sass
> [1] ActivityManager: Start proc 5215:com.yourdomain.nativescript/u0a135 for activity com.yourdomain.nativescript/com.tns.NativeScriptActivity
> [1] System.err: java.lang.RuntimeException: Unable to create application com.tns.NativeScriptApplication: com.tns.NativeScriptException: Application entry point file not found. Please specify the file in package.json otherwise make sure the file index.js or bootstrap.js exists.\nIf using typescript make sure your entry point file is transpiled to javascript.
> [1] System.err: 	at android.app.ActivityThread.handleBindApplication(ActivityThread.java:4731)
> [1] System.err: 	at android.app.ActivityThread.-wrap1(ActivityThread.java)
> [1] System.err: 	at android.app.ActivityThread$H.handleMessage(ActivityThread.java:1415)
> [1] System.err: 	at android.os.Handler.dispatchMessage(Handler.java:102)
> [1] System.err: 	at android.os.Looper.loop(Looper.java:148)
> [1] System.err: 	at android.app.ActivityThread.main(ActivityThread.java:5443)
> [1] System.err: 	at java.lang.reflect.Method.invoke(Native Method)
> [1] System.err: 	at com.android.internal.os.ZygoteInit$MethodAndArgsCaller.run(ZygoteInit.java:728)
> [1] System.err: 	at com.android.internal.os.ZygoteInit.main(ZygoteInit.java:618)
> [1] System.err: Caused by: com.tns.NativeScriptException: Application entry point file not found. Please specify the file in package.json otherwise make sure the file index.js or bootstrap.js exists.\nIf using typescript make sure your entry point file is transpiled to javascript.
> [1] System.err: 	at com.tns.Module.bootstrapApp(Module.java:311)
> [1] System.err: 	at com.tns.Runtime.run(Runtime.java:512)
> [1] System.err: 	at com.tns.NativeScriptApplication.onCreate(NativeScriptApplication.java:19)
> [1] System.err: 	at android.app.Instrumentation.callApplicationOnCreate(Instrumentation.java:1036)
> [1] System.err: 	at android.app.ActivityThread.handleBindApplication(ActivityThread.java:4728)
> [1] System.err: 	... 8 more
> [1] System.err: Caused by: com.tns.NativeScriptException: Failed to find module: "./", relative to: app//
> [1] System.err: 	at com.tns.Module.resolvePathHelper(Module.java:146)
> [1] System.err: 	at com.tns.Module.bootstrapApp(Module.java:309)
> [1] System.err: 	... 12 more
> [1] ActivityManager: Process com.yourdomain.nativescript (pid 5215) has died
> 




**I've tried all this, but nothing changes:**
I deleted the directories: (app - platforms - hooks - node_modules) and unistall app in device.
I tried `npm run reinstall -f`
I tried `npm rebuild node-sass -f`
I tried follow steps to 'Prevent Permissions Errors' (https://docs.npmjs.com/getting-started/fixing-npm-permissions)
I tried re-cloned
I tried reinstall Angular, TypeScript, NativeScript
I tried update angular/cli (_1.6.4_ to _1.6.5_)
I tried downgrade Node.js Latest to LTS (_v9.4.0_ to _v8.9.4_)
I tried `tns doctor` and ok (No issues were detected.)
I tried HelloWold of NativeScript tutorial and ok, normally runs on the device:
> $ `tns create HelloWorld --template nativescript-template-ng-tutorial`
> $ `cd HelloWorld/`
> $ `tns run android`

_

**About my environment:**
OS: Linux x64 - Ubuntu 17.10
IDE: Sublime Text / PhpStorm
_But I'm only using the Terminal in this case!_

* **Angular Seed Version:** 
`git rev-parse origin/master`
2d652e157a4841830f616fbc9be69d8fddf2ae2e


* **Node:** 
`node --version` 
v9.4.0

* **NPM:** 
`npm -v`
5.6.0


![image](https://user-images.githubusercontent.com/11687314/35154927-d075c5a8-fd0a-11e7-9908-0460c6d649a2.png)




Hello Guys,

It this repo still maintained ?
As I see the Devdependencies not updated

Thanks,

<!--
IF YOU DON'T FILL OUT THE FOLLOWING INFORMATION WE MIGHT CLOSE YOUR ISSUE WITHOUT INVESTIGATING
-->

**I'm submitting a ...**  (check one with "x")
```
[ ] bug report => search github for a similar issue or PR before submitting
[ ] feature request
[ ] support request => Please do not submit support request here, instead see use [gitter](https://gitter.im/mgechev/angular2-seed) or [stackoverflow](https://stackoverflow.com/questions/tagged/angular2)
```

**Current behavior**
<!-- Describe how the bug manifests. -->

**Expected behavior**
<!-- Describe what the behavior would be without the bug. -->

**Minimal reproduction of the problem with instructions**
<!--
If the current behavior is a bug or you can illustrate your feature request better with an example, 
please provide the *STEPS TO REPRODUCE* and if possible a *MINIMAL DEMO* of the problem.
-->

**What is the motivation / use case for changing the behavior?**
<!-- Describe the motivation or the concrete use case -->

**Please tell us about your environment:**
<!-- Operating system, IDE, package manager, HTTP server, ... -->

* **Angular Seed Version:** `aaaaf75`
<!-- Check which is the hash of the last commit from angular-seed that you have locally -->

* **Node:** `node --version` =
