I am running tests on Edge 18 browser on Windows 10 Pro, Build Version - 1809. I am able to run tests successfully in sequential, but when I try to run in parallel by setting in Specflow+ Default.srprofile configuraiton testThreadCount="3" it throws error .I also see only see one edge browser instance is opening. 
I can see in VS2019 test explorer window that tests are running one at at time and tests starts failing with following errors.

1)The specified window could not be found. OpenQA.Selenium.NoSuchWindowException: The specified window could not be found.

2)Error: An unknown error occurred while processing the specified command.

3)Error: Object reference not set to an instance of an object.

**Test framework :**
.NET Core 3.0 with all latest Specflow and selenium packages as of 17 Jan 2020 morning

**Error in Specflow report :**

Project: WebShopTestAutomation
Configuration: WebShopTestAutomation
Test Assemblies: WebShopTestAutomation.dll
Start Time: 17-01-2020 10:27:32
Duration: 00:01:36.4146746
Test Threads: 3
Execution framework error: TechTalk.SpecRun.Framework.SpecRunException: At least one test thread aborted. ---> System.ArgumentException: Absolute path information is required. at TechTalk.SpecRun.Framework.TestThread.UnpackTestThreadExecutorInfoResult(IResult`1 testThreadExecutorInfoResult) at TechTalk.SpecRun.Framework.TestThread.InitializeTestThreadExecutor(IAssemblyReference testAssembly, ExecutionModelSettings executionModelSettings, String testTarget) at TechTalk.SpecRun.Framework.TestThread.GetThreadExecutor(IAssemblyReference testAssembly, ExecutionModelSettings executionModelSettings, String testTarget) at TechTalk.SpecRun.Framework.TestThread.GetThreadExecutorForTestItem(TestItem testItem) at TechTalk.SpecRun.Framework.TestThread.RunNonEmptyTestSuite(CancellationToken cancellationToken, TestThreadState testThreadState) at TechTalk.SpecRun.Framework.TestThread.Run(ITestExecutionManager executionManagerForRun, CancellationToken cancellationToken) at TechTalk.SpecRun.Framework.AsyncTestThreadRunner.RunSync(TestExecutionManager executionManager, CancellationToken cancellationToken) --- End of inner exception stack trace ---

**Default.srprofile**

<?xml version="1.0" encoding="utf-8"?>
<TestProfile xmlns="http://www.specflow.org/schemas/plus/TestProfile/1.5">
  <Settings projectName="WebShopTestAutomation" />
  <Execution  testThreadCount="3" retryCount="0" stopAfterFailures="0"/>
  <!-- For collecting by a SpecRun server update and enable the following element. For using the 
      collected statistics, set testSchedulingMode="Adaptive" attribute on the <Execution> element. 
    -->
 
  <Server serverUrl="http://specrunserver:6365" publishResults="true"/>

  <Environment testThreadIsolation="SharedAppDomain" />

  <TestAssemblyPaths>
    <TestAssemblyPath>WebShopTestAutomation.dll</TestAssemblyPath>
  </TestAssemblyPaths>
  <Targets>

    <Target name="Desktop_Edge">
      <Filter>Desktop_Edge</Filter>
      <DeploymentTransformationSteps>
        <EnvironmentVariable variable="Test_Browser" value="Desktop_Edge" />
      </DeploymentTransformationSteps>
    </Target>
      
  </Targets>
  
</TestProfile>

I am not sure issue is on Specflow+ side or MicrosoftWebDriver for version 18. As I use the same Specflow framework for running tests in parallel for Chrome,Firefox and IE and it runs really fine. It's the Edge18 I am trying now.

Please help.
<!-- PLEASE GIVE YOUR ISSUE A SENSIBLE NAME. This makes it easier to identify issues at a glance -->


<!-- PLEASE CHECK THE OPTIONS THAT APPLY TO YOU BY ADDING AN 'x' TO THE CORRESPONDING CHECKBOX ('[ ]') -->
### SpecFlow Version:
- [x ] 3.1
- [ ] 3.0
- [ ] 2.4
- [ ] 2.3
- [ ]	2.2
- [ ]	2.1
- [ ]	2.0
- [ ]	1.9
 
### Used Test Runner 
- [x ] SpecFlow+Runner
- [ ]	MSTest 
- [ ]	NUnit
- [ ]	Xunit

<!-- PLEASE INCLUDE THE VERSION NUMBER OF YOUR TEST RUNNER -->
Version number:

### Project Format of the SpecFlow project
- [x ] Classic project format using `packages.config`
- [ ] Classic project format using `<PackageReference>` tags
- [ ] Sdk-style project format

### .feature.cs files are generated using
- [x ] `SpecFlow.Tools.MsBuild.Generation` NuGet package
- [ ] `SpecFlowSingleFileGenerator` custom tool

### Visual Studio Version
- [ ] VS 2019
- [x]	VS 2017
- [ ]	VS 2015

### `Enable SpecFlowSingleFileGenerator Custom Tool` option in Visual Studio extension settings
- [ ] Enabled
- [X ] Disabled

### Are the latest Visual Studio updates installed?
- [x ]	Yes
- [ ]	No, I use Visual Studio version `<Major>.<Minor>.<Patch>` <!-- e.g. 16.1.0 -->
 
### .NET Framework:
- [x ]	>= .NET 4.5
- [ ]	before .NET 4.5
- [ ] .NET Core 2.0
- [ ] .NET Core 2.1
- [ ] .NET Core 2.2
- [ ] .NET Core 3.0

### Test Execution Method:
- [ ]	Visual Studio Test Explorer
- [ ]	TFS/VSTS/Azure DevOps – Task – PLEASE SPECIFY THE NAME OF THE TASK
- [x ]	Command line – D:\05NovRepo\PE\bin\Debug\SpecFlowPlusRunner\net45\SpecRun.exe run D:\05NovRepo\PE\bin\Debug\PE.dll /basefolder:D:\05NovRepo\PE /filter:testpath:Feature:Preconditions_DeleteData.feature
 
### &lt;SpecFlow> Section in app.config or content of specflow.json
<!-- PLEASE COPY THE ENTIRE <SpecFlow> SECTION IN YOUR .config FILE or THE ENTRIE specflow.json AND PASTE IT BETWEEN THE TWO CODE MARKERS (```) BELOW -->
```

```

### Repro Project
<!-- PLEASE INCLUDE A LINK TO A PROJECT THAT DEMONSTRATES THE ISSUE YOU ARE REPORTING, IF POSSIBLE 
For information on how to include a useful repro, refer to https://stackoverflow.com/help/mcve
-->

### Issue Description
<!-- PLEASE PROVIDE AS MUCH INFORMATION AS POSSIBLE ON THE ISSUE -->

### Steps to Reproduce
<!-- PLEASE DESCRIBE THE STEPS REQUIRED TO REPRODUCE THIS ISSUE, IF POSSIBLE -->

<!-- PLEASE GIVE YOUR ISSUE A SENSIBLE NAME. This makes it easier to identify issues at a glance -->
When running the tests in Azure Pipeline, all tests are skipped and the log returns "Executor TCP server not started in executor process"

<!-- PLEASE CHECK THE OPTIONS THAT APPLY TO YOU BY ADDING AN 'x' TO THE CORRESPONDING CHECKBOX ('[ ]') -->
### SpecFlow Version:
- [X] 3.1
- [ ] 3.0
- [ ] 2.4
- [ ] 2.3
- [ ]	2.2
- [ ]	2.1
- [ ]	2.0
- [ ]	1.9
 
### Used Test Runner 
- [X] SpecFlow+Runner
- [ ]	MSTest 
- [ ]	NUnit
- [ ]	Xunit

<!-- PLEASE INCLUDE THE VERSION NUMBER OF YOUR TEST RUNNER -->
Version number:

### Project Format of the SpecFlow project
- [ ] Classic project format using `packages.config`
- [ ] Classic project format using `<PackageReference>` tags
- [ ] Sdk-style project format

### .feature.cs files are generated using
- [X] `SpecFlow.Tools.MsBuild.Generation` NuGet package
- [ ] `SpecFlowSingleFileGenerator` custom tool

### Visual Studio Version
- [X] VS 2019
- [ ]	VS 2017
- [ ]	VS 2015

### `Enable SpecFlowSingleFileGenerator Custom Tool` option in Visual Studio extension settings
- [ ] Enabled
- [ ] Disabled

### Are the latest Visual Studio updates installed?
- [X]	Yes
- [ ]	No, I use Visual Studio version `<Major>.<Minor>.<Patch>` <!-- e.g. 16.1.0 -->
 
### .NET Framework:
- [ ]	>= .NET 4.5
- [ ]	before .NET 4.5
- [ ] .NET Core 2.0
- [ ] .NET Core 2.1
- [ ] .NET Core 2.2
- [ ] .NET Core 3.0
- [X] .NET Core 3.1

### Test Execution Method:
- [ ]	Visual Studio Test Explorer
- [X]	TFS/VSTS/Azure DevOps – Task – PLEASE SPECIFY THE NAME OF THE TASK
- [ ]	Command line – PLEASE SPECIFY THE FULL COMMAND LINE
 
### &lt;SpecFlow> Section in app.config or content of specflow.json
<!-- PLEASE COPY THE ENTIRE <SpecFlow> SECTION IN YOUR .config FILE or THE ENTRIE specflow.json AND PASTE IT BETWEEN THE TWO CODE MARKERS (```) BELOW -->
```
{
  "bindingCulture":
  {
    "language": "en-us"
  },
  "language":
  {
    "feature": "en-us"
  },
  "plugins": []
}
```

### Repro Project
<!-- PLEASE INCLUDE A LINK TO A PROJECT THAT DEMONSTRATES THE ISSUE YOU ARE REPORTING, IF POSSIBLE 
For information on how to include a useful repro, refer to https://stackoverflow.com/help/mcve
-->

### Issue Description
<!-- PLEASE PROVIDE AS MUCH INFORMATION AS POSSIBLE ON THE ISSUE -->
_2020-01-13T16:28:07.8088596-05:00:Executor with PID 20280 has been started successfully.
2020-01-13T16:28:07.8118770-05:00:Out of Process Executor 20280 started
2020-01-13T16:28:07.8118939-05:00:Waiting for endpoint
2020-01-13T16:28:12.8242934-05:00:OutOfProcessExecutor StdOut: 
2020-01-13T16:28:17.8279674-05:00:System.Exception: Executor TCP server not started in executor process
   at TechTalk.SpecRun.Framework.Execution.OutOfProc.StreamJsonRPC.OutOfProcessTestAssemblyExecutorHost.<>c__DisplayClass9_0.<Initialize>b__0(Int32 attempt)
   at TechTalk.SpecRun.Framework.Execution.OutOfProc.StreamJsonRPC.OutOfProcessTestAssemblyExecutorHost.WaitForEndpoint(ITestExecutionManager executionManager, Process process, Action`1 action)
2020-01-13T16:28:17.8282325-05:00:System.Exception: Executor TCP server not started in executor process
   at TechTalk.SpecRun.Framework.Execution.OutOfProc.StreamJsonRPC.OutOfProcessTestAssemblyExecutorHost.<>c__DisplayClass9_0.<Initialize>b__0(Int32 attempt)
   at TechTalk.SpecRun.Framework.Execution.OutOfProc.StreamJsonRPC.OutOfProcessTestAssemblyExecutorHost.WaitForEndpoint(ITestExecutionManager executionManager, Process process, Action`1 action)
   at TechTalk.SpecRun.Framework.Execution.OutOfProc.StreamJsonRPC.OutOfProcessTestAssemblyExecutorHost.Initialize(Int32 threadId, ITestExecutionManager executionManager, IAssemblyReference testAssembly, ITestLogger currentLogger, String testAssemblyFullPath, String testAssemblyConfigFilePath, TestExecutionConfiguration testExecutionConfiguration, String target)
2020-01-13T16:28:17.8320920-05:00:Assembly resolving System.Diagnostics.Process.resources, Version=4.2.2.0, Culture=en-US, PublicKeyToken=b03f5f7f11d50a3a_

![image](https://user-images.githubusercontent.com/15381009/72382266-e4f71f00-36e6-11ea-959f-8662f3a3973a.png)

### Steps to Reproduce
<!-- PLEASE DESCRIBE THE STEPS REQUIRED TO REPRODUCE THIS ISSUE, IF POSSIBLE -->

hi! let's take an example:


public enum EnumValues
{
    Value1,
    Value2
}

[Given(@"I'm calling this step with this parameter here (.*)")]
        public void MyStep(EnumValues value)
        {
        }

i would like in feature file that intellisense:
- first show step list, as it does now
- shows list of EnumValues values when the cursor is at the EnumValues parameter location, if i choose MyStep

thanks


<!-- PLEASE GIVE YOUR ISSUE A SENSIBLE NAME. This makes it easier to identify issues at a glance -->


<!-- PLEASE CHECK THE OPTIONS THAT APPLY TO YOU BY ADDING AN 'x' TO THE CORRESPONDING CHECKBOX ('[ ]') -->
### SpecFlow Version:
- [x] 3.1
- [ ] 3.0
- [ ] 2.4
- [ ] 2.3
- [ ]	2.2
- [ ]	2.1
- [ ]	2.0
- [ ]	1.9
 
### Used Test Runner 
- [x] SpecFlow+Runner
- [ ]	MSTest 
- [ ]	NUnit
- [ ]	Xunit

<!-- PLEASE INCLUDE THE VERSION NUMBER OF YOUR TEST RUNNER -->
Version number: Latest (SpecRun.SpecFlow Version="3.1.41")

### Project Format of the SpecFlow project
- [ ] Classic project format using `packages.config`
- [ ] Classic project format using `<PackageReference>` tags
- [x] Sdk-style project format

### .feature.cs files are generated using
- [x] `SpecFlow.Tools.MsBuild.Generation` NuGet package
- [ ] `SpecFlowSingleFileGenerator` custom tool

### Visual Studio Version
- [x] VS 2019
- [ ]	VS 2017
- [ ]	VS 2015

### `Enable SpecFlowSingleFileGenerator Custom Tool` option in Visual Studio extension settings
- [ ] Enabled
- [x] Disabled

### Are the latest Visual Studio updates installed?
- [x]	Yes
- [ ]	No, I use Visual Studio version `<Major>.<Minor>.<Patch>` <!-- e.g. 16.1.0 -->
 
### .NET Framework:
- [ ]	>= .NET 4.5
- [ ]	before .NET 4.5
- [ ] .NET Core 2.0
- [ ] .NET Core 2.1
- [ ] .NET Core 2.2
- [ ] .NET Core 3.0
- [x] .NET Core 3.1

### Test Execution Method:
- [x]	Visual Studio Test Explorer
- [ ]	TFS/VSTS/Azure DevOps – Task – PLEASE SPECIFY THE NAME OF THE TASK
- [ ]	Command line – PLEASE SPECIFY THE FULL COMMAND LINE
 
### Repro Project
https://github.com/BasHamer/Specflow.And.System.Data.SqlClient/tree/master

### Issue Description
 System.PlatformNotSupportedException: System.Data.SqlClient is not supported on this platform.
I know this looks like a repeat but it looks like it is back. No DB needed to test this as it won't even get that far. 
There is a console app to see the error you should be getting.


### Steps to Reproduce
`SqlConnection connection = new SqlConnection("bob");`

No idea how this is happening after reading 
https://github.com/techtalk/SpecFlow/issues/1592

as it looks identical but reproduced it on multiple (3+) machines.
### SpecFlow Version:
- [x] 3.1.74
- [ ] 3.0
- [ ] 2.4
- [ ] 2.3
- [ ]	2.2
- [ ]	2.1
- [ ]	2.0
- [ ]	1.9
 
### Used Test Runner 
- [ ] SpecFlow+Runner
- [x]	MSTest 
- [ ]	NUnit
- [ ]	Xunit

Version number: 3.1.74

### Project Format of the SpecFlow project
- [ ] Classic project format using `packages.config`
- [ ] Classic project format using `<PackageReference>` tags
- [x] Sdk-style project format

### .feature.cs files are generated using
- [x] `SpecFlow.Tools.MsBuild.Generation` NuGet package
- [ ] `SpecFlowSingleFileGenerator` custom tool

### Visual Studio Version
- [x] VS 2019
- [ ]	VS 2017
- [ ]	VS 2015

### `Enable SpecFlowSingleFileGenerator Custom Tool` option in Visual Studio extension settings
- [ ] Enabled
- [x] Disabled

### Are the latest Visual Studio updates installed?
- [x]	Yes
- [ ]	No, I use Visual Studio version `<Major>.<Minor>.<Patch>` <!-- e.g. 16.1.0 -->
 
### .NET Framework:
- [x]	>= .NET 4.5
- [ ]	before .NET 4.5
- [ ] .NET Core 2.0
- [x] .NET Core 2.1
- [ ] .NET Core 2.2
- [ ] .NET Core 3.0

### Test Execution Method:
- [x]	Visual Studio Test Explorer
- [ ]	TFS/VSTS/Azure DevOps – Task – PLEASE SPECIFY THE NAME OF THE TASK
- [ ]	Command line – PLEASE SPECIFY THE FULL COMMAND LINE
 
### &lt;SpecFlow> Section in app.config or content of specflow.json
```
{
  "language": {
    "feature": "en-US"
  },
  "trace": {
    "traceSuccessfulSteps": false
  }
}
```

### Issue Description
Our projects have installed the "Microsoft.CodeAnalysis.FxCopAnalyzers" Version="2.9.8". This includes the analyzer Microsoft.CodeQuality.Analyzers with the rule CA1052 "Static holder types should be Static or NotInheritable". 
From Specflow version 3.1.67 to 3.1.74 the MSTest.AssemblyHooks.cs has changed and now violates this rule because the file is copied into the obj folder during compilation and gets analyzed while compiling.
For our release builds we have the flag TreatWarningsAsErrors = true, so we are not able to compile without errors anymore because of this specflow issue.

### Steps to Reproduce
- Create a test project (netcoreapp2.1 or net472)
- Set ```<TreatWarningsAsErrors>true</TreatWarningsAsErrors>``` in csproj
- add nuget packages: SpecFlow, SpecFlow.MsTest, SpecFlow.Tools.MsBuild.Generation version 3.1.74
- add nuget package: Microsoft.CodeAnalysis.FxCopAnalyzers version 2.9.8
- compile
- you should see an error like this:
obj\Release\net472\MSTest.AssemblyHooks.cs(6,14): error CA1052: Type 'MyProject_MSTestAssemblyHooks' is
 a static holder type but is neither static nor NotInheritable [C:\MyProject\MyProject.csproj]

Please fix the MSTest.AssemblyHooks.cs file that it does not violates against any FxCop rules.

### SpecFlow Version:
- [ ] 3.1
- [x] 3.0
- [ ] 2.4
- [ ] 2.3
- [ ]	2.2
- [ ]	2.1
- [ ]	2.0
- [ ]	1.9
 
### Used Test Runner 
- [x] SpecFlow+Runner
- [ ]	MSTest 
- [ ]	NUnit
- [ ]	Xunit

<!-- PLEASE INCLUDE THE VERSION NUMBER OF YOUR TEST RUNNER -->
Version number: 3.0.377

### Project Format of the SpecFlow project
- [x] Classic project format using `packages.config`
- [ ] Classic project format using `<PackageReference>` tags
- [ ] Sdk-style project format

### .feature.cs files are generated using
- [x] `SpecFlow.Tools.MsBuild.Generation` NuGet package
- [ ] `SpecFlowSingleFileGenerator` custom tool

### Visual Studio Version
- [x] VS 2019
- [ ]	VS 2017
- [ ]	VS 2015

 
### .NET Framework:
- [x]	>= .NET 4.5
- [ ]	before .NET 4.5
- [ ] .NET Core 2.0
- [ ] .NET Core 2.1
- [ ] .NET Core 2.2
- [ ] .NET Core 3.0

@SabotageAndi :

This is the issue I am having, please correct me if I am wrong. So when I check the failures I can see this as Outcome:
**************************************************
Given I get userInformation
-> done: UserSteps.GivenIGetUserInformation() (32.1s)

When I select User bonus
-> OpenQA.Selenium.StaleElementReferenceException: stale element reference: element is not attached to the page document
->   (Session info: chrome=70.0.3538.77)
->   (Driver info: chromedriver=2.43.600233 (523efee95e3d68b8719b3a1c83051aa63aa6b10d),platform=Linux 3.10.0-957.5.1.el7.x86_64 x86_64)
->    at OpenQA.Selenium.Remote.RemoteWebDriver.UnpackAndThrowOnError(Response errorResponse)
->    at OpenQA.Selenium.Remote.RemoteWebDriver.Execute(String driverCommandToExecute, Dictionary`2 parameters)
->    at OpenQA.Selenium.Remote.RemoteWebElement.Execute(String commandToExecute, Dictionary`2 parameters)
->    at OpenQA.Selenium.Remote.RemoteWebElement.get_Location()
->    at Microsoft.Dynamics365.UIAutomation.Browser.InteractiveBrowser.EventDriver_ElementClicked(Object sender, WebElementEventArgs e)
->    at OpenQA.Selenium.Support.Events.EventFiringWebDriver.OnElementClicked(WebElementEventArgs e)
->    at OpenQA.Selenium.Support.Events.EventFiringWebDriver.EventFiringWebElement.Click()
->    at MercuryCRMAutomation.Utils.WebElementExtensions.TryCatchElement(IWebElement element) in D:\Agent\_work\588\s\MercuryCRMAutomation\Utils\WebElementExtensions.cs:line 34done: GoodwillBonusSteps.WhenISelectGWBBonus() (12.8s)

And I fill the bonus information and submit
-> done: UserSteps.WhenIFillTheUserBonusInformationAndSubmit() (9.5s)

Then I can see Live Player Data content update
-> done: UserSteps.ThenICanSeeLivePlayerDataContentUpdate() (20.7s)
 **************************************
The test is marked as failed, and on the screen I can see it goes through all the steps.

The try catch block is just to try avoiding the StaleElement on that page that gets refreshed.
                try
                {
                    element.Click();
                }
                catch (Exception e)
                {
                    Console.Write(e);
                }


Please, if I am wrong, just let me know and close the ticket.

Thanks a lot!
SpecFlow.Tools.MSBuild.Generation is not compatible with VS 2015

### SpecFlow Version:
- [ ] 3.1
- [ ] 3.0
- [X] 2.4
- [ ] 2.3
- [ ]	2.2
- [ ]	2.1
- [ ]	2.0
- [ ]	1.9
 
### Used Test Runner 
- [ ] SpecFlow+Runner
- [X]	MSTest 
- [ ]	NUnit
- [ ]	Xunit

<!-- PLEASE INCLUDE THE VERSION NUMBER OF YOUR TEST RUNNER -->
Version number:

### Project Format of the SpecFlow project
- [X] Classic project format using `packages.config`
- [ ] Classic project format using `<PackageReference>` tags
- [ ] Sdk-style project format

### .feature.cs files are generated using SpecBindGenerator Plugin
- [ ] `SpecFlow.Tools.MsBuild.Generation` NuGet package
- [ ] `SpecFlowSingleFileGenerator` custom tool

### Visual Studio Version
- [ ] VS 2019
- [ ]	VS 2017
- [X]	VS 2015

### `Enable SpecFlowSingleFileGenerator Custom Tool` option in Visual Studio extension settings
- [X] Enabled
- [ ] Disabled

### Are the latest Visual Studio updates installed?
- [ ]	Yes
- [ ]	No, I use Visual Studio version `<Major>.<Minor>.<Patch>` <!-- e.g. 16.1.0 -->
 
### .NET Framework:
- [X]	>= .NET 4.5
- [ ]	before .NET 4.5
- [ ] .NET Core 2.0
- [ ] .NET Core 2.1
- [ ] .NET Core 2.2
- [ ] .NET Core 3.0

### Test Execution Method:
- [X]	Visual Studio Test Explorer
- [ ]	TFS/VSTS/Azure DevOps – Task – PLEASE SPECIFY THE NAME OF THE TASK
- [ ]	Command line – PLEASE SPECIFY THE FULL COMMAND LINE
 
### &lt;SpecFlow> Section in app.config or content of specflow.json
 <specFlow>
    <runtime stopAtFirstError="false" missingOrPendingStepsOutcome="Inconclusive"/>
  <plugins>
  <add name="SpecBindGeneratorPlugin" type="Generator"/>
  </plugins>
  <unitTestProvider name="MsTest"/>
</specFlow>

### Issue Description
SpecFlow.Tools.MSBuild.Generation is not compatible with VS 2015 with ToolsVersion 14.0. Throws the Error - The default XML namespace of the project must be the MSBuild XML namespace. If the project is authored in the MSBuild 2003 format, please add xmlns="http://schemas.microsoft.com/developer/msbuild/2003" to the <Project> element. If the project has been authored in the old 1.0 or 1.2 format, please convert it to MSBuild 2003 format.  	
Nuget Package Installation is failing

Hello, I have find it quite limited that we can use IValueRetrievers to read table data, but not in steps arguments (https://specflow.org/documentation/Step-Argument-Conversions/).

I have studied code a little and am ready to implement a support for IValueRetrievers in steps arguments. Should I start with it or do you have any other plans about it?
<!-- PLEASE GIVE YOUR ISSUE A SENSIBLE NAME. This makes it easier to identify issues at a glance -->


<!-- PLEASE CHECK THE OPTIONS THAT APPLY TO YOU BY ADDING AN 'x' TO THE CORRESPONDING CHECKBOX ('[ ]') -->
### SpecFlow Version:
- [x] 3.1
- [ ] 3.0
- [ ] 2.4
- [ ] 2.3
- [ ]	2.2
- [ ]	2.1
- [ ]	2.0
- [ ]	1.9
 
### Used Test Runner 
- [ ] SpecFlow+Runner
- [x]	MSTest 
- [ ]	NUnit
- [ ]	Xunit

<!-- PLEASE INCLUDE THE VERSION NUMBER OF YOUR TEST RUNNER -->
Version number:

### Project Format of the SpecFlow project
- [ ] Classic project format using `packages.config`
- [ ] Classic project format using `<PackageReference>` tags
- [x] Sdk-style project format

### .feature.cs files are generated using
- [x] `SpecFlow.Tools.MsBuild.Generation` NuGet package
- [ ] `SpecFlowSingleFileGenerator` custom tool

### Visual Studio Version
- [x] VS 2019
- [ ]	VS 2017
- [ ]	VS 2015

### `Enable SpecFlowSingleFileGenerator Custom Tool` option in Visual Studio extension settings
- [x] Enabled
- [ ] Disabled

### Are the latest Visual Studio updates installed?
- [x]	Yes
- [ ]	No, I use Visual Studio version `<Major>.<Minor>.<Patch>` <!-- e.g. 16.1.0 -->
 
### .NET Framework:
- [ ]	>= .NET 4.5
- [ ]	before .NET 4.5
- [ ] .NET Core 2.0
- [x] .NET Core 2.1
- [ ] .NET Core 2.2
- [ ] .NET Core 3.0

### Test Execution Method:
- [x]	Visual Studio Test Explorer
- [ ]	TFS/VSTS/Azure DevOps – Task – PLEASE SPECIFY THE NAME OF THE TASK
- [ ]	Command line – PLEASE SPECIFY THE FULL COMMAND LINE
 
### &lt;SpecFlow> Section in app.config or content of specflow.json
<!-- PLEASE COPY THE ENTIRE <SpecFlow> SECTION IN YOUR .config FILE or THE ENTRIE specflow.json AND PASTE IT BETWEEN THE TWO CODE MARKERS (```) BELOW -->
```
{
    "bindingCulture":
    {
        "language" :"en-us"
    },
    "language":
    {
        "feature": "en-us"
    }
}

```

### Repro Project
<!-- PLEASE INCLUDE A LINK TO A PROJECT THAT DEMONSTRATES THE ISSUE YOU ARE REPORTING, IF POSSIBLE 
For information on how to include a useful repro, refer to https://stackoverflow.com/help/mcve
-->

### Issue Description
<!-- PLEASE PROVIDE AS MUCH INFORMATION AS POSSIBLE ON THE ISSUE -->
1. I've 2 projects in my solution. One is a framework project having helper files and another with Specflow scenarios.
2. When trying to execute scenarios, hooks are ignored e.g. 'BeforeScenario'. This does not initialize the driver and other parameters.

Step Definition File
{
    [Binding]
    public class SignInSteps : UIFramework
    {
        private readonly ScenarioContext context;

        static IWebDriver wbedriver;
        public SignInSteps(ScenarioContext injectedContext)
        {
            context = injectedContext;
            UIController.Instance.Driver = wbedriver;
        }
               
        [Given(@"user is Navigated to URL")]
        public void GivenUserIsNavigatedToURL()
        {
            UIActions.NavigateToUrl();
        }

    }
}


Hooks File:
{
    [Binding]
    [TestClass]
    public class Hooks
    {
        private IWebDriver driver;
        private readonly IObjectContainer _objectContainer;

       public Hooks(IObjectContainer objectContainer)
        {
            this._objectContainer = objectContainer;
        }

      [BeforeScenario("Chrome")]
        public void InitializeChromeDriver()
        {
            ConfigureChromeSetup();
            _objectContainer.RegisterInstanceAs(driver);
        }
   
     [AfterScenario]
      public void AfterScenario()
        {
                var driver = _objectContainer.Resolve<IWebDriver>();
                driver.Quit();     }
        }
### Steps to Reproduce
<!-- PLEASE DESCRIBE THE STEPS REQUIRED TO REPRODUCE THIS ISSUE, IF POSSIBLE -->
